{"/Users/daringanitch/workspace/Enterprise-OSINT-Platform/frontend/src/App.tsx": {"path":"/Users/daringanitch/workspace/Enterprise-OSINT-Platform/frontend/src/App.tsx","statementMap":{"0":{"start":{"line":31,"column":20},"end":{"line":39,"column":2}},"1":{"start":{"line":42,"column":24},"end":{"line":42,"column":33}},"2":{"start":{"line":44,"column":2},"end":{"line":46,"column":3}},"3":{"start":{"line":45,"column":4},"end":{"line":45,"column":29}},"4":{"start":{"line":48,"column":2},"end":{"line":97,"column":4}}},"fnMap":{"0":{"name":"App","decl":{"start":{"line":41,"column":9},"end":{"line":41,"column":12}},"loc":{"start":{"line":41,"column":15},"end":{"line":98,"column":1}},"line":41}},"branchMap":{"0":{"loc":{"start":{"line":44,"column":2},"end":{"line":46,"column":3}},"type":"if","locations":[{"start":{"line":44,"column":2},"end":{"line":46,"column":3}},{"start":{},"end":{}}],"line":44}},"s":{"0":0,"1":0,"2":0,"3":0,"4":0},"f":{"0":0},"b":{"0":[0,0]}}
,"/Users/daringanitch/workspace/Enterprise-OSINT-Platform/frontend/src/components/a11y/ErrorBoundary.tsx": {"path":"/Users/daringanitch/workspace/Enterprise-OSINT-Platform/frontend/src/components/a11y/ErrorBoundary.tsx","statementMap":{"0":{"start":{"line":35,"column":23},"end":{"line":46,"column":2}},"1":{"start":{"line":48,"column":18},"end":{"line":52,"column":2}},"2":{"start":{"line":54,"column":19},"end":{"line":59,"column":2}},"3":{"start":{"line":61,"column":21},"end":{"line":66,"column":2}},"4":{"start":{"line":68,"column":21},"end":{"line":78,"column":2}},"5":{"start":{"line":80,"column":19},"end":{"line":87,"column":2}},"6":{"start":{"line":89,"column":20},"end":{"line":95,"column":2}},"7":{"start":{"line":99,"column":4},"end":{"line":99,"column":17}},"8":{"start":{"line":100,"column":4},"end":{"line":104,"column":6}},"9":{"start":{"line":108,"column":4},"end":{"line":108,"column":37}},"10":{"start":{"line":112,"column":4},"end":{"line":112,"column":33}},"11":{"start":{"line":115,"column":4},"end":{"line":117,"column":5}},"12":{"start":{"line":116,"column":6},"end":{"line":116,"column":72}},"13":{"start":{"line":120,"column":4},"end":{"line":120,"column":43}},"14":{"start":{"line":123,"column":16},"end":{"line":129,"column":3}},"15":{"start":{"line":124,"column":4},"end":{"line":128,"column":7}},"16":{"start":{"line":132,"column":43},"end":{"line":132,"column":53}},"17":{"start":{"line":139,"column":8},"end":{"line":139,"column":18}},"18":{"start":{"line":141,"column":4},"end":{"line":185,"column":5}},"19":{"start":{"line":143,"column":6},"end":{"line":145,"column":7}},"20":{"start":{"line":144,"column":8},"end":{"line":144,"column":24}},"21":{"start":{"line":148,"column":6},"end":{"line":184,"column":8}},"22":{"start":{"line":187,"column":4},"end":{"line":187,"column":20}},"23":{"start":{"line":198,"column":41},"end":{"line":202,"column":3}},"24":{"start":{"line":199,"column":4},"end":{"line":201,"column":20}},"25":{"start":{"line":204,"column":2},"end":{"line":206,"column":6}},"26":{"start":{"line":208,"column":2},"end":{"line":208,"column":27}}},"fnMap":{"0":{"name":"(anonymous_0)","decl":{"start":{"line":98,"column":2},"end":{"line":98,"column":3}},"loc":{"start":{"line":98,"column":41},"end":{"line":105,"column":3}},"line":98},"1":{"name":"(anonymous_1)","decl":{"start":{"line":107,"column":2},"end":{"line":107,"column":3}},"loc":{"start":{"line":107,"column":77},"end":{"line":109,"column":3}},"line":107},"2":{"name":"(anonymous_2)","decl":{"start":{"line":111,"column":2},"end":{"line":111,"column":3}},"loc":{"start":{"line":111,"column":56},"end":{"line":121,"column":3}},"line":111},"3":{"name":"(anonymous_3)","decl":{"start":{"line":123,"column":16},"end":{"line":123,"column":17}},"loc":{"start":{"line":123,"column":22},"end":{"line":129,"column":3}},"line":123},"4":{"name":"(anonymous_4)","decl":{"start":{"line":131,"column":2},"end":{"line":131,"column":3}},"loc":{"start":{"line":131,"column":11},"end":{"line":188,"column":3}},"line":131},"5":{"name":"withErrorBoundary","decl":{"start":{"line":194,"column":16},"end":{"line":194,"column":33}},"loc":{"start":{"line":197,"column":2},"end":{"line":209,"column":1}},"line":197},"6":{"name":"(anonymous_6)","decl":{"start":{"line":198,"column":41},"end":{"line":198,"column":42}},"loc":{"start":{"line":199,"column":4},"end":{"line":201,"column":20}},"line":199}},"branchMap":{"0":{"loc":{"start":{"line":115,"column":4},"end":{"line":117,"column":5}},"type":"if","locations":[{"start":{"line":115,"column":4},"end":{"line":117,"column":5}},{"start":{},"end":{}}],"line":115},"1":{"loc":{"start":{"line":136,"column":6},"end":{"line":136,"column":58}},"type":"default-arg","locations":[{"start":{"line":136,"column":20},"end":{"line":136,"column":58}}],"line":136},"2":{"loc":{"start":{"line":137,"column":6},"end":{"line":137,"column":105}},"type":"default-arg","locations":[{"start":{"line":137,"column":21},"end":{"line":137,"column":105}}],"line":137},"3":{"loc":{"start":{"line":141,"column":4},"end":{"line":185,"column":5}},"type":"if","locations":[{"start":{"line":141,"column":4},"end":{"line":185,"column":5}},{"start":{},"end":{}}],"line":141},"4":{"loc":{"start":{"line":143,"column":6},"end":{"line":145,"column":7}},"type":"if","locations":[{"start":{"line":143,"column":6},"end":{"line":145,"column":7}},{"start":{},"end":{}}],"line":143},"5":{"loc":{"start":{"line":156,"column":25},"end":{"line":156,"column":63}},"type":"cond-expr","locations":[{"start":{"line":156,"column":34},"end":{"line":156,"column":51}},{"start":{"line":156,"column":54},"end":{"line":156,"column":63}}],"line":156},"6":{"loc":{"start":{"line":160,"column":11},"end":{"line":182,"column":11}},"type":"binary-expr","locations":[{"start":{"line":160,"column":11},"end":{"line":160,"column":22}},{"start":{"line":160,"column":26},"end":{"line":160,"column":31}},{"start":{"line":161,"column":12},"end":{"line":181,"column":27}}],"line":160},"7":{"loc":{"start":{"line":174,"column":17},"end":{"line":179,"column":17}},"type":"binary-expr","locations":[{"start":{"line":174,"column":17},"end":{"line":174,"column":42}},{"start":{"line":175,"column":18},"end":{"line":178,"column":21}}],"line":174},"8":{"loc":{"start":{"line":205,"column":4},"end":{"line":205,"column":72}},"type":"binary-expr","locations":[{"start":{"line":205,"column":4},"end":{"line":205,"column":32}},{"start":{"line":205,"column":36},"end":{"line":205,"column":57}},{"start":{"line":205,"column":61},"end":{"line":205,"column":72}}],"line":205}},"s":{"0":1,"1":1,"2":1,"3":1,"4":1,"5":1,"6":1,"7":16,"8":15,"9":14,"10":7,"11":7,"12":0,"13":7,"14":15,"15":1,"16":38,"17":38,"18":38,"19":21,"20":3,"21":18,"22":17,"23":0,"24":0,"25":0,"26":0},"f":{"0":16,"1":14,"2":7,"3":1,"4":38,"5":0,"6":0},"b":{"0":[0,7],"1":[38],"2":[33],"3":[21,17],"4":[3,18],"5":[12,6],"6":[18,0,0],"7":[0,0],"8":[0,0,0]},"_coverageSchema":"1a1c01bbd47fc00a2c39e90264f33305004495a9","hash":"adc3ebc2719107a7c6f7e4b3bfcebcaaee2ef55e"}
,"/Users/daringanitch/workspace/Enterprise-OSINT-Platform/frontend/src/components/a11y/FocusRing.tsx": {"path":"/Users/daringanitch/workspace/Enterprise-OSINT-Platform/frontend/src/components/a11y/FocusRing.tsx","statementMap":{"0":{"start":{"line":15,"column":37},"end":{"line":48,"column":1}},"1":{"start":{"line":16,"column":2},"end":{"line":47,"column":4}},"2":{"start":{"line":54,"column":44},"end":{"line":54,"column":59}},"3":{"start":{"line":56,"column":2},"end":{"line":74,"column":9}},"4":{"start":{"line":57,"column":26},"end":{"line":61,"column":5}},"5":{"start":{"line":58,"column":6},"end":{"line":60,"column":7}},"6":{"start":{"line":59,"column":8},"end":{"line":59,"column":31}},"7":{"start":{"line":63,"column":28},"end":{"line":65,"column":5}},"8":{"start":{"line":64,"column":6},"end":{"line":64,"column":30}},"9":{"start":{"line":67,"column":4},"end":{"line":67,"column":54}},"10":{"start":{"line":68,"column":4},"end":{"line":68,"column":58}},"11":{"start":{"line":70,"column":4},"end":{"line":73,"column":6}},"12":{"start":{"line":71,"column":6},"end":{"line":71,"column":59}},"13":{"start":{"line":72,"column":6},"end":{"line":72,"column":63}},"14":{"start":{"line":76,"column":2},"end":{"line":76,"column":23}},"15":{"start":{"line":96,"column":25},"end":{"line":128,"column":3}},"16":{"start":{"line":98,"column":4},"end":{"line":100,"column":5}},"17":{"start":{"line":108,"column":91},"end":{"line":128,"column":1}},"18":{"start":{"line":130,"column":51},"end":{"line":152,"column":1}},"19":{"start":{"line":138,"column":24},"end":{"line":138,"column":47}},"20":{"start":{"line":140,"column":2},"end":{"line":151,"column":4}},"21":{"start":{"line":168,"column":21},"end":{"line":196,"column":2}},"22":{"start":{"line":170,"column":4},"end":{"line":170,"column":90}},"23":{"start":{"line":177,"column":49},"end":{"line":182,"column":3}},"24":{"start":{"line":184,"column":2},"end":{"line":195,"column":4}},"25":{"start":{"line":198,"column":61},"end":{"line":213,"column":1}},"26":{"start":{"line":204,"column":2},"end":{"line":212,"column":4}}},"fnMap":{"0":{"name":"(anonymous_0)","decl":{"start":{"line":15,"column":37},"end":{"line":15,"column":38}},"loc":{"start":{"line":15,"column":43},"end":{"line":48,"column":1}},"line":15},"1":{"name":"useKeyboardNavigation","decl":{"start":{"line":53,"column":16},"end":{"line":53,"column":37}},"loc":{"start":{"line":53,"column":49},"end":{"line":77,"column":1}},"line":53},"2":{"name":"(anonymous_2)","decl":{"start":{"line":56,"column":12},"end":{"line":56,"column":13}},"loc":{"start":{"line":56,"column":18},"end":{"line":74,"column":3}},"line":56},"3":{"name":"(anonymous_3)","decl":{"start":{"line":57,"column":26},"end":{"line":57,"column":27}},"loc":{"start":{"line":57,"column":48},"end":{"line":61,"column":5}},"line":57},"4":{"name":"(anonymous_4)","decl":{"start":{"line":63,"column":28},"end":{"line":63,"column":29}},"loc":{"start":{"line":63,"column":34},"end":{"line":65,"column":5}},"line":63},"5":{"name":"(anonymous_5)","decl":{"start":{"line":70,"column":11},"end":{"line":70,"column":12}},"loc":{"start":{"line":70,"column":17},"end":{"line":73,"column":5}},"line":70},"6":{"name":"(anonymous_6)","decl":{"start":{"line":97,"column":21},"end":{"line":97,"column":22}},"loc":{"start":{"line":98,"column":4},"end":{"line":100,"column":5}},"line":98},"7":{"name":"(anonymous_7)","decl":{"start":{"line":108,"column":3},"end":{"line":108,"column":4}},"loc":{"start":{"line":108,"column":91},"end":{"line":128,"column":1}},"line":108},"8":{"name":"(anonymous_8)","decl":{"start":{"line":130,"column":51},"end":{"line":130,"column":52}},"loc":{"start":{"line":137,"column":6},"end":{"line":152,"column":1}},"line":137},"9":{"name":"(anonymous_9)","decl":{"start":{"line":169,"column":21},"end":{"line":169,"column":22}},"loc":{"start":{"line":170,"column":4},"end":{"line":170,"column":90}},"line":170},"10":{"name":"(anonymous_10)","decl":{"start":{"line":176,"column":3},"end":{"line":176,"column":4}},"loc":{"start":{"line":176,"column":63},"end":{"line":196,"column":1}},"line":176},"11":{"name":"(anonymous_11)","decl":{"start":{"line":198,"column":61},"end":{"line":198,"column":62}},"loc":{"start":{"line":203,"column":6},"end":{"line":213,"column":1}},"line":203}},"branchMap":{"0":{"loc":{"start":{"line":58,"column":6},"end":{"line":60,"column":7}},"type":"if","locations":[{"start":{"line":58,"column":6},"end":{"line":60,"column":7}},{"start":{},"end":{}}],"line":58},"1":{"loc":{"start":{"line":112,"column":8},"end":{"line":126,"column":10}},"type":"cond-expr","locations":[{"start":{"line":113,"column":8},"end":{"line":125,"column":9}},{"start":{"line":126,"column":8},"end":{"line":126,"column":10}}],"line":112},"2":{"loc":{"start":{"line":112,"column":8},"end":{"line":112,"column":35}},"type":"binary-expr","locations":[{"start":{"line":112,"column":8},"end":{"line":112,"column":18}},{"start":{"line":112,"column":22},"end":{"line":112,"column":35}}],"line":112},"3":{"loc":{"start":{"line":132,"column":2},"end":{"line":132,"column":42}},"type":"default-arg","locations":[{"start":{"line":132,"column":10},"end":{"line":132,"column":42}}],"line":132},"4":{"loc":{"start":{"line":133,"column":2},"end":{"line":133,"column":12}},"type":"default-arg","locations":[{"start":{"line":133,"column":11},"end":{"line":133,"column":12}}],"line":133},"5":{"loc":{"start":{"line":134,"column":2},"end":{"line":134,"column":11}},"type":"default-arg","locations":[{"start":{"line":134,"column":10},"end":{"line":134,"column":11}}],"line":134},"6":{"loc":{"start":{"line":135,"column":2},"end":{"line":135,"column":45}},"type":"default-arg","locations":[{"start":{"line":135,"column":17},"end":{"line":135,"column":45}}],"line":135},"7":{"loc":{"start":{"line":136,"column":2},"end":{"line":136,"column":20}},"type":"default-arg","locations":[{"start":{"line":136,"column":15},"end":{"line":136,"column":20}}],"line":136},"8":{"loc":{"start":{"line":190,"column":13},"end":{"line":190,"column":30}},"type":"cond-expr","locations":[{"start":{"line":190,"column":25},"end":{"line":190,"column":26}},{"start":{"line":190,"column":29},"end":{"line":190,"column":30}}],"line":190},"9":{"loc":{"start":{"line":200,"column":2},"end":{"line":200,"column":24}},"type":"default-arg","locations":[{"start":{"line":200,"column":13},"end":{"line":200,"column":24}}],"line":200},"10":{"loc":{"start":{"line":201,"column":2},"end":{"line":201,"column":42}},"type":"default-arg","locations":[{"start":{"line":201,"column":10},"end":{"line":201,"column":42}}],"line":201},"11":{"loc":{"start":{"line":202,"column":2},"end":{"line":202,"column":10}},"type":"default-arg","locations":[{"start":{"line":202,"column":9},"end":{"line":202,"column":10}}],"line":202}},"s":{"0":1,"1":0,"2":5,"3":5,"4":5,"5":0,"6":0,"7":5,"8":0,"9":5,"10":5,"11":5,"12":5,"13":5,"14":5,"15":1,"16":36,"17":5,"18":1,"19":5,"20":5,"21":1,"22":1,"23":0,"24":0,"25":1,"26":0},"f":{"0":0,"1":5,"2":5,"3":0,"4":0,"5":5,"6":36,"7":5,"8":5,"9":1,"10":0,"11":0},"b":{"0":[0,0],"1":[1,4],"2":[5,4],"3":[4],"4":[4],"5":[4],"6":[5],"7":[4],"8":[0,0],"9":[0],"10":[0],"11":[0]},"_coverageSchema":"1a1c01bbd47fc00a2c39e90264f33305004495a9","hash":"247f640240868a5004458a072b6ddb7fd7eff965"}
,"/Users/daringanitch/workspace/Enterprise-OSINT-Platform/frontend/src/components/a11y/SkipLinks.tsx": {"path":"/Users/daringanitch/workspace/Enterprise-OSINT-Platform/frontend/src/components/a11y/SkipLinks.tsx","statementMap":{"0":{"start":{"line":26,"column":33},"end":{"line":29,"column":1}},"1":{"start":{"line":31,"column":27},"end":{"line":36,"column":2}},"2":{"start":{"line":38,"column":23},"end":{"line":62,"column":2}},"3":{"start":{"line":64,"column":51},"end":{"line":97,"column":1}},"4":{"start":{"line":68,"column":22},"end":{"line":80,"column":3}},"5":{"start":{"line":69,"column":4},"end":{"line":69,"column":27}},"6":{"start":{"line":70,"column":19},"end":{"line":70,"column":52}},"7":{"start":{"line":72,"column":4},"end":{"line":79,"column":5}},"8":{"start":{"line":74,"column":6},"end":{"line":76,"column":7}},"9":{"start":{"line":75,"column":8},"end":{"line":75,"column":46}},"10":{"start":{"line":77,"column":6},"end":{"line":77,"column":21}},"11":{"start":{"line":78,"column":6},"end":{"line":78,"column":68}},"12":{"start":{"line":82,"column":2},"end":{"line":96,"column":4}},"13":{"start":{"line":85,"column":8},"end":{"line":93,"column":25}},"14":{"start":{"line":88,"column":26},"end":{"line":88,"column":55}}},"fnMap":{"0":{"name":"(anonymous_0)","decl":{"start":{"line":64,"column":51},"end":{"line":64,"column":52}},"loc":{"start":{"line":67,"column":6},"end":{"line":97,"column":1}},"line":67},"1":{"name":"(anonymous_1)","decl":{"start":{"line":68,"column":22},"end":{"line":68,"column":23}},"loc":{"start":{"line":68,"column":88},"end":{"line":80,"column":3}},"line":68},"2":{"name":"(anonymous_2)","decl":{"start":{"line":84,"column":17},"end":{"line":84,"column":18}},"loc":{"start":{"line":85,"column":8},"end":{"line":93,"column":25}},"line":85},"3":{"name":"(anonymous_3)","decl":{"start":{"line":88,"column":19},"end":{"line":88,"column":20}},"loc":{"start":{"line":88,"column":26},"end":{"line":88,"column":55}},"line":88}},"branchMap":{"0":{"loc":{"start":{"line":65,"column":2},"end":{"line":65,"column":22}},"type":"default-arg","locations":[{"start":{"line":65,"column":10},"end":{"line":65,"column":22}}],"line":65},"1":{"loc":{"start":{"line":72,"column":4},"end":{"line":79,"column":5}},"type":"if","locations":[{"start":{"line":72,"column":4},"end":{"line":79,"column":5}},{"start":{},"end":{}}],"line":72},"2":{"loc":{"start":{"line":74,"column":6},"end":{"line":76,"column":7}},"type":"if","locations":[{"start":{"line":74,"column":6},"end":{"line":76,"column":7}},{"start":{},"end":{}}],"line":74},"3":{"loc":{"start":{"line":90,"column":23},"end":{"line":90,"column":69}},"type":"cond-expr","locations":[{"start":{"line":90,"column":32},"end":{"line":90,"column":57}},{"start":{"line":90,"column":60},"end":{"line":90,"column":69}}],"line":90}},"s":{"0":1,"1":1,"2":1,"3":1,"4":6,"5":1,"6":1,"7":1,"8":1,"9":1,"10":1,"11":1,"12":6,"13":12,"14":1},"f":{"0":6,"1":1,"2":12,"3":1},"b":{"0":[5],"1":[1,0],"2":[1,0],"3":[4,8]},"_coverageSchema":"1a1c01bbd47fc00a2c39e90264f33305004495a9","hash":"be04bc9084e489b464b5bc2747eefb6f0b1d08f3"}
,"/Users/daringanitch/workspace/Enterprise-OSINT-Platform/frontend/src/components/a11y/VisuallyHidden.tsx": {"path":"/Users/daringanitch/workspace/Enterprise-OSINT-Platform/frontend/src/components/a11y/VisuallyHidden.tsx","statementMap":{"0":{"start":{"line":22,"column":24},"end":{"line":44,"column":2}},"1":{"start":{"line":22,"column":65},"end":{"line":44,"column":1}},"2":{"start":{"line":46,"column":61},"end":{"line":61,"column":1}},"3":{"start":{"line":52,"column":2},"end":{"line":60,"column":4}},"4":{"start":{"line":66,"column":22},"end":{"line":66,"column":36}}},"fnMap":{"0":{"name":"(anonymous_0)","decl":{"start":{"line":22,"column":24},"end":{"line":22,"column":25}},"loc":{"start":{"line":22,"column":65},"end":{"line":44,"column":1}},"line":22},"1":{"name":"(anonymous_1)","decl":{"start":{"line":46,"column":61},"end":{"line":46,"column":62}},"loc":{"start":{"line":51,"column":6},"end":{"line":61,"column":1}},"line":51}},"branchMap":{"0":{"loc":{"start":{"line":32,"column":6},"end":{"line":43,"column":3}},"type":"binary-expr","locations":[{"start":{"line":32,"column":6},"end":{"line":32,"column":15}},{"start":{"line":32,"column":19},"end":{"line":43,"column":3}}],"line":32},"1":{"loc":{"start":{"line":48,"column":6},"end":{"line":48,"column":24}},"type":"default-arg","locations":[{"start":{"line":48,"column":18},"end":{"line":48,"column":24}}],"line":48},"2":{"loc":{"start":{"line":49,"column":2},"end":{"line":49,"column":19}},"type":"default-arg","locations":[{"start":{"line":49,"column":14},"end":{"line":49,"column":19}}],"line":49}},"s":{"0":1,"1":6,"2":1,"3":6,"4":1},"f":{"0":6,"1":6},"b":{"0":[6,1],"1":[5],"2":[5]},"_coverageSchema":"1a1c01bbd47fc00a2c39e90264f33305004495a9","hash":"e176ebfc29b14518b9ca885b1ff75ac7f29fb272"}
,"/Users/daringanitch/workspace/Enterprise-OSINT-Platform/frontend/src/components/a11y/index.ts": {"path":"/Users/daringanitch/workspace/Enterprise-OSINT-Platform/frontend/src/components/a11y/index.ts","statementMap":{},"fnMap":{},"branchMap":{},"s":{},"f":{},"b":{},"_coverageSchema":"1a1c01bbd47fc00a2c39e90264f33305004495a9","hash":"5fea3468f741957b1bdee8dc86115654efb46085"}
,"/Users/daringanitch/workspace/Enterprise-OSINT-Platform/frontend/src/components/common/Button.tsx": {"path":"/Users/daringanitch/workspace/Enterprise-OSINT-Platform/frontend/src/components/common/Button.tsx","statementMap":{"0":{"start":{"line":37,"column":19},"end":{"line":53,"column":1}},"1":{"start":{"line":55,"column":22},"end":{"line":125,"column":1}},"2":{"start":{"line":127,"column":21},"end":{"line":150,"column":3}},"3":{"start":{"line":129,"column":4},"end":{"line":129,"column":72}},"4":{"start":{"line":134,"column":48},"end":{"line":150,"column":1}},"5":{"start":{"line":152,"column":23},"end":{"line":158,"column":2}},"6":{"start":{"line":160,"column":45},"end":{"line":189,"column":1}},"7":{"start":{"line":172,"column":2},"end":{"line":188,"column":4}}},"fnMap":{"0":{"name":"(anonymous_0)","decl":{"start":{"line":128,"column":21},"end":{"line":128,"column":22}},"loc":{"start":{"line":129,"column":4},"end":{"line":129,"column":72}},"line":129},"1":{"name":"(anonymous_1)","decl":{"start":{"line":134,"column":3},"end":{"line":134,"column":4}},"loc":{"start":{"line":134,"column":48},"end":{"line":150,"column":1}},"line":134},"2":{"name":"(anonymous_2)","decl":{"start":{"line":160,"column":45},"end":{"line":160,"column":46}},"loc":{"start":{"line":171,"column":6},"end":{"line":189,"column":1}},"line":171}},"branchMap":{"0":{"loc":{"start":{"line":142,"column":6},"end":{"line":145,"column":3}},"type":"binary-expr","locations":[{"start":{"line":142,"column":6},"end":{"line":142,"column":13}},{"start":{"line":142,"column":17},"end":{"line":145,"column":3}}],"line":142},"1":{"loc":{"start":{"line":161,"column":2},"end":{"line":161,"column":21}},"type":"default-arg","locations":[{"start":{"line":161,"column":12},"end":{"line":161,"column":21}}],"line":161},"2":{"loc":{"start":{"line":162,"column":2},"end":{"line":162,"column":13}},"type":"default-arg","locations":[{"start":{"line":162,"column":9},"end":{"line":162,"column":13}}],"line":162},"3":{"loc":{"start":{"line":163,"column":2},"end":{"line":163,"column":17}},"type":"default-arg","locations":[{"start":{"line":163,"column":12},"end":{"line":163,"column":17}}],"line":163},"4":{"loc":{"start":{"line":177,"column":16},"end":{"line":177,"column":35}},"type":"binary-expr","locations":[{"start":{"line":177,"column":16},"end":{"line":177,"column":24}},{"start":{"line":177,"column":28},"end":{"line":177,"column":35}}],"line":177},"5":{"loc":{"start":{"line":178,"column":17},"end":{"line":178,"column":49}},"type":"cond-expr","locations":[{"start":{"line":178,"column":28},"end":{"line":178,"column":37}},{"start":{"line":178,"column":40},"end":{"line":178,"column":49}}],"line":178},"6":{"loc":{"start":{"line":179,"column":15},"end":{"line":179,"column":45}},"type":"cond-expr","locations":[{"start":{"line":179,"column":26},"end":{"line":179,"column":33}},{"start":{"line":179,"column":36},"end":{"line":179,"column":45}}],"line":179},"7":{"loc":{"start":{"line":186,"column":7},"end":{"line":186,"column":62}},"type":"binary-expr","locations":[{"start":{"line":186,"column":7},"end":{"line":186,"column":14}},{"start":{"line":186,"column":18},"end":{"line":186,"column":62}}],"line":186}},"s":{"0":1,"1":1,"2":1,"3":214,"4":21,"5":1,"6":1,"7":21},"f":{"0":214,"1":21,"2":21},"b":{"0":[21,4],"1":[15],"2":[18],"3":[17],"4":[21,19],"5":[17,4],"6":[17,4],"7":[21,4]},"_coverageSchema":"1a1c01bbd47fc00a2c39e90264f33305004495a9","hash":"e3bd0ea328167103f3c67ce1504b03753d3c3347"}
,"/Users/daringanitch/workspace/Enterprise-OSINT-Platform/frontend/src/components/common/Card.tsx": {"path":"/Users/daringanitch/workspace/Enterprise-OSINT-Platform/frontend/src/components/common/Card.tsx","statementMap":{"0":{"start":{"line":59,"column":22},"end":{"line":64,"column":1}},"1":{"start":{"line":66,"column":22},"end":{"line":119,"column":1}},"2":{"start":{"line":121,"column":19},"end":{"line":158,"column":3}},"3":{"start":{"line":123,"column":4},"end":{"line":123,"column":88}},"4":{"start":{"line":129,"column":49},"end":{"line":158,"column":1}},"5":{"start":{"line":161,"column":19},"end":{"line":161,"column":37}},"6":{"start":{"line":163,"column":25},"end":{"line":177,"column":2}},"7":{"start":{"line":179,"column":26},"end":{"line":186,"column":3}},"8":{"start":{"line":180,"column":31},"end":{"line":180,"column":53}},"9":{"start":{"line":181,"column":59},"end":{"line":186,"column":1}},"10":{"start":{"line":188,"column":26},"end":{"line":192,"column":2}},"11":{"start":{"line":194,"column":41},"end":{"line":315,"column":1}},"12":{"start":{"line":211,"column":22},"end":{"line":211,"column":44}},"13":{"start":{"line":212,"column":25},"end":{"line":212,"column":67}},"14":{"start":{"line":215,"column":19},"end":{"line":215,"column":68}},"15":{"start":{"line":217,"column":2},"end":{"line":238,"column":3}},"16":{"start":{"line":218,"column":4},"end":{"line":237,"column":6}},"17":{"start":{"line":241,"column":4},"end":{"line":251,"column":7}},"18":{"start":{"line":255,"column":2},"end":{"line":288,"column":3}},"19":{"start":{"line":256,"column":4},"end":{"line":287,"column":6}},"20":{"start":{"line":267,"column":16},"end":{"line":270,"column":17}},"21":{"start":{"line":268,"column":18},"end":{"line":268,"column":37}},"22":{"start":{"line":269,"column":18},"end":{"line":269,"column":30}},"23":{"start":{"line":290,"column":2},"end":{"line":314,"column":4}},"24":{"start":{"line":301,"column":14},"end":{"line":304,"column":15}},"25":{"start":{"line":302,"column":16},"end":{"line":302,"column":35}},"26":{"start":{"line":303,"column":16},"end":{"line":303,"column":28}},"27":{"start":{"line":329,"column":22},"end":{"line":333,"column":2}},"28":{"start":{"line":335,"column":20},"end":{"line":337,"column":2}},"29":{"start":{"line":339,"column":18},"end":{"line":343,"column":2}},"30":{"start":{"line":345,"column":18},"end":{"line":350,"column":2}},"31":{"start":{"line":352,"column":18},"end":{"line":368,"column":3}},"32":{"start":{"line":353,"column":31},"end":{"line":353,"column":47}},"33":{"start":{"line":354,"column":57},"end":{"line":368,"column":1}},"34":{"start":{"line":370,"column":26},"end":{"line":381,"column":2}},"35":{"start":{"line":383,"column":49},"end":{"line":404,"column":1}},"36":{"start":{"line":390,"column":2},"end":{"line":403,"column":4}}},"fnMap":{"0":{"name":"(anonymous_0)","decl":{"start":{"line":122,"column":21},"end":{"line":122,"column":22}},"loc":{"start":{"line":123,"column":4},"end":{"line":123,"column":88}},"line":123},"1":{"name":"(anonymous_1)","decl":{"start":{"line":129,"column":3},"end":{"line":129,"column":4}},"loc":{"start":{"line":129,"column":49},"end":{"line":158,"column":1}},"line":129},"2":{"name":"(anonymous_2)","decl":{"start":{"line":180,"column":21},"end":{"line":180,"column":22}},"loc":{"start":{"line":180,"column":31},"end":{"line":180,"column":53}},"line":180},"3":{"name":"(anonymous_3)","decl":{"start":{"line":181,"column":37},"end":{"line":181,"column":38}},"loc":{"start":{"line":181,"column":59},"end":{"line":186,"column":1}},"line":181},"4":{"name":"(anonymous_4)","decl":{"start":{"line":194,"column":41},"end":{"line":194,"column":42}},"loc":{"start":{"line":210,"column":6},"end":{"line":315,"column":1}},"line":210},"5":{"name":"(anonymous_5)","decl":{"start":{"line":266,"column":14},"end":{"line":266,"column":15}},"loc":{"start":{"line":266,"column":42},"end":{"line":271,"column":15}},"line":266},"6":{"name":"(anonymous_6)","decl":{"start":{"line":300,"column":12},"end":{"line":300,"column":13}},"loc":{"start":{"line":300,"column":19},"end":{"line":305,"column":13}},"line":300},"7":{"name":"(anonymous_7)","decl":{"start":{"line":353,"column":21},"end":{"line":353,"column":22}},"loc":{"start":{"line":353,"column":31},"end":{"line":353,"column":47}},"line":353},"8":{"name":"(anonymous_8)","decl":{"start":{"line":354,"column":41},"end":{"line":354,"column":42}},"loc":{"start":{"line":354,"column":57},"end":{"line":368,"column":1}},"line":354},"9":{"name":"(anonymous_9)","decl":{"start":{"line":383,"column":49},"end":{"line":383,"column":50}},"loc":{"start":{"line":389,"column":6},"end":{"line":404,"column":1}},"line":389}},"branchMap":{"0":{"loc":{"start":{"line":133,"column":6},"end":{"line":148,"column":3}},"type":"binary-expr","locations":[{"start":{"line":133,"column":6},"end":{"line":133,"column":17}},{"start":{"line":133,"column":21},"end":{"line":148,"column":3}}],"line":133},"1":{"loc":{"start":{"line":136,"column":19},"end":{"line":138,"column":42}},"type":"cond-expr","locations":[{"start":{"line":137,"column":10},"end":{"line":137,"column":43}},{"start":{"line":138,"column":10},"end":{"line":138,"column":42}}],"line":136},"2":{"loc":{"start":{"line":136,"column":19},"end":{"line":136,"column":69}},"type":"binary-expr","locations":[{"start":{"line":136,"column":19},"end":{"line":136,"column":42}},{"start":{"line":136,"column":46},"end":{"line":136,"column":69}}],"line":136},"3":{"loc":{"start":{"line":139,"column":17},"end":{"line":141,"column":33}},"type":"cond-expr","locations":[{"start":{"line":140,"column":10},"end":{"line":140,"column":101}},{"start":{"line":141,"column":10},"end":{"line":141,"column":33}}],"line":139},"4":{"loc":{"start":{"line":139,"column":17},"end":{"line":139,"column":67}},"type":"binary-expr","locations":[{"start":{"line":139,"column":17},"end":{"line":139,"column":40}},{"start":{"line":139,"column":44},"end":{"line":139,"column":67}}],"line":139},"5":{"loc":{"start":{"line":140,"column":59},"end":{"line":140,"column":93}},"type":"binary-expr","locations":[{"start":{"line":140,"column":59},"end":{"line":140,"column":68}},{"start":{"line":140,"column":72},"end":{"line":140,"column":93}}],"line":140},"6":{"loc":{"start":{"line":149,"column":6},"end":{"line":157,"column":3}},"type":"binary-expr","locations":[{"start":{"line":149,"column":6},"end":{"line":149,"column":29}},{"start":{"line":149,"column":33},"end":{"line":157,"column":3}}],"line":149},"7":{"loc":{"start":{"line":200,"column":2},"end":{"line":200,"column":21}},"type":"default-arg","locations":[{"start":{"line":200,"column":12},"end":{"line":200,"column":21}}],"line":200},"8":{"loc":{"start":{"line":201,"column":2},"end":{"line":201,"column":21}},"type":"default-arg","locations":[{"start":{"line":201,"column":16},"end":{"line":201,"column":21}}],"line":201},"9":{"loc":{"start":{"line":203,"column":2},"end":{"line":203,"column":17}},"type":"default-arg","locations":[{"start":{"line":203,"column":12},"end":{"line":203,"column":17}}],"line":203},"10":{"loc":{"start":{"line":204,"column":2},"end":{"line":204,"column":16}},"type":"default-arg","locations":[{"start":{"line":204,"column":12},"end":{"line":204,"column":16}}],"line":204},"11":{"loc":{"start":{"line":207,"column":2},"end":{"line":207,"column":18}},"type":"default-arg","locations":[{"start":{"line":207,"column":13},"end":{"line":207,"column":18}}],"line":207},"12":{"loc":{"start":{"line":209,"column":2},"end":{"line":209,"column":20}},"type":"default-arg","locations":[{"start":{"line":209,"column":19},"end":{"line":209,"column":20}}],"line":209},"13":{"loc":{"start":{"line":212,"column":25},"end":{"line":212,"column":67}},"type":"binary-expr","locations":[{"start":{"line":212,"column":25},"end":{"line":212,"column":44}},{"start":{"line":212,"column":48},"end":{"line":212,"column":67}}],"line":212},"14":{"loc":{"start":{"line":215,"column":19},"end":{"line":215,"column":68}},"type":"cond-expr","locations":[{"start":{"line":215,"column":36},"end":{"line":215,"column":53}},{"start":{"line":215,"column":56},"end":{"line":215,"column":68}}],"line":215},"15":{"loc":{"start":{"line":217,"column":2},"end":{"line":238,"column":3}},"type":"if","locations":[{"start":{"line":217,"column":2},"end":{"line":238,"column":3}},{"start":{},"end":{}}],"line":217},"16":{"loc":{"start":{"line":227,"column":9},"end":{"line":232,"column":9}},"type":"binary-expr","locations":[{"start":{"line":227,"column":10},"end":{"line":227,"column":15}},{"start":{"line":227,"column":19},"end":{"line":227,"column":27}},{"start":{"line":228,"column":10},"end":{"line":231,"column":12}}],"line":227},"17":{"loc":{"start":{"line":230,"column":23},"end":{"line":230,"column":71}},"type":"binary-expr","locations":[{"start":{"line":230,"column":23},"end":{"line":230,"column":31}},{"start":{"line":230,"column":35},"end":{"line":230,"column":71}}],"line":230},"18":{"loc":{"start":{"line":242,"column":7},"end":{"line":248,"column":7}},"type":"binary-expr","locations":[{"start":{"line":242,"column":8},"end":{"line":242,"column":13}},{"start":{"line":242,"column":17},"end":{"line":242,"column":25}},{"start":{"line":242,"column":29},"end":{"line":242,"column":41}},{"start":{"line":243,"column":8},"end":{"line":247,"column":10}}],"line":242},"19":{"loc":{"start":{"line":250,"column":7},"end":{"line":250,"column":64}},"type":"binary-expr","locations":[{"start":{"line":250,"column":7},"end":{"line":250,"column":13}},{"start":{"line":250,"column":17},"end":{"line":250,"column":64}}],"line":250},"20":{"loc":{"start":{"line":255,"column":2},"end":{"line":288,"column":3}},"type":"if","locations":[{"start":{"line":255,"column":2},"end":{"line":288,"column":3}},{"start":{},"end":{}}],"line":255},"21":{"loc":{"start":{"line":262,"column":17},"end":{"line":262,"column":50}},"type":"cond-expr","locations":[{"start":{"line":262,"column":31},"end":{"line":262,"column":38}},{"start":{"line":262,"column":41},"end":{"line":262,"column":50}}],"line":262},"22":{"loc":{"start":{"line":263,"column":18},"end":{"line":263,"column":45}},"type":"cond-expr","locations":[{"start":{"line":263,"column":32},"end":{"line":263,"column":33}},{"start":{"line":263,"column":36},"end":{"line":263,"column":45}}],"line":263},"23":{"loc":{"start":{"line":265,"column":10},"end":{"line":272,"column":23}},"type":"cond-expr","locations":[{"start":{"line":266,"column":14},"end":{"line":271,"column":15}},{"start":{"line":272,"column":14},"end":{"line":272,"column":23}}],"line":265},"24":{"loc":{"start":{"line":267,"column":16},"end":{"line":270,"column":17}},"type":"if","locations":[{"start":{"line":267,"column":16},"end":{"line":270,"column":17}},{"start":{},"end":{}}],"line":267},"25":{"loc":{"start":{"line":267,"column":20},"end":{"line":267,"column":54}},"type":"binary-expr","locations":[{"start":{"line":267,"column":20},"end":{"line":267,"column":37}},{"start":{"line":267,"column":41},"end":{"line":267,"column":54}}],"line":267},"26":{"loc":{"start":{"line":274,"column":14},"end":{"line":274,"column":48}},"type":"cond-expr","locations":[{"start":{"line":274,"column":28},"end":{"line":274,"column":36}},{"start":{"line":274,"column":39},"end":{"line":274,"column":48}}],"line":274},"27":{"loc":{"start":{"line":280,"column":20},"end":{"line":280,"column":53}},"type":"cond-expr","locations":[{"start":{"line":280,"column":34},"end":{"line":280,"column":41}},{"start":{"line":280,"column":44},"end":{"line":280,"column":53}}],"line":280},"28":{"loc":{"start":{"line":281,"column":18},"end":{"line":281,"column":49}},"type":"cond-expr","locations":[{"start":{"line":281,"column":32},"end":{"line":281,"column":37}},{"start":{"line":281,"column":40},"end":{"line":281,"column":49}}],"line":281},"29":{"loc":{"start":{"line":296,"column":15},"end":{"line":296,"column":48}},"type":"cond-expr","locations":[{"start":{"line":296,"column":29},"end":{"line":296,"column":36}},{"start":{"line":296,"column":39},"end":{"line":296,"column":48}}],"line":296},"30":{"loc":{"start":{"line":297,"column":16},"end":{"line":297,"column":43}},"type":"cond-expr","locations":[{"start":{"line":297,"column":30},"end":{"line":297,"column":31}},{"start":{"line":297,"column":34},"end":{"line":297,"column":43}}],"line":297},"31":{"loc":{"start":{"line":299,"column":8},"end":{"line":306,"column":21}},"type":"cond-expr","locations":[{"start":{"line":300,"column":12},"end":{"line":305,"column":13}},{"start":{"line":306,"column":12},"end":{"line":306,"column":21}}],"line":299},"32":{"loc":{"start":{"line":301,"column":14},"end":{"line":304,"column":15}},"type":"if","locations":[{"start":{"line":301,"column":14},"end":{"line":304,"column":15}},{"start":{},"end":{}}],"line":301},"33":{"loc":{"start":{"line":301,"column":18},"end":{"line":301,"column":52}},"type":"binary-expr","locations":[{"start":{"line":301,"column":18},"end":{"line":301,"column":35}},{"start":{"line":301,"column":39},"end":{"line":301,"column":52}}],"line":301},"34":{"loc":{"start":{"line":308,"column":12},"end":{"line":308,"column":46}},"type":"cond-expr","locations":[{"start":{"line":308,"column":26},"end":{"line":308,"column":34}},{"start":{"line":308,"column":37},"end":{"line":308,"column":46}}],"line":308},"35":{"loc":{"start":{"line":358,"column":4},"end":{"line":362,"column":42}},"type":"cond-expr","locations":[{"start":{"line":359,"column":8},"end":{"line":359,"column":30}},{"start":{"line":360,"column":8},"end":{"line":362,"column":42}}],"line":358},"36":{"loc":{"start":{"line":360,"column":8},"end":{"line":362,"column":42}},"type":"cond-expr","locations":[{"start":{"line":361,"column":8},"end":{"line":361,"column":28}},{"start":{"line":362,"column":8},"end":{"line":362,"column":42}}],"line":360},"37":{"loc":{"start":{"line":363,"column":14},"end":{"line":367,"column":12}},"type":"cond-expr","locations":[{"start":{"line":364,"column":6},"end":{"line":364,"column":54}},{"start":{"line":365,"column":6},"end":{"line":367,"column":12}}],"line":363},"38":{"loc":{"start":{"line":365,"column":6},"end":{"line":367,"column":12}},"type":"cond-expr","locations":[{"start":{"line":366,"column":6},"end":{"line":366,"column":52}},{"start":{"line":367,"column":6},"end":{"line":367,"column":12}}],"line":365},"39":{"loc":{"start":{"line":392,"column":7},"end":{"line":392,"column":60}},"type":"binary-expr","locations":[{"start":{"line":392,"column":7},"end":{"line":392,"column":11}},{"start":{"line":392,"column":15},"end":{"line":392,"column":60}}],"line":392},"40":{"loc":{"start":{"line":396,"column":9},"end":{"line":400,"column":9}},"type":"binary-expr","locations":[{"start":{"line":396,"column":9},"end":{"line":396,"column":14}},{"start":{"line":396,"column":18},"end":{"line":396,"column":28}},{"start":{"line":397,"column":10},"end":{"line":399,"column":22}}],"line":396},"41":{"loc":{"start":{"line":398,"column":13},"end":{"line":398,"column":64}},"type":"cond-expr","locations":[{"start":{"line":398,"column":30},"end":{"line":398,"column":33}},{"start":{"line":398,"column":36},"end":{"line":398,"column":64}}],"line":398},"42":{"loc":{"start":{"line":398,"column":36},"end":{"line":398,"column":64}},"type":"cond-expr","locations":[{"start":{"line":398,"column":55},"end":{"line":398,"column":58}},{"start":{"line":398,"column":61},"end":{"line":398,"column":64}}],"line":398}},"s":{"0":1,"1":1,"2":1,"3":239,"4":22,"5":1,"6":1,"7":1,"8":45,"9":22,"10":1,"11":1,"12":22,"13":22,"14":22,"15":22,"16":1,"17":21,"18":21,"19":0,"20":0,"21":0,"22":0,"23":21,"24":2,"25":2,"26":2,"27":1,"28":1,"29":1,"30":1,"31":1,"32":7,"33":3,"34":1,"35":1,"36":7},"f":{"0":239,"1":22,"2":45,"3":22,"4":22,"5":0,"6":2,"7":7,"8":3,"9":7},"b":{"0":[22,5],"1":[0,5],"2":[5,5],"3":[0,5],"4":[5,5],"5":[0,0],"6":[22,0],"7":[18],"8":[17],"9":[21],"10":[18],"11":[22],"12":[22],"13":[22,22],"14":[0,22],"15":[1,21],"16":[1,0,1],"17":[1,1],"18":[21,18,18,3],"19":[21,1],"20":[0,21],"21":[0,0],"22":[0,0],"23":[0,0],"24":[0,0],"25":[0,0],"26":[0,0],"27":[0,0],"28":[0,0],"29":[5,16],"30":[5,16],"31":[5,16],"32":[2,0],"33":[2,1],"34":[5,16],"35":[1,2],"36":[1,1],"37":[1,2],"38":[1,1],"39":[7,1],"40":[7,4,3],"41":[1,2],"42":[1,1]},"_coverageSchema":"1a1c01bbd47fc00a2c39e90264f33305004495a9","hash":"8a033622eefcbfb061ecafca21506fc40b6dc762"}
,"/Users/daringanitch/workspace/Enterprise-OSINT-Platform/frontend/src/components/common/FormField.tsx": {"path":"/Users/daringanitch/workspace/Enterprise-OSINT-Platform/frontend/src/components/common/FormField.tsx","statementMap":{"0":{"start":{"line":44,"column":24},"end":{"line":86,"column":2}},"1":{"start":{"line":88,"column":51},"end":{"line":118,"column":1}},"2":{"start":{"line":97,"column":2},"end":{"line":117,"column":4}},"3":{"start":{"line":155,"column":26},"end":{"line":192,"column":2}},"4":{"start":{"line":194,"column":23},"end":{"line":208,"column":2}},"5":{"start":{"line":210,"column":55},"end":{"line":268,"column":1}},"6":{"start":{"line":223,"column":18},"end":{"line":223,"column":69}},"7":{"start":{"line":225,"column":2},"end":{"line":267,"column":4}},"8":{"start":{"line":236,"column":25},"end":{"line":236,"column":59}},"9":{"start":{"line":256,"column":10},"end":{"line":262,"column":27}},"10":{"start":{"line":291,"column":23},"end":{"line":302,"column":2}},"11":{"start":{"line":304,"column":22},"end":{"line":312,"column":2}},"12":{"start":{"line":314,"column":59},"end":{"line":350,"column":1}},"13":{"start":{"line":323,"column":2},"end":{"line":349,"column":4}},"14":{"start":{"line":329,"column":29},"end":{"line":329,"column":55}},"15":{"start":{"line":373,"column":21},"end":{"line":394,"column":2}},"16":{"start":{"line":396,"column":20},"end":{"line":404,"column":2}},"17":{"start":{"line":406,"column":55},"end":{"line":442,"column":1}},"18":{"start":{"line":415,"column":2},"end":{"line":441,"column":4}},"19":{"start":{"line":421,"column":29},"end":{"line":421,"column":55}},"20":{"start":{"line":465,"column":49},"end":{"line":492,"column":1}},"21":{"start":{"line":475,"column":2},"end":{"line":491,"column":4}}},"fnMap":{"0":{"name":"(anonymous_0)","decl":{"start":{"line":88,"column":51},"end":{"line":88,"column":52}},"loc":{"start":{"line":96,"column":6},"end":{"line":118,"column":1}},"line":96},"1":{"name":"(anonymous_1)","decl":{"start":{"line":210,"column":55},"end":{"line":210,"column":56}},"loc":{"start":{"line":222,"column":6},"end":{"line":268,"column":1}},"line":222},"2":{"name":"(anonymous_2)","decl":{"start":{"line":236,"column":18},"end":{"line":236,"column":19}},"loc":{"start":{"line":236,"column":25},"end":{"line":236,"column":59}},"line":236},"3":{"name":"(anonymous_3)","decl":{"start":{"line":255,"column":21},"end":{"line":255,"column":22}},"loc":{"start":{"line":256,"column":10},"end":{"line":262,"column":27}},"line":256},"4":{"name":"(anonymous_4)","decl":{"start":{"line":314,"column":59},"end":{"line":314,"column":60}},"loc":{"start":{"line":322,"column":6},"end":{"line":350,"column":1}},"line":322},"5":{"name":"(anonymous_5)","decl":{"start":{"line":329,"column":22},"end":{"line":329,"column":23}},"loc":{"start":{"line":329,"column":29},"end":{"line":329,"column":55}},"line":329},"6":{"name":"(anonymous_6)","decl":{"start":{"line":406,"column":55},"end":{"line":406,"column":56}},"loc":{"start":{"line":414,"column":6},"end":{"line":442,"column":1}},"line":414},"7":{"name":"(anonymous_7)","decl":{"start":{"line":421,"column":22},"end":{"line":421,"column":23}},"loc":{"start":{"line":421,"column":29},"end":{"line":421,"column":55}},"line":421},"8":{"name":"(anonymous_8)","decl":{"start":{"line":465,"column":49},"end":{"line":465,"column":50}},"loc":{"start":{"line":474,"column":6},"end":{"line":492,"column":1}},"line":474}},"branchMap":{"0":{"loc":{"start":{"line":105,"column":24},"end":{"line":107,"column":21}},"type":"cond-expr","locations":[{"start":{"line":106,"column":10},"end":{"line":106,"column":71}},{"start":{"line":107,"column":12},"end":{"line":107,"column":21}}],"line":105},"1":{"loc":{"start":{"line":108,"column":22},"end":{"line":110,"column":21}},"type":"cond-expr","locations":[{"start":{"line":109,"column":10},"end":{"line":109,"column":67}},{"start":{"line":110,"column":12},"end":{"line":110,"column":21}}],"line":108},"2":{"loc":{"start":{"line":220,"column":2},"end":{"line":220,"column":18}},"type":"default-arg","locations":[{"start":{"line":220,"column":14},"end":{"line":220,"column":18}}],"line":220},"3":{"loc":{"start":{"line":250,"column":9},"end":{"line":254,"column":9}},"type":"binary-expr","locations":[{"start":{"line":250,"column":9},"end":{"line":250,"column":20}},{"start":{"line":251,"column":10},"end":{"line":253,"column":27}}],"line":250},"4":{"loc":{"start":{"line":265,"column":7},"end":{"line":265,"column":66}},"type":"binary-expr","locations":[{"start":{"line":265,"column":7},"end":{"line":265,"column":17}},{"start":{"line":265,"column":21},"end":{"line":265,"column":66}}],"line":265},"5":{"loc":{"start":{"line":337,"column":7},"end":{"line":347,"column":7}},"type":"binary-expr","locations":[{"start":{"line":337,"column":7},"end":{"line":337,"column":17}},{"start":{"line":338,"column":8},"end":{"line":346,"column":25}}],"line":337},"6":{"loc":{"start":{"line":411,"column":2},"end":{"line":411,"column":24}},"type":"default-arg","locations":[{"start":{"line":411,"column":19},"end":{"line":411,"column":24}}],"line":411},"7":{"loc":{"start":{"line":429,"column":7},"end":{"line":439,"column":7}},"type":"binary-expr","locations":[{"start":{"line":429,"column":7},"end":{"line":429,"column":17}},{"start":{"line":430,"column":8},"end":{"line":438,"column":25}}],"line":429},"8":{"loc":{"start":{"line":433,"column":24},"end":{"line":433,"column":63}},"type":"cond-expr","locations":[{"start":{"line":433,"column":51},"end":{"line":433,"column":57}},{"start":{"line":433,"column":60},"end":{"line":433,"column":63}}],"line":433},"9":{"loc":{"start":{"line":468,"column":2},"end":{"line":468,"column":13}},"type":"default-arg","locations":[{"start":{"line":468,"column":12},"end":{"line":468,"column":13}}],"line":468},"10":{"loc":{"start":{"line":469,"column":2},"end":{"line":469,"column":14}},"type":"default-arg","locations":[{"start":{"line":469,"column":12},"end":{"line":469,"column":14}}],"line":469},"11":{"loc":{"start":{"line":484,"column":15},"end":{"line":484,"column":42}},"type":"cond-expr","locations":[{"start":{"line":484,"column":23},"end":{"line":484,"column":30}},{"start":{"line":484,"column":33},"end":{"line":484,"column":42}}],"line":484},"12":{"loc":{"start":{"line":485,"column":15},"end":{"line":485,"column":42}},"type":"cond-expr","locations":[{"start":{"line":485,"column":23},"end":{"line":485,"column":30}},{"start":{"line":485,"column":33},"end":{"line":485,"column":42}}],"line":485}},"s":{"0":1,"1":1,"2":10,"3":1,"4":1,"5":1,"6":7,"7":7,"8":1,"9":21,"10":1,"11":1,"12":1,"13":8,"14":1,"15":1,"16":1,"17":1,"18":11,"19":1,"20":1,"21":7},"f":{"0":10,"1":7,"2":1,"3":21,"4":8,"5":1,"6":11,"7":1,"8":7},"b":{"0":[1,9],"1":[1,9],"2":[7],"3":[7,1],"4":[7,2],"5":[8,1],"6":[7],"7":[11,1],"8":[1,0],"9":[7],"10":[7],"11":[6,1],"12":[6,1]},"_coverageSchema":"1a1c01bbd47fc00a2c39e90264f33305004495a9","hash":"ddadcd92f166c25e3a109f5c1b43ef40ac33aef0"}
,"/Users/daringanitch/workspace/Enterprise-OSINT-Platform/frontend/src/components/common/Loading.tsx": {"path":"/Users/daringanitch/workspace/Enterprise-OSINT-Platform/frontend/src/components/common/Loading.tsx","statementMap":{"0":{"start":{"line":35,"column":16},"end":{"line":39,"column":1}},"1":{"start":{"line":41,"column":31},"end":{"line":43,"column":2}},"2":{"start":{"line":45,"column":47},"end":{"line":59,"column":1}},"3":{"start":{"line":51,"column":2},"end":{"line":58,"column":4}},"4":{"start":{"line":82,"column":26},"end":{"line":84,"column":2}},"5":{"start":{"line":86,"column":22},"end":{"line":91,"column":2}},"6":{"start":{"line":93,"column":21},"end":{"line":96,"column":2}},"7":{"start":{"line":98,"column":22},"end":{"line":102,"column":2}},"8":{"start":{"line":104,"column":29},"end":{"line":113,"column":3}},"9":{"start":{"line":105,"column":31},"end":{"line":105,"column":54}},"10":{"start":{"line":106,"column":52},"end":{"line":113,"column":1}},"11":{"start":{"line":115,"column":55},"end":{"line":146,"column":1}},"12":{"start":{"line":124,"column":2},"end":{"line":145,"column":4}},"13":{"start":{"line":165,"column":25},"end":{"line":169,"column":2}},"14":{"start":{"line":171,"column":16},"end":{"line":189,"column":3}},"15":{"start":{"line":172,"column":31},"end":{"line":172,"column":53}},"16":{"start":{"line":173,"column":51},"end":{"line":189,"column":1}},"17":{"start":{"line":191,"column":23},"end":{"line":195,"column":2}},"18":{"start":{"line":197,"column":61},"end":{"line":215,"column":1}},"19":{"start":{"line":204,"column":2},"end":{"line":214,"column":4}},"20":{"start":{"line":230,"column":23},"end":{"line":237,"column":1}},"21":{"start":{"line":239,"column":26},"end":{"line":251,"column":2}},"22":{"start":{"line":253,"column":13},"end":{"line":256,"column":2}},"23":{"start":{"line":258,"column":17},"end":{"line":265,"column":2}},"24":{"start":{"line":267,"column":24},"end":{"line":271,"column":2}},"25":{"start":{"line":273,"column":63},"end":{"line":289,"column":1}},"26":{"start":{"line":278,"column":2},"end":{"line":288,"column":4}},"27":{"start":{"line":306,"column":26},"end":{"line":311,"column":2}},"28":{"start":{"line":313,"column":23},"end":{"line":318,"column":2}},"29":{"start":{"line":320,"column":57},"end":{"line":351,"column":1}},"30":{"start":{"line":326,"column":2},"end":{"line":350,"column":4}},"31":{"start":{"line":335,"column":8},"end":{"line":341,"column":10}},"32":{"start":{"line":362,"column":23},"end":{"line":367,"column":2}},"33":{"start":{"line":369,"column":20},"end":{"line":375,"column":2}},"34":{"start":{"line":377,"column":17},"end":{"line":385,"column":2}},"35":{"start":{"line":387,"column":59},"end":{"line":418,"column":1}},"36":{"start":{"line":392,"column":2},"end":{"line":417,"column":4}},"37":{"start":{"line":396,"column":10},"end":{"line":401,"column":12}},"38":{"start":{"line":405,"column":8},"end":{"line":414,"column":19}},"39":{"start":{"line":407,"column":12},"end":{"line":412,"column":14}}},"fnMap":{"0":{"name":"(anonymous_0)","decl":{"start":{"line":45,"column":47},"end":{"line":45,"column":48}},"loc":{"start":{"line":50,"column":6},"end":{"line":59,"column":1}},"line":50},"1":{"name":"(anonymous_1)","decl":{"start":{"line":105,"column":21},"end":{"line":105,"column":22}},"loc":{"start":{"line":105,"column":31},"end":{"line":105,"column":54}},"line":105},"2":{"name":"(anonymous_2)","decl":{"start":{"line":106,"column":29},"end":{"line":106,"column":30}},"loc":{"start":{"line":106,"column":52},"end":{"line":113,"column":1}},"line":106},"3":{"name":"(anonymous_3)","decl":{"start":{"line":115,"column":55},"end":{"line":115,"column":56}},"loc":{"start":{"line":123,"column":6},"end":{"line":146,"column":1}},"line":123},"4":{"name":"(anonymous_4)","decl":{"start":{"line":172,"column":21},"end":{"line":172,"column":22}},"loc":{"start":{"line":172,"column":31},"end":{"line":172,"column":53}},"line":172},"5":{"name":"(anonymous_5)","decl":{"start":{"line":173,"column":29},"end":{"line":173,"column":30}},"loc":{"start":{"line":173,"column":51},"end":{"line":189,"column":1}},"line":173},"6":{"name":"(anonymous_6)","decl":{"start":{"line":197,"column":61},"end":{"line":197,"column":62}},"loc":{"start":{"line":203,"column":6},"end":{"line":215,"column":1}},"line":203},"7":{"name":"(anonymous_7)","decl":{"start":{"line":273,"column":63},"end":{"line":273,"column":64}},"loc":{"start":{"line":277,"column":6},"end":{"line":289,"column":1}},"line":277},"8":{"name":"(anonymous_8)","decl":{"start":{"line":320,"column":57},"end":{"line":320,"column":58}},"loc":{"start":{"line":325,"column":6},"end":{"line":351,"column":1}},"line":325},"9":{"name":"(anonymous_9)","decl":{"start":{"line":334,"column":41},"end":{"line":334,"column":42}},"loc":{"start":{"line":335,"column":8},"end":{"line":341,"column":10}},"line":335},"10":{"name":"(anonymous_10)","decl":{"start":{"line":387,"column":59},"end":{"line":387,"column":60}},"loc":{"start":{"line":391,"column":6},"end":{"line":418,"column":1}},"line":391},"11":{"name":"(anonymous_11)","decl":{"start":{"line":395,"column":45},"end":{"line":395,"column":46}},"loc":{"start":{"line":396,"column":10},"end":{"line":401,"column":12}},"line":396},"12":{"name":"(anonymous_12)","decl":{"start":{"line":404,"column":40},"end":{"line":404,"column":41}},"loc":{"start":{"line":405,"column":8},"end":{"line":414,"column":19}},"line":405},"13":{"name":"(anonymous_13)","decl":{"start":{"line":406,"column":47},"end":{"line":406,"column":48}},"loc":{"start":{"line":407,"column":12},"end":{"line":412,"column":14}},"line":407}},"branchMap":{"0":{"loc":{"start":{"line":46,"column":2},"end":{"line":46,"column":13}},"type":"default-arg","locations":[{"start":{"line":46,"column":9},"end":{"line":46,"column":13}}],"line":46},"1":{"loc":{"start":{"line":47,"column":2},"end":{"line":47,"column":19}},"type":"default-arg","locations":[{"start":{"line":47,"column":10},"end":{"line":47,"column":19}}],"line":47},"2":{"loc":{"start":{"line":48,"column":2},"end":{"line":48,"column":19}},"type":"default-arg","locations":[{"start":{"line":48,"column":10},"end":{"line":48,"column":19}}],"line":48},"3":{"loc":{"start":{"line":117,"column":2},"end":{"line":117,"column":23}},"type":"default-arg","locations":[{"start":{"line":117,"column":18},"end":{"line":117,"column":23}}],"line":117},"4":{"loc":{"start":{"line":118,"column":2},"end":{"line":118,"column":19}},"type":"default-arg","locations":[{"start":{"line":118,"column":10},"end":{"line":118,"column":19}}],"line":118},"5":{"loc":{"start":{"line":119,"column":2},"end":{"line":119,"column":19}},"type":"default-arg","locations":[{"start":{"line":119,"column":14},"end":{"line":119,"column":19}}],"line":119},"6":{"loc":{"start":{"line":121,"column":2},"end":{"line":121,"column":12}},"type":"default-arg","locations":[{"start":{"line":121,"column":11},"end":{"line":121,"column":12}}],"line":121},"7":{"loc":{"start":{"line":126,"column":7},"end":{"line":133,"column":7}},"type":"binary-expr","locations":[{"start":{"line":126,"column":8},"end":{"line":126,"column":17}},{"start":{"line":126,"column":21},"end":{"line":126,"column":26}},{"start":{"line":127,"column":8},"end":{"line":132,"column":24}}],"line":126},"8":{"loc":{"start":{"line":128,"column":25},"end":{"line":128,"column":44}},"type":"binary-expr","locations":[{"start":{"line":128,"column":25},"end":{"line":128,"column":30}},{"start":{"line":128,"column":34},"end":{"line":128,"column":44}}],"line":128},"9":{"loc":{"start":{"line":129,"column":11},"end":{"line":131,"column":11}},"type":"binary-expr","locations":[{"start":{"line":129,"column":11},"end":{"line":129,"column":25}},{"start":{"line":129,"column":29},"end":{"line":129,"column":48}},{"start":{"line":130,"column":12},"end":{"line":130,"column":63}}],"line":129},"10":{"loc":{"start":{"line":135,"column":17},"end":{"line":135,"column":64}},"type":"cond-expr","locations":[{"start":{"line":135,"column":33},"end":{"line":135,"column":48}},{"start":{"line":135,"column":51},"end":{"line":135,"column":64}}],"line":135},"11":{"loc":{"start":{"line":139,"column":20},"end":{"line":139,"column":39}},"type":"binary-expr","locations":[{"start":{"line":139,"column":20},"end":{"line":139,"column":25}},{"start":{"line":139,"column":29},"end":{"line":139,"column":39}}],"line":139},"12":{"loc":{"start":{"line":183,"column":19},"end":{"line":185,"column":44}},"type":"cond-expr","locations":[{"start":{"line":184,"column":6},"end":{"line":184,"column":29}},{"start":{"line":185,"column":6},"end":{"line":185,"column":44}}],"line":183},"13":{"loc":{"start":{"line":186,"column":18},"end":{"line":186,"column":52}},"type":"cond-expr","locations":[{"start":{"line":186,"column":32},"end":{"line":186,"column":43}},{"start":{"line":186,"column":46},"end":{"line":186,"column":52}}],"line":186},"14":{"loc":{"start":{"line":200,"column":2},"end":{"line":200,"column":20}},"type":"default-arg","locations":[{"start":{"line":200,"column":16},"end":{"line":200,"column":20}}],"line":200},"15":{"loc":{"start":{"line":207,"column":7},"end":{"line":212,"column":7}},"type":"binary-expr","locations":[{"start":{"line":207,"column":7},"end":{"line":207,"column":14}},{"start":{"line":208,"column":8},"end":{"line":211,"column":18}}],"line":207},"16":{"loc":{"start":{"line":210,"column":11},"end":{"line":210,"column":64}},"type":"binary-expr","locations":[{"start":{"line":210,"column":11},"end":{"line":210,"column":18}},{"start":{"line":210,"column":22},"end":{"line":210,"column":64}}],"line":210},"17":{"loc":{"start":{"line":274,"column":2},"end":{"line":274,"column":24}},"type":"default-arg","locations":[{"start":{"line":274,"column":12},"end":{"line":274,"column":24}}],"line":274},"18":{"loc":{"start":{"line":275,"column":2},"end":{"line":275,"column":17}},"type":"default-arg","locations":[{"start":{"line":275,"column":13},"end":{"line":275,"column":17}}],"line":275},"19":{"loc":{"start":{"line":280,"column":7},"end":{"line":284,"column":7}},"type":"binary-expr","locations":[{"start":{"line":280,"column":7},"end":{"line":280,"column":15}},{"start":{"line":281,"column":8},"end":{"line":283,"column":15}}],"line":280},"20":{"loc":{"start":{"line":321,"column":2},"end":{"line":321,"column":19}},"type":"default-arg","locations":[{"start":{"line":321,"column":15},"end":{"line":321,"column":19}}],"line":321},"21":{"loc":{"start":{"line":322,"column":2},"end":{"line":322,"column":11}},"type":"default-arg","locations":[{"start":{"line":322,"column":10},"end":{"line":322,"column":11}}],"line":322},"22":{"loc":{"start":{"line":323,"column":2},"end":{"line":323,"column":20}},"type":"default-arg","locations":[{"start":{"line":323,"column":15},"end":{"line":323,"column":20}}],"line":323},"23":{"loc":{"start":{"line":328,"column":7},"end":{"line":333,"column":7}},"type":"binary-expr","locations":[{"start":{"line":328,"column":7},"end":{"line":328,"column":17}},{"start":{"line":329,"column":8},"end":{"line":332,"column":14}}],"line":328},"24":{"loc":{"start":{"line":338,"column":17},"end":{"line":338,"column":53}},"type":"cond-expr","locations":[{"start":{"line":338,"column":39},"end":{"line":338,"column":44}},{"start":{"line":338,"column":47},"end":{"line":338,"column":53}}],"line":338},"25":{"loc":{"start":{"line":343,"column":7},"end":{"line":348,"column":7}},"type":"binary-expr","locations":[{"start":{"line":343,"column":7},"end":{"line":343,"column":17}},{"start":{"line":344,"column":8},"end":{"line":347,"column":14}}],"line":343},"26":{"loc":{"start":{"line":388,"column":2},"end":{"line":388,"column":10}},"type":"default-arg","locations":[{"start":{"line":388,"column":9},"end":{"line":388,"column":10}}],"line":388},"27":{"loc":{"start":{"line":389,"column":2},"end":{"line":389,"column":13}},"type":"default-arg","locations":[{"start":{"line":389,"column":12},"end":{"line":389,"column":13}}],"line":389}},"s":{"0":1,"1":1,"2":1,"3":20,"4":1,"5":1,"6":1,"7":1,"8":1,"9":137,"10":17,"11":1,"12":17,"13":1,"14":1,"15":13,"16":4,"17":1,"18":1,"19":6,"20":1,"21":1,"22":1,"23":1,"24":1,"25":1,"26":7,"27":1,"28":1,"29":1,"30":6,"31":20,"32":1,"33":1,"34":1,"35":1,"36":5,"37":22,"38":30,"39":130},"f":{"0":20,"1":137,"2":17,"3":17,"4":13,"5":4,"6":6,"7":7,"8":6,"9":20,"10":5,"11":22,"12":30,"13":130},"b":{"0":[6],"1":[17],"2":[19],"3":[15],"4":[12],"5":[11],"6":[17],"7":[17,11,7],"8":[7,5],"9":[7,6,6],"10":[2,15],"11":[17,15],"12":[3,1],"13":[3,1],"14":[5],"15":[6,4],"16":[4,1],"17":[6],"18":[6],"19":[7,6],"20":[5],"21":[5],"22":[5],"23":[6,5],"24":[6,14],"25":[6,1],"26":[4],"27":[4]},"_coverageSchema":"1a1c01bbd47fc00a2c39e90264f33305004495a9","hash":"61dee8dc893bdbcbffaf27123ef3c0f74c889975"}
,"/Users/daringanitch/workspace/Enterprise-OSINT-Platform/frontend/src/components/common/Modal.tsx": {"path":"/Users/daringanitch/workspace/Enterprise-OSINT-Platform/frontend/src/components/common/Modal.tsx","statementMap":{"0":{"start":{"line":51,"column":69},"end":{"line":57,"column":1}},"1":{"start":{"line":59,"column":19},"end":{"line":64,"column":2}},"2":{"start":{"line":63,"column":2},"end":{"line":63,"column":55}},"3":{"start":{"line":66,"column":21},"end":{"line":78,"column":3}},"4":{"start":{"line":66,"column":52},"end":{"line":78,"column":1}},"5":{"start":{"line":80,"column":26},"end":{"line":86,"column":2}},"6":{"start":{"line":88,"column":21},"end":{"line":90,"column":2}},"7":{"start":{"line":92,"column":14},"end":{"line":97,"column":2}},"8":{"start":{"line":99,"column":17},"end":{"line":102,"column":2}},"9":{"start":{"line":104,"column":20},"end":{"line":113,"column":2}},"10":{"start":{"line":115,"column":28},"end":{"line":121,"column":2}},"11":{"start":{"line":123,"column":28},"end":{"line":130,"column":2}},"12":{"start":{"line":132,"column":43},"end":{"line":206,"column":1}},"13":{"start":{"line":145,"column":22},"end":{"line":156,"column":3}},"14":{"start":{"line":147,"column":6},"end":{"line":149,"column":7}},"15":{"start":{"line":148,"column":8},"end":{"line":148,"column":15}},"16":{"start":{"line":150,"column":6},"end":{"line":152,"column":7}},"17":{"start":{"line":151,"column":8},"end":{"line":151,"column":15}},"18":{"start":{"line":153,"column":6},"end":{"line":153,"column":16}},"19":{"start":{"line":159,"column":2},"end":{"line":170,"column":33}},"20":{"start":{"line":160,"column":4},"end":{"line":160,"column":45}},"21":{"start":{"line":160,"column":38},"end":{"line":160,"column":45}},"22":{"start":{"line":162,"column":26},"end":{"line":166,"column":5}},"23":{"start":{"line":163,"column":6},"end":{"line":165,"column":7}},"24":{"start":{"line":164,"column":8},"end":{"line":164,"column":27}},"25":{"start":{"line":168,"column":4},"end":{"line":168,"column":56}},"26":{"start":{"line":169,"column":4},"end":{"line":169,"column":72}},"27":{"start":{"line":169,"column":17},"end":{"line":169,"column":71}},"28":{"start":{"line":172,"column":2},"end":{"line":205,"column":4}},"29":{"start":{"line":225,"column":22},"end":{"line":229,"column":1}},"30":{"start":{"line":231,"column":22},"end":{"line":253,"column":1}},"31":{"start":{"line":232,"column":31},"end":{"line":232,"column":78}},"32":{"start":{"line":234,"column":36},"end":{"line":252,"column":3}},"33":{"start":{"line":255,"column":21},"end":{"line":273,"column":2}},"34":{"start":{"line":275,"column":67},"end":{"line":327,"column":1}},"35":{"start":{"line":287,"column":2},"end":{"line":326,"column":4}}},"fnMap":{"0":{"name":"Transition","decl":{"start":{"line":59,"column":45},"end":{"line":59,"column":55}},"loc":{"start":{"line":62,"column":2},"end":{"line":64,"column":1}},"line":62},"1":{"name":"(anonymous_1)","decl":{"start":{"line":66,"column":36},"end":{"line":66,"column":37}},"loc":{"start":{"line":66,"column":52},"end":{"line":78,"column":1}},"line":66},"2":{"name":"(anonymous_2)","decl":{"start":{"line":132,"column":43},"end":{"line":132,"column":44}},"loc":{"start":{"line":144,"column":6},"end":{"line":206,"column":1}},"line":144},"3":{"name":"(anonymous_3)","decl":{"start":{"line":146,"column":4},"end":{"line":146,"column":5}},"loc":{"start":{"line":146,"column":66},"end":{"line":154,"column":5}},"line":146},"4":{"name":"(anonymous_4)","decl":{"start":{"line":159,"column":12},"end":{"line":159,"column":13}},"loc":{"start":{"line":159,"column":18},"end":{"line":170,"column":3}},"line":159},"5":{"name":"(anonymous_5)","decl":{"start":{"line":162,"column":26},"end":{"line":162,"column":27}},"loc":{"start":{"line":162,"column":48},"end":{"line":166,"column":5}},"line":162},"6":{"name":"(anonymous_6)","decl":{"start":{"line":169,"column":11},"end":{"line":169,"column":12}},"loc":{"start":{"line":169,"column":17},"end":{"line":169,"column":71}},"line":169},"7":{"name":"(anonymous_7)","decl":{"start":{"line":232,"column":21},"end":{"line":232,"column":22}},"loc":{"start":{"line":232,"column":31},"end":{"line":232,"column":78}},"line":232},"8":{"name":"(anonymous_8)","decl":{"start":{"line":234,"column":2},"end":{"line":234,"column":3}},"loc":{"start":{"line":234,"column":36},"end":{"line":252,"column":3}},"line":234},"9":{"name":"(anonymous_9)","decl":{"start":{"line":275,"column":67},"end":{"line":275,"column":68}},"loc":{"start":{"line":286,"column":6},"end":{"line":327,"column":1}},"line":286}},"branchMap":{"0":{"loc":{"start":{"line":139,"column":2},"end":{"line":139,"column":13}},"type":"default-arg","locations":[{"start":{"line":139,"column":9},"end":{"line":139,"column":13}}],"line":139},"1":{"loc":{"start":{"line":140,"column":2},"end":{"line":140,"column":24}},"type":"default-arg","locations":[{"start":{"line":140,"column":20},"end":{"line":140,"column":24}}],"line":140},"2":{"loc":{"start":{"line":141,"column":2},"end":{"line":141,"column":30}},"type":"default-arg","locations":[{"start":{"line":141,"column":25},"end":{"line":141,"column":30}}],"line":141},"3":{"loc":{"start":{"line":142,"column":2},"end":{"line":142,"column":28}},"type":"default-arg","locations":[{"start":{"line":142,"column":23},"end":{"line":142,"column":28}}],"line":142},"4":{"loc":{"start":{"line":147,"column":6},"end":{"line":149,"column":7}},"type":"if","locations":[{"start":{"line":147,"column":6},"end":{"line":149,"column":7}},{"start":{},"end":{}}],"line":147},"5":{"loc":{"start":{"line":147,"column":10},"end":{"line":147,"column":60}},"type":"binary-expr","locations":[{"start":{"line":147,"column":10},"end":{"line":147,"column":36}},{"start":{"line":147,"column":40},"end":{"line":147,"column":60}}],"line":147},"6":{"loc":{"start":{"line":150,"column":6},"end":{"line":152,"column":7}},"type":"if","locations":[{"start":{"line":150,"column":6},"end":{"line":152,"column":7}},{"start":{},"end":{}}],"line":150},"7":{"loc":{"start":{"line":150,"column":10},"end":{"line":150,"column":58}},"type":"binary-expr","locations":[{"start":{"line":150,"column":10},"end":{"line":150,"column":36}},{"start":{"line":150,"column":40},"end":{"line":150,"column":58}}],"line":150},"8":{"loc":{"start":{"line":160,"column":4},"end":{"line":160,"column":45}},"type":"if","locations":[{"start":{"line":160,"column":4},"end":{"line":160,"column":45}},{"start":{},"end":{}}],"line":160},"9":{"loc":{"start":{"line":160,"column":8},"end":{"line":160,"column":36}},"type":"binary-expr","locations":[{"start":{"line":160,"column":8},"end":{"line":160,"column":13}},{"start":{"line":160,"column":17},"end":{"line":160,"column":36}}],"line":160},"10":{"loc":{"start":{"line":163,"column":6},"end":{"line":165,"column":7}},"type":"if","locations":[{"start":{"line":163,"column":6},"end":{"line":165,"column":7}},{"start":{},"end":{}}],"line":163},"11":{"loc":{"start":{"line":179,"column":23},"end":{"line":179,"column":56}},"type":"cond-expr","locations":[{"start":{"line":179,"column":31},"end":{"line":179,"column":44}},{"start":{"line":179,"column":47},"end":{"line":179,"column":56}}],"line":179},"12":{"loc":{"start":{"line":180,"column":24},"end":{"line":180,"column":63}},"type":"cond-expr","locations":[{"start":{"line":180,"column":35},"end":{"line":180,"column":51}},{"start":{"line":180,"column":54},"end":{"line":180,"column":63}}],"line":180},"13":{"loc":{"start":{"line":183,"column":7},"end":{"line":199,"column":7}},"type":"binary-expr","locations":[{"start":{"line":183,"column":8},"end":{"line":183,"column":13}},{"start":{"line":183,"column":17},"end":{"line":183,"column":32}},{"start":{"line":184,"column":8},"end":{"line":198,"column":28}}],"line":183},"14":{"loc":{"start":{"line":186,"column":13},"end":{"line":186,"column":61}},"type":"binary-expr","locations":[{"start":{"line":186,"column":13},"end":{"line":186,"column":18}},{"start":{"line":186,"column":22},"end":{"line":186,"column":61}}],"line":186},"15":{"loc":{"start":{"line":187,"column":13},"end":{"line":187,"column":76}},"type":"binary-expr","locations":[{"start":{"line":187,"column":13},"end":{"line":187,"column":21}},{"start":{"line":187,"column":25},"end":{"line":187,"column":76}}],"line":187},"16":{"loc":{"start":{"line":189,"column":11},"end":{"line":197,"column":11}},"type":"binary-expr","locations":[{"start":{"line":189,"column":11},"end":{"line":189,"column":26}},{"start":{"line":190,"column":12},"end":{"line":196,"column":26}}],"line":189},"17":{"loc":{"start":{"line":193,"column":27},"end":{"line":193,"column":72}},"type":"cond-expr","locations":[{"start":{"line":193,"column":36},"end":{"line":193,"column":60}},{"start":{"line":193,"column":63},"end":{"line":193,"column":72}}],"line":193},"18":{"loc":{"start":{"line":203,"column":7},"end":{"line":203,"column":70}},"type":"binary-expr","locations":[{"start":{"line":203,"column":7},"end":{"line":203,"column":14}},{"start":{"line":203,"column":18},"end":{"line":203,"column":70}}],"line":203},"19":{"loc":{"start":{"line":232,"column":31},"end":{"line":232,"column":78}},"type":"binary-expr","locations":[{"start":{"line":232,"column":31},"end":{"line":232,"column":54}},{"start":{"line":232,"column":58},"end":{"line":232,"column":78}}],"line":232},"20":{"loc":{"start":{"line":239,"column":11},"end":{"line":239,"column":61}},"type":"cond-expr","locations":[{"start":{"line":239,"column":40},"end":{"line":239,"column":49}},{"start":{"line":239,"column":52},"end":{"line":239,"column":61}}],"line":239},"21":{"loc":{"start":{"line":242,"column":12},"end":{"line":242,"column":49}},"type":"cond-expr","locations":[{"start":{"line":242,"column":24},"end":{"line":242,"column":37}},{"start":{"line":242,"column":40},"end":{"line":242,"column":49}}],"line":242},"22":{"loc":{"start":{"line":243,"column":13},"end":{"line":243,"column":32}},"type":"cond-expr","locations":[{"start":{"line":243,"column":25},"end":{"line":243,"column":28}},{"start":{"line":243,"column":31},"end":{"line":243,"column":32}}],"line":243},"23":{"loc":{"start":{"line":281,"column":2},"end":{"line":281,"column":26}},"type":"default-arg","locations":[{"start":{"line":281,"column":17},"end":{"line":281,"column":26}}],"line":281},"24":{"loc":{"start":{"line":282,"column":2},"end":{"line":282,"column":24}},"type":"default-arg","locations":[{"start":{"line":282,"column":16},"end":{"line":282,"column":24}}],"line":282},"25":{"loc":{"start":{"line":283,"column":2},"end":{"line":283,"column":20}},"type":"default-arg","locations":[{"start":{"line":283,"column":12},"end":{"line":283,"column":20}}],"line":283},"26":{"loc":{"start":{"line":284,"column":2},"end":{"line":284,"column":17}},"type":"default-arg","locations":[{"start":{"line":284,"column":12},"end":{"line":284,"column":17}}],"line":284},"27":{"loc":{"start":{"line":301,"column":25},"end":{"line":301,"column":64}},"type":"cond-expr","locations":[{"start":{"line":301,"column":34},"end":{"line":301,"column":52}},{"start":{"line":301,"column":55},"end":{"line":301,"column":64}}],"line":301},"28":{"loc":{"start":{"line":310,"column":25},"end":{"line":310,"column":65}},"type":"cond-expr","locations":[{"start":{"line":310,"column":34},"end":{"line":310,"column":53}},{"start":{"line":310,"column":56},"end":{"line":310,"column":65}}],"line":310},"29":{"loc":{"start":{"line":312,"column":13},"end":{"line":312,"column":53}},"type":"cond-expr","locations":[{"start":{"line":312,"column":23},"end":{"line":312,"column":38}},{"start":{"line":312,"column":41},"end":{"line":312,"column":53}}],"line":312}},"s":{"0":1,"1":1,"2":27,"3":1,"4":28,"5":1,"6":1,"7":1,"8":1,"9":1,"10":1,"11":1,"12":1,"13":28,"14":2,"15":1,"16":1,"17":0,"18":1,"19":28,"20":28,"21":26,"22":2,"23":0,"24":0,"25":2,"26":2,"27":2,"28":28,"29":1,"30":1,"31":67,"32":11,"33":1,"34":1,"35":11},"f":{"0":27,"1":28,"2":28,"3":2,"4":28,"5":0,"6":2,"7":67,"8":11,"9":11},"b":{"0":[12],"1":[27],"2":[16],"3":[17],"4":[1,1],"5":[2,2],"6":[0,1],"7":[1,0],"8":[26,2],"9":[28,27],"10":[0,0],"11":[16,12],"12":[2,26],"13":[28,12,28],"14":[28,16],"15":[28,2],"16":[28,27],"17":[13,14],"18":[28,12],"19":[67,56],"20":[1,10],"21":[2,9],"22":[2,9],"23":[10],"24":[10],"25":[8],"26":[9],"27":[5,6],"28":[5,6],"29":[2,9]},"_coverageSchema":"1a1c01bbd47fc00a2c39e90264f33305004495a9","hash":"01adee5f35ef360fc53adebfc66a711d60bb725e"}
,"/Users/daringanitch/workspace/Enterprise-OSINT-Platform/frontend/src/components/common/StatusIndicator.tsx": {"path":"/Users/daringanitch/workspace/Enterprise-OSINT-Platform/frontend/src/components/common/StatusIndicator.tsx","statementMap":{"0":{"start":{"line":31,"column":23},"end":{"line":44,"column":1}},"1":{"start":{"line":46,"column":22},"end":{"line":77,"column":1}},"2":{"start":{"line":79,"column":19},"end":{"line":83,"column":1}},"3":{"start":{"line":85,"column":18},"end":{"line":89,"column":2}},"4":{"start":{"line":91,"column":18},"end":{"line":107,"column":3}},"5":{"start":{"line":93,"column":4},"end":{"line":93,"column":70}},"6":{"start":{"line":98,"column":46},"end":{"line":107,"column":1}},"7":{"start":{"line":109,"column":20},"end":{"line":117,"column":3}},"8":{"start":{"line":110,"column":31},"end":{"line":110,"column":71}},"9":{"start":{"line":113,"column":24},"end":{"line":117,"column":1}},"10":{"start":{"line":119,"column":19},"end":{"line":135,"column":3}},"11":{"start":{"line":121,"column":4},"end":{"line":121,"column":61}},"12":{"start":{"line":125,"column":39},"end":{"line":135,"column":1}},"13":{"start":{"line":137,"column":63},"end":{"line":178,"column":1}},"14":{"start":{"line":146,"column":26},"end":{"line":146,"column":68}},"15":{"start":{"line":148,"column":2},"end":{"line":159,"column":3}},"16":{"start":{"line":149,"column":4},"end":{"line":158,"column":6}},"17":{"start":{"line":161,"column":2},"end":{"line":177,"column":4}},"18":{"start":{"line":192,"column":54},"end":{"line":197,"column":1}},"19":{"start":{"line":199,"column":43},"end":{"line":204,"column":1}},"20":{"start":{"line":206,"column":69},"end":{"line":228,"column":1}},"21":{"start":{"line":213,"column":18},"end":{"line":213,"column":39}},"22":{"start":{"line":214,"column":16},"end":{"line":216,"column":23}},"23":{"start":{"line":218,"column":2},"end":{"line":227,"column":4}},"24":{"start":{"line":241,"column":56},"end":{"line":254,"column":1}},"25":{"start":{"line":256,"column":45},"end":{"line":269,"column":1}},"26":{"start":{"line":273,"column":4},"end":{"line":299,"column":1}},"27":{"start":{"line":274,"column":18},"end":{"line":274,"column":55}},"28":{"start":{"line":275,"column":16},"end":{"line":275,"column":46}},"29":{"start":{"line":276,"column":19},"end":{"line":284,"column":20}},"30":{"start":{"line":286,"column":2},"end":{"line":298,"column":4}}},"fnMap":{"0":{"name":"(anonymous_0)","decl":{"start":{"line":92,"column":21},"end":{"line":92,"column":22}},"loc":{"start":{"line":93,"column":4},"end":{"line":93,"column":70}},"line":93},"1":{"name":"(anonymous_1)","decl":{"start":{"line":98,"column":3},"end":{"line":98,"column":4}},"loc":{"start":{"line":98,"column":46},"end":{"line":107,"column":1}},"line":98},"2":{"name":"(anonymous_2)","decl":{"start":{"line":110,"column":21},"end":{"line":110,"column":22}},"loc":{"start":{"line":110,"column":31},"end":{"line":110,"column":71}},"line":110},"3":{"name":"(anonymous_3)","decl":{"start":{"line":113,"column":3},"end":{"line":113,"column":4}},"loc":{"start":{"line":113,"column":24},"end":{"line":117,"column":1}},"line":113},"4":{"name":"(anonymous_4)","decl":{"start":{"line":120,"column":21},"end":{"line":120,"column":22}},"loc":{"start":{"line":121,"column":4},"end":{"line":121,"column":61}},"line":121},"5":{"name":"(anonymous_5)","decl":{"start":{"line":125,"column":3},"end":{"line":125,"column":4}},"loc":{"start":{"line":125,"column":39},"end":{"line":135,"column":1}},"line":125},"6":{"name":"(anonymous_6)","decl":{"start":{"line":137,"column":63},"end":{"line":137,"column":64}},"loc":{"start":{"line":145,"column":6},"end":{"line":178,"column":1}},"line":145},"7":{"name":"(anonymous_7)","decl":{"start":{"line":206,"column":69},"end":{"line":206,"column":70}},"loc":{"start":{"line":212,"column":6},"end":{"line":228,"column":1}},"line":212},"8":{"name":"(anonymous_8)","decl":{"start":{"line":273,"column":4},"end":{"line":273,"column":5}},"loc":{"start":{"line":273,"column":51},"end":{"line":299,"column":1}},"line":273}},"branchMap":{"0":{"loc":{"start":{"line":104,"column":6},"end":{"line":106,"column":3}},"type":"binary-expr","locations":[{"start":{"line":104,"column":6},"end":{"line":104,"column":11}},{"start":{"line":104,"column":15},"end":{"line":106,"column":3}}],"line":104},"1":{"loc":{"start":{"line":140,"column":2},"end":{"line":140,"column":13}},"type":"default-arg","locations":[{"start":{"line":140,"column":9},"end":{"line":140,"column":13}}],"line":140},"2":{"loc":{"start":{"line":141,"column":2},"end":{"line":141,"column":15}},"type":"default-arg","locations":[{"start":{"line":141,"column":10},"end":{"line":141,"column":15}}],"line":141},"3":{"loc":{"start":{"line":142,"column":2},"end":{"line":142,"column":17}},"type":"default-arg","locations":[{"start":{"line":142,"column":12},"end":{"line":142,"column":17}}],"line":142},"4":{"loc":{"start":{"line":146,"column":26},"end":{"line":146,"column":68}},"type":"binary-expr","locations":[{"start":{"line":146,"column":26},"end":{"line":146,"column":35}},{"start":{"line":146,"column":39},"end":{"line":146,"column":68}}],"line":146},"5":{"loc":{"start":{"line":146,"column":50},"end":{"line":146,"column":66}},"type":"binary-expr","locations":[{"start":{"line":146,"column":50},"end":{"line":146,"column":55}},{"start":{"line":146,"column":59},"end":{"line":146,"column":66}}],"line":146},"6":{"loc":{"start":{"line":148,"column":2},"end":{"line":159,"column":3}},"type":"if","locations":[{"start":{"line":148,"column":2},"end":{"line":159,"column":3}},{"start":{},"end":{}}],"line":148},"7":{"loc":{"start":{"line":148,"column":6},"end":{"line":148,"column":22}},"type":"binary-expr","locations":[{"start":{"line":148,"column":6},"end":{"line":148,"column":13}},{"start":{"line":148,"column":17},"end":{"line":148,"column":22}}],"line":148},"8":{"loc":{"start":{"line":173,"column":7},"end":{"line":175,"column":7}},"type":"binary-expr","locations":[{"start":{"line":173,"column":7},"end":{"line":173,"column":12}},{"start":{"line":174,"column":8},"end":{"line":174,"column":60}}],"line":173},"9":{"loc":{"start":{"line":209,"column":2},"end":{"line":209,"column":18}},"type":"default-arg","locations":[{"start":{"line":209,"column":14},"end":{"line":209,"column":18}}],"line":209},"10":{"loc":{"start":{"line":210,"column":2},"end":{"line":210,"column":13}},"type":"default-arg","locations":[{"start":{"line":210,"column":9},"end":{"line":210,"column":13}}],"line":210},"11":{"loc":{"start":{"line":214,"column":16},"end":{"line":216,"column":23}},"type":"cond-expr","locations":[{"start":{"line":215,"column":6},"end":{"line":215,"column":39}},{"start":{"line":216,"column":6},"end":{"line":216,"column":23}}],"line":214},"12":{"loc":{"start":{"line":214,"column":16},"end":{"line":214,"column":48}},"type":"binary-expr","locations":[{"start":{"line":214,"column":16},"end":{"line":214,"column":25}},{"start":{"line":214,"column":29},"end":{"line":214,"column":48}}],"line":214},"13":{"loc":{"start":{"line":273,"column":25},"end":{"line":273,"column":36}},"type":"default-arg","locations":[{"start":{"line":273,"column":32},"end":{"line":273,"column":36}}],"line":273},"14":{"loc":{"start":{"line":274,"column":18},"end":{"line":274,"column":55}},"type":"binary-expr","locations":[{"start":{"line":274,"column":18},"end":{"line":274,"column":42}},{"start":{"line":274,"column":46},"end":{"line":274,"column":55}}],"line":274},"15":{"loc":{"start":{"line":275,"column":16},"end":{"line":275,"column":46}},"type":"binary-expr","locations":[{"start":{"line":275,"column":16},"end":{"line":275,"column":36}},{"start":{"line":275,"column":40},"end":{"line":275,"column":46}}],"line":275},"16":{"loc":{"start":{"line":289,"column":13},"end":{"line":289,"column":71}},"type":"cond-expr","locations":[{"start":{"line":289,"column":38},"end":{"line":289,"column":63}},{"start":{"line":289,"column":66},"end":{"line":289,"column":71}}],"line":289},"17":{"loc":{"start":{"line":294,"column":8},"end":{"line":294,"column":63}},"type":"cond-expr","locations":[{"start":{"line":294,"column":33},"end":{"line":294,"column":58}},{"start":{"line":294,"column":61},"end":{"line":294,"column":63}}],"line":294}},"s":{"0":1,"1":1,"2":1,"3":1,"4":1,"5":73,"6":18,"7":1,"8":5,"9":2,"10":1,"11":253,"12":42,"13":1,"14":60,"15":60,"16":42,"17":18,"18":1,"19":1,"20":1,"21":12,"22":12,"23":12,"24":1,"25":1,"26":1,"27":29,"28":29,"29":29,"30":29},"f":{"0":73,"1":18,"2":5,"3":2,"4":253,"5":42,"6":60,"7":12,"8":29},"b":{"0":[18,1],"1":[16],"2":[30],"3":[17],"4":[60,18],"5":[18,15],"6":[42,18],"7":[60,43],"8":[18,2],"9":[10],"10":[12],"11":[3,9],"12":[12,11],"13":[29],"14":[29,1],"15":[29,1],"16":[4,25],"17":[4,25]},"_coverageSchema":"1a1c01bbd47fc00a2c39e90264f33305004495a9","hash":"00922d3daef8c40c363fb101b8608b334409634a"}
[...]
:82,"column":6},"end":{"line":82,"column":21}},"22":{"start":{"line":83,"column":6},"end":{"line":83,"column":31}},"23":{"start":{"line":85,"column":6},"end":{"line":85,"column":41}},"24":{"start":{"line":93,"column":23},"end":{"line":101,"column":1}},"25":{"start":{"line":94,"column":2},"end":{"line":100,"column":4}},"26":{"start":{"line":95,"column":20},"end":{"line":95,"column":64}},"27":{"start":{"line":96,"column":4},"end":{"line":99,"column":6}},"28":{"start":{"line":106,"column":23},"end":{"line":114,"column":1}},"29":{"start":{"line":107,"column":2},"end":{"line":113,"column":4}},"30":{"start":{"line":108,"column":20},"end":{"line":108,"column":74}},"31":{"start":{"line":109,"column":4},"end":{"line":112,"column":6}},"32":{"start":{"line":119,"column":19},"end":{"line":128,"column":1}},"33":{"start":{"line":120,"column":2},"end":{"line":127,"column":4}},"34":{"start":{"line":121,"column":16},"end":{"line":121,"column":29}},"35":{"start":{"line":122,"column":20},"end":{"line":122,"column":50}},"36":{"start":{"line":123,"column":4},"end":{"line":126,"column":6}},"37":{"start":{"line":133,"column":19},"end":{"line":142,"column":1}},"38":{"start":{"line":134,"column":2},"end":{"line":141,"column":4}},"39":{"start":{"line":135,"column":16},"end":{"line":135,"column":29}},"40":{"start":{"line":136,"column":20},"end":{"line":136,"column":50}},"41":{"start":{"line":137,"column":4},"end":{"line":140,"column":6}},"42":{"start":{"line":147,"column":22},"end":{"line":155,"column":1}},"43":{"start":{"line":151,"column":2},"end":{"line":154,"column":5}},"44":{"start":{"line":151,"column":21},"end":{"line":154,"column":3}},"45":{"start":{"line":164,"column":22},"end":{"line":167,"column":1}},"46":{"start":{"line":165,"column":22},"end":{"line":165,"column":90}},"47":{"start":{"line":166,"column":2},"end":{"line":166,"column":39}},"48":{"start":{"line":172,"column":20},"end":{"line":176,"column":1}},"49":{"start":{"line":174,"column":4},"end":{"line":174,"column":97}},"50":{"start":{"line":175,"column":2},"end":{"line":175,"column":37}},"51":{"start":{"line":181,"column":20},"end":{"line":185,"column":1}},"52":{"start":{"line":183,"column":4},"end":{"line":183,"column":127}},"53":{"start":{"line":184,"column":2},"end":{"line":184,"column":37}},"54":{"start":{"line":190,"column":20},"end":{"line":200,"column":1}},"55":{"start":{"line":191,"column":42},"end":{"line":196,"column":3}},"56":{"start":{"line":197,"column":14},"end":{"line":197,"column":27}},"57":{"start":{"line":198,"column":16},"end":{"line":198,"column":51}},"58":{"start":{"line":199,"column":2},"end":{"line":199,"column":86}},"59":{"start":{"line":209,"column":23},"end":{"line":219,"column":1}},"60":{"start":{"line":210,"column":2},"end":{"line":218,"column":4}},"61":{"start":{"line":211,"column":4},"end":{"line":216,"column":5}},"62":{"start":{"line":212,"column":21},"end":{"line":212,"column":37}},"63":{"start":{"line":213,"column":6},"end":{"line":215,"column":7}},"64":{"start":{"line":214,"column":8},"end":{"line":214,"column":22}},"65":{"start":{"line":217,"column":4},"end":{"line":217,"column":29}},"66":{"start":{"line":224,"column":24},"end":{"line":231,"column":1}},"67":{"start":{"line":225,"column":2},"end":{"line":230,"column":4}},"68":{"start":{"line":226,"column":4},"end":{"line":228,"column":5}},"69":{"start":{"line":227,"column":6},"end":{"line":227,"column":31}},"70":{"start":{"line":229,"column":4},"end":{"line":229,"column":28}},"71":{"start":{"line":253,"column":41},"end":{"line":253,"column":43}},"72":{"start":{"line":254,"column":16},"end":{"line":254,"column":20}},"73":{"start":{"line":256,"column":2},"end":{"line":264,"column":3}},"74":{"start":{"line":257,"column":30},"end":{"line":257,"column":58}},"75":{"start":{"line":258,"column":19},"end":{"line":258,"column":49}},"76":{"start":{"line":260,"column":4},"end":{"line":263,"column":5}},"77":{"start":{"line":261,"column":6},"end":{"line":261,"column":41}},"78":{"start":{"line":262,"column":6},"end":{"line":262,"column":22}},"79":{"start":{"line":266,"column":2},"end":{"line":266,"column":29}},"80":{"start":{"line":273,"column":2},"end":{"line":273,"column":35}},"81":{"start":{"line":284,"column":24},"end":{"line":284,"column":26}},"82":{"start":{"line":286,"column":2},"end":{"line":288,"column":3}},"83":{"start":{"line":287,"column":4},"end":{"line":287,"column":33}},"84":{"start":{"line":289,"column":2},"end":{"line":291,"column":3}},"85":{"start":{"line":290,"column":4},"end":{"line":290,"column":32}},"86":{"start":{"line":293,"column":2},"end":{"line":293,"column":52}}},"fnMap":{"0":{"name":"(anonymous_0)","decl":{"start":{"line":22,"column":24},"end":{"line":22,"column":25}},"loc":{"start":{"line":22,"column":75},"end":{"line":27,"column":1}},"line":22},"1":{"name":"(anonymous_1)","decl":{"start":{"line":23,"column":9},"end":{"line":23,"column":10}},"loc":{"start":{"line":23,"column":21},"end":{"line":26,"column":3}},"line":23},"2":{"name":"(anonymous_2)","decl":{"start":{"line":32,"column":25},"end":{"line":32,"column":26}},"loc":{"start":{"line":32,"column":71},"end":{"line":40,"column":1}},"line":32},"3":{"name":"(anonymous_3)","decl":{"start":{"line":33,"column":9},"end":{"line":33,"column":10}},"loc":{"start":{"line":33,"column":20},"end":{"line":39,"column":3}},"line":33},"4":{"name":"(anonymous_4)","decl":{"start":{"line":45,"column":25},"end":{"line":45,"column":26}},"loc":{"start":{"line":45,"column":71},"end":{"line":53,"column":1}},"line":45},"5":{"name":"(anonymous_5)","decl":{"start":{"line":46,"column":9},"end":{"line":46,"column":10}},"loc":{"start":{"line":46,"column":20},"end":{"line":52,"column":3}},"line":46},"6":{"name":"(anonymous_6)","decl":{"start":{"line":58,"column":23},"end":{"line":58,"column":24}},"loc":{"start":{"line":58,"column":70},"end":{"line":66,"column":1}},"line":58},"7":{"name":"(anonymous_7)","decl":{"start":{"line":59,"column":9},"end":{"line":59,"column":10}},"loc":{"start":{"line":59,"column":20},"end":{"line":65,"column":3}},"line":59},"8":{"name":"(anonymous_8)","decl":{"start":{"line":71,"column":21},"end":{"line":71,"column":22}},"loc":{"start":{"line":71,"column":84},"end":{"line":74,"column":1}},"line":71},"9":{"name":"(anonymous_9)","decl":{"start":{"line":79,"column":19},"end":{"line":79,"column":20}},"loc":{"start":{"line":79,"column":72},"end":{"line":88,"column":1}},"line":79},"10":{"name":"(anonymous_10)","decl":{"start":{"line":80,"column":9},"end":{"line":80,"column":10}},"loc":{"start":{"line":80,"column":20},"end":{"line":87,"column":3}},"line":80},"11":{"name":"(anonymous_11)","decl":{"start":{"line":93,"column":23},"end":{"line":93,"column":24}},"loc":{"start":{"line":93,"column":73},"end":{"line":101,"column":1}},"line":93},"12":{"name":"(anonymous_12)","decl":{"start":{"line":94,"column":9},"end":{"line":94,"column":10}},"loc":{"start":{"line":94,"column":20},"end":{"line":100,"column":3}},"line":94},"13":{"name":"(anonymous_13)","decl":{"start":{"line":106,"column":23},"end":{"line":106,"column":24}},"loc":{"start":{"line":106,"column":79},"end":{"line":114,"column":1}},"line":106},"14":{"name":"(anonymous_14)","decl":{"start":{"line":107,"column":9},"end":{"line":107,"column":10}},"loc":{"start":{"line":107,"column":20},"end":{"line":113,"column":3}},"line":107},"15":{"name":"(anonymous_15)","decl":{"start":{"line":119,"column":19},"end":{"line":119,"column":20}},"loc":{"start":{"line":119,"column":70},"end":{"line":128,"column":1}},"line":119},"16":{"name":"(anonymous_16)","decl":{"start":{"line":120,"column":9},"end":{"line":120,"column":10}},"loc":{"start":{"line":120,"column":20},"end":{"line":127,"column":3}},"line":120},"17":{"name":"(anonymous_17)","decl":{"start":{"line":133,"column":19},"end":{"line":133,"column":20}},"loc":{"start":{"line":133,"column":70},"end":{"line":142,"column":1}},"line":133},"18":{"name":"(anonymous_18)","decl":{"start":{"line":134,"column":9},"end":{"line":134,"column":10}},"loc":{"start":{"line":134,"column":20},"end":{"line":141,"column":3}},"line":134},"19":{"name":"(anonymous_19)","decl":{"start":{"line":147,"column":22},"end":{"line":147,"column":23}},"loc":{"start":{"line":150,"column":19},"end":{"line":155,"column":1}},"line":150},"20":{"name":"(anonymous_20)","decl":{"start":{"line":151,"column":9},"end":{"line":151,"column":10}},"loc":{"start":{"line":151,"column":21},"end":{"line":154,"column":3}},"line":151},"21":{"name":"(anonymous_21)","decl":{"start":{"line":164,"column":22},"end":{"line":164,"column":23}},"loc":{"start":{"line":164,"column":83},"end":{"line":167,"column":1}},"line":164},"22":{"name":"(anonymous_22)","decl":{"start":{"line":172,"column":20},"end":{"line":172,"column":21}},"loc":{"start":{"line":172,"column":82},"end":{"line":176,"column":1}},"line":172},"23":{"name":"(anonymous_23)","decl":{"start":{"line":181,"column":20},"end":{"line":181,"column":21}},"loc":{"start":{"line":181,"column":82},"end":{"line":185,"column":1}},"line":181},"24":{"name":"(anonymous_24)","decl":{"start":{"line":190,"column":20},"end":{"line":190,"column":21}},"loc":{"start":{"line":190,"column":97},"end":{"line":200,"column":1}},"line":190},"25":{"name":"(anonymous_25)","decl":{"start":{"line":209,"column":23},"end":{"line":209,"column":24}},"loc":{"start":{"line":209,"column":84},"end":{"line":219,"column":1}},"line":209},"26":{"name":"(anonymous_26)","decl":{"start":{"line":210,"column":9},"end":{"line":210,"column":10}},"loc":{"start":{"line":210,"column":20},"end":{"line":218,"column":3}},"line":210},"27":{"name":"(anonymous_27)","decl":{"start":{"line":224,"column":24},"end":{"line":224,"column":25}},"loc":{"start":{"line":224,"column":79},"end":{"line":231,"column":1}},"line":224},"28":{"name":"(anonymous_28)","decl":{"start":{"line":225,"column":9},"end":{"line":225,"column":10}},"loc":{"start":{"line":225,"column":20},"end":{"line":230,"column":3}},"line":225},"29":{"name":"validateForm","decl":{"start":{"line":250,"column":16},"end":{"line":250,"column":28}},"loc":{"start":{"line":252,"column":24},"end":{"line":267,"column":1}},"line":252},"30":{"name":"formatErrorForScreenReader","decl":{"start":{"line":272,"column":16},"end":{"line":272,"column":42}},"loc":{"start":{"line":272,"column":86},"end":{"line":274,"column":1}},"line":272},"31":{"name":"getAriaDescribedBy","decl":{"start":{"line":279,"column":16},"end":{"line":279,"column":34}},"loc":{"start":{"line":283,"column":22},"end":{"line":294,"column":1}},"line":283}},"branchMap":{"0":{"loc":{"start":{"line":22,"column":25},"end":{"line":22,"column":59}},"type":"default-arg","locations":[{"start":{"line":22,"column":35},"end":{"line":22,"column":59}}],"line":22},"1":{"loc":{"start":{"line":24,"column":13},"end":{"line":24,"column":84}},"type":"binary-expr","locations":[{"start":{"line":24,"column":13},"end":{"line":24,"column":32}},{"start":{"line":24,"column":36},"end":{"line":24,"column":50}},{"start":{"line":24,"column":54},"end":{"line":24,"column":84}}],"line":24},"2":{"loc":{"start":{"line":25,"column":13},"end":{"line":25,"column":40}},"type":"cond-expr","locations":[{"start":{"line":25,"column":21},"end":{"line":25,"column":30}},{"start":{"line":25,"column":33},"end":{"line":25,"column":40}}],"line":25},"3":{"loc":{"start":{"line":37,"column":15},"end":{"line":37,"column":84}},"type":"cond-expr","locations":[{"start":{"line":37,"column":25},"end":{"line":37,"column":34}},{"start":{"line":37,"column":37},"end":{"line":37,"column":84}}],"line":37},"4":{"loc":{"start":{"line":37,"column":37},"end":{"line":37,"column":84}},"type":"binary-expr","locations":[{"start":{"line":37,"column":37},"end":{"line":37,"column":44}},{"start":{"line":37,"column":48},"end":{"line":37,"column":84}}],"line":37},"5":{"loc":{"start":{"line":50,"column":15},"end":{"line":50,"column":88}},"type":"cond-expr","locations":[{"start":{"line":50,"column":25},"end":{"line":50,"column":34}},{"start":{"line":50,"column":37},"end":{"line":50,"column":88}}],"line":50},"6":{"loc":{"start":{"line":50,"column":37},"end":{"line":50,"column":88}},"type":"binary-expr","locations":[{"start":{"line":50,"column":37},"end":{"line":50,"column":44}},{"start":{"line":50,"column":48},"end":{"line":50,"column":88}}],"line":50},"7":{"loc":{"start":{"line":63,"column":15},"end":{"line":63,"column":44}},"type":"cond-expr","locations":[{"start":{"line":63,"column":25},"end":{"line":63,"column":34}},{"start":{"line":63,"column":37},"end":{"line":63,"column":44}}],"line":63},"8":{"loc":{"start":{"line":71,"column":22},"end":{"line":71,"column":68}},"type":"default-arg","locations":[{"start":{"line":71,"column":32},"end":{"line":71,"column":68}}],"line":71},"9":{"loc":{"start":{"line":79,"column":20},"end":{"line":79,"column":56}},"type":"default-arg","locations":[{"start":{"line":79,"column":30},"end":{"line":79,"column":56}}],"line":79},"10":{"loc":{"start":{"line":93,"column":24},"end":{"line":93,"column":57}},"type":"default-arg","locations":[{"start":{"line":93,"column":34},"end":{"line":93,"column":57}}],"line":93},"11":{"loc":{"start":{"line":95,"column":20},"end":{"line":95,"column":64}},"type":"binary-expr","locations":[{"start":{"line":95,"column":20},"end":{"line":95,"column":41}},{"start":{"line":95,"column":45},"end":{"line":95,"column":64}}],"line":95},"12":{"loc":{"start":{"line":98,"column":15},"end":{"line":98,"column":44}},"type":"cond-expr","locations":[{"start":{"line":98,"column":25},"end":{"line":98,"column":34}},{"start":{"line":98,"column":37},"end":{"line":98,"column":44}}],"line":98},"13":{"loc":{"start":{"line":106,"column":24},"end":{"line":106,"column":63}},"type":"default-arg","locations":[{"start":{"line":106,"column":34},"end":{"line":106,"column":63}}],"line":106},"14":{"loc":{"start":{"line":108,"column":20},"end":{"line":108,"column":74}},"type":"binary-expr","locations":[{"start":{"line":108,"column":20},"end":{"line":108,"column":51}},{"start":{"line":108,"column":55},"end":{"line":108,"column":74}}],"line":108},"15":{"loc":{"start":{"line":111,"column":15},"end":{"line":111,"column":44}},"type":"cond-expr","locations":[{"start":{"line":111,"column":25},"end":{"line":111,"column":34}},{"start":{"line":111,"column":37},"end":{"line":111,"column":44}}],"line":111},"16":{"loc":{"start":{"line":122,"column":20},"end":{"line":122,"column":50}},"type":"binary-expr","locations":[{"start":{"line":122,"column":20},"end":{"line":122,"column":31}},{"start":{"line":122,"column":35},"end":{"line":122,"column":50}}],"line":122},"17":{"loc":{"start":{"line":125,"column":15},"end":{"line":125,"column":78}},"type":"cond-expr","locations":[{"start":{"line":125,"column":25},"end":{"line":125,"column":34}},{"start":{"line":125,"column":37},"end":{"line":125,"column":78}}],"line":125},"18":{"loc":{"start":{"line":125,"column":37},"end":{"line":125,"column":78}},"type":"binary-expr","locations":[{"start":{"line":125,"column":37},"end":{"line":125,"column":44}},{"start":{"line":125,"column":48},"end":{"line":125,"column":78}}],"line":125},"19":{"loc":{"start":{"line":136,"column":20},"end":{"line":136,"column":50}},"type":"binary-expr","locations":[{"start":{"line":136,"column":20},"end":{"line":136,"column":31}},{"start":{"line":136,"column":35},"end":{"line":136,"column":50}}],"line":136},"20":{"loc":{"start":{"line":139,"column":15},"end":{"line":139,"column":82}},"type":"cond-expr","locations":[{"start":{"line":139,"column":25},"end":{"line":139,"column":34}},{"start":{"line":139,"column":37},"end":{"line":139,"column":82}}],"line":139},"21":{"loc":{"start":{"line":139,"column":37},"end":{"line":139,"column":82}},"type":"binary-expr","locations":[{"start":{"line":139,"column":37},"end":{"line":139,"column":44}},{"start":{"line":139,"column":48},"end":{"line":139,"column":82}}],"line":139},"22":{"loc":{"start":{"line":153,"column":13},"end":{"line":153,"column":51}},"type":"cond-expr","locations":[{"start":{"line":153,"column":32},"end":{"line":153,"column":41}},{"start":{"line":153,"column":44},"end":{"line":153,"column":51}}],"line":153},"23":{"loc":{"start":{"line":164,"column":23},"end":{"line":164,"column":67}},"type":"default-arg","locations":[{"start":{"line":164,"column":33},"end":{"line":164,"column":67}}],"line":164},"24":{"loc":{"start":{"line":172,"column":21},"end":{"line":172,"column":66}},"type":"default-arg","locations":[{"start":{"line":172,"column":31},"end":{"line":172,"column":66}}],"line":172},"25":{"loc":{"start":{"line":181,"column":21},"end":{"line":181,"column":66}},"type":"default-arg","locations":[{"start":{"line":181,"column":31},"end":{"line":181,"column":66}}],"line":181},"26":{"loc":{"start":{"line":199,"column":24},"end":{"line":199,"column":84}},"type":"binary-expr","locations":[{"start":{"line":199,"column":24},"end":{"line":199,"column":31}},{"start":{"line":199,"column":35},"end":{"line":199,"column":84}}],"line":199},"27":{"loc":{"start":{"line":213,"column":6},"end":{"line":215,"column":7}},"type":"if","locations":[{"start":{"line":213,"column":6},"end":{"line":215,"column":7}},{"start":{},"end":{}}],"line":213},"28":{"loc":{"start":{"line":226,"column":4},"end":{"line":228,"column":5}},"type":"if","locations":[{"start":{"line":226,"column":4},"end":{"line":228,"column":5}},{"start":{},"end":{}}],"line":226},"29":{"loc":{"start":{"line":226,"column":8},"end":{"line":226,"column":79}},"type":"binary-expr","locations":[{"start":{"line":226,"column":8},"end":{"line":226,"column":27}},{"start":{"line":226,"column":31},"end":{"line":226,"column":45}},{"start":{"line":226,"column":49},"end":{"line":226,"column":79}}],"line":226},"30":{"loc":{"start":{"line":260,"column":4},"end":{"line":263,"column":5}},"type":"if","locations":[{"start":{"line":260,"column":4},"end":{"line":263,"column":5}},{"start":{},"end":{}}],"line":260},"31":{"loc":{"start":{"line":260,"column":8},"end":{"line":260,"column":41}},"type":"binary-expr","locations":[{"start":{"line":260,"column":8},"end":{"line":260,"column":23}},{"start":{"line":260,"column":27},"end":{"line":260,"column":41}}],"line":260},"32":{"loc":{"start":{"line":286,"column":2},"end":{"line":288,"column":3}},"type":"if","locations":[{"start":{"line":286,"column":2},"end":{"line":288,"column":3}},{"start":{},"end":{}}],"line":286},"33":{"loc":{"start":{"line":289,"column":2},"end":{"line":291,"column":3}},"type":"if","locations":[{"start":{"line":289,"column":2},"end":{"line":291,"column":3}},{"start":{},"end":{}}],"line":289},"34":{"loc":{"start":{"line":293,"column":9},"end":{"line":293,"column":51}},"type":"cond-expr","locations":[{"start":{"line":293,"column":26},"end":{"line":293,"column":39}},{"start":{"line":293,"column":42},"end":{"line":293,"column":51}}],"line":293}},"s":{"0":1,"1":9,"2":15,"3":1,"4":4,"5":9,"6":9,"7":1,"8":2,"9":5,"10":5,"11":1,"12":11,"13":24,"14":24,"15":1,"16":5,"17":5,"18":1,"19":1,"20":4,"21":4,"22":3,"23":1,"24":1,"25":1,"26":5,"27":5,"28":1,"29":1,"30":2,"31":2,"32":1,"33":1,"34":3,"35":3,"36":3,"37":1,"38":1,"39":3,"40":3,"41":3,"42":1,"43":1,"44":2,"45":1,"46":1,"47":1,"48":1,"49":1,"50":1,"51":1,"52":0,"53":0,"54":1,"55":3,"56":3,"57":3,"58":3,"59":1,"60":7,"61":11,"62":20,"63":20,"64":8,"65":3,"66":1,"67":2,"68":4,"69":2,"70":2,"71":3,"72":3,"73":3,"74":5,"75":5,"76":5,"77":3,"78":3,"79":3,"80":0,"81":0,"82":0,"83":0,"84":0,"85":0,"86":0},"f":{"0":9,"1":15,"2":4,"3":9,"4":2,"5":5,"6":11,"7":24,"8":5,"9":1,"10":4,"11":1,"12":5,"13":1,"14":2,"15":1,"16":3,"17":1,"18":3,"19":1,"20":2,"21":1,"22":1,"23":0,"24":3,"25":7,"26":11,"27":2,"28":4,"29":3,"30":0,"31":0},"b":{"0":[7],"1":[15,15,15],"2":[9,6],"3":[4,5],"4":[5,4],"5":[3,2],"6":[2,2],"7":[14,10],"8":[5],"9":[1],"10":[1],"11":[5,4],"12":[3,2],"13":[1],"14":[2,1],"15":[1,1],"16":[3,3],"17":[2,1],"18":[1,1],"19":[3,3],"20":[2,1],"21":[1,1],"22":[1,1],"23":[1],"24":[1],"25":[0],"26":[3,3],"27":[8,12],"28":[2,2],"29":[4,4,4],"30":[3,2],"31":[5,3],"32":[0,0],"33":[0,0],"34":[0,0]},"_coverageSchema":"1a1c01bbd47fc00a2c39e90264f33305004495a9","hash":"7d424527133997446072fccb3c5364ef0971a799"}
}
