TN:
SF:src/App.tsx
FN:41,App
FNF:1
FNH:0
FNDA:0,App
DA:31,0
DA:42,0
DA:44,0
DA:45,0
DA:48,0
LF:5
LH:0
BRDA:44,0,0,0
BRDA:44,0,1,0
BRF:2
BRH:0
end_of_record
TN:
SF:src/components/a11y/ErrorBoundary.tsx
FN:98,(anonymous_0)
FN:107,(anonymous_1)
FN:111,(anonymous_2)
FN:123,(anonymous_3)
FN:131,(anonymous_4)
FN:194,withErrorBoundary
FN:198,(anonymous_6)
FNF:7
FNH:5
FNDA:16,(anonymous_0)
FNDA:14,(anonymous_1)
FNDA:7,(anonymous_2)
FNDA:1,(anonymous_3)
FNDA:38,(anonymous_4)
FNDA:0,withErrorBoundary
FNDA:0,(anonymous_6)
DA:35,1
DA:48,1
DA:54,1
DA:61,1
DA:68,1
DA:80,1
DA:89,1
DA:99,16
DA:100,15
DA:108,14
DA:112,7
DA:115,7
DA:116,0
DA:120,7
DA:123,15
DA:124,1
DA:132,38
DA:139,38
DA:141,38
DA:143,21
DA:144,3
DA:148,18
DA:187,17
DA:198,0
DA:199,0
DA:204,0
DA:208,0
LF:27
LH:22
BRDA:115,0,0,0
BRDA:115,0,1,7
BRDA:136,1,0,38
BRDA:137,2,0,33
BRDA:141,3,0,21
BRDA:141,3,1,17
BRDA:143,4,0,3
BRDA:143,4,1,18
BRDA:156,5,0,12
BRDA:156,5,1,6
BRDA:160,6,0,18
BRDA:160,6,1,0
BRDA:160,6,2,0
BRDA:174,7,0,0
BRDA:174,7,1,0
BRDA:205,8,0,0
BRDA:205,8,1,0
BRDA:205,8,2,0
BRF:18
BRH:10
end_of_record
TN:
SF:src/components/a11y/FocusRing.tsx
FN:15,(anonymous_0)
FN:53,useKeyboardNavigation
FN:56,(anonymous_2)
FN:57,(anonymous_3)
FN:63,(anonymous_4)
FN:70,(anonymous_5)
FN:97,(anonymous_6)
FN:108,(anonymous_7)
FN:130,(anonymous_8)
FN:169,(anonymous_9)
FN:176,(anonymous_10)
FN:198,(anonymous_11)
FNF:12
FNH:7
FNDA:0,(anonymous_0)
FNDA:5,useKeyboardNavigation
FNDA:5,(anonymous_2)
FNDA:0,(anonymous_3)
FNDA:0,(anonymous_4)
FNDA:5,(anonymous_5)
FNDA:36,(anonymous_6)
FNDA:5,(anonymous_7)
FNDA:5,(anonymous_8)
FNDA:1,(anonymous_9)
FNDA:0,(anonymous_10)
FNDA:0,(anonymous_11)
DA:15,1
DA:16,0
DA:54,5
DA:56,5
DA:57,5
DA:58,0
DA:59,0
DA:63,5
DA:64,0
DA:67,5
DA:68,5
DA:70,5
DA:71,5
DA:72,5
DA:76,5
DA:96,1
DA:98,36
DA:108,5
DA:130,1
DA:138,5
DA:140,5
DA:168,1
DA:170,1
DA:177,0
DA:184,0
DA:198,1
DA:204,0
LF:27
LH:20
BRDA:58,0,0,0
BRDA:58,0,1,0
BRDA:112,1,0,1
BRDA:112,1,1,4
BRDA:112,2,0,5
BRDA:112,2,1,4
BRDA:132,3,0,4
BRDA:133,4,0,4
BRDA:134,5,0,4
BRDA:135,6,0,5
BRDA:136,7,0,4
BRDA:190,8,0,0
BRDA:190,8,1,0
BRDA:200,9,0,0
BRDA:201,10,0,0
BRDA:202,11,0,0
BRF:16
BRH:9
end_of_record
TN:
SF:src/components/a11y/SkipLinks.tsx
FN:64,(anonymous_0)
FN:68,(anonymous_1)
FN:84,(anonymous_2)
FN:88,(anonymous_3)
FNF:4
FNH:4
FNDA:6,(anonymous_0)
FNDA:1,(anonymous_1)
FNDA:12,(anonymous_2)
FNDA:1,(anonymous_3)
DA:26,1
DA:31,1
DA:38,1
DA:64,1
DA:68,6
DA:69,1
DA:70,1
DA:72,1
DA:74,1
DA:75,1
DA:77,1
DA:78,1
DA:82,6
DA:85,12
DA:88,1
LF:15
LH:15
BRDA:65,0,0,5
BRDA:72,1,0,1
BRDA:72,1,1,0
BRDA:74,2,0,1
BRDA:74,2,1,0
BRDA:90,3,0,4
BRDA:90,3,1,8
BRF:7
BRH:5
end_of_record
TN:
SF:src/components/a11y/VisuallyHidden.tsx
FN:22,(anonymous_0)
FN:46,(anonymous_1)
FNF:2
FNH:2
FNDA:6,(anonymous_0)
FNDA:6,(anonymous_1)
DA:22,6
DA:46,1
DA:52,6
DA:66,1
LF:4
LH:4
BRDA:32,0,0,6
BRDA:32,0,1,1
BRDA:48,1,0,5
BRDA:49,2,0,5
BRF:4
BRH:4
end_of_record
TN:
SF:src/components/a11y/index.ts
FNF:0
FNH:0
LF:0
LH:0
BRF:0
BRH:0
end_of_record
TN:
SF:src/components/common/Button.tsx
FN:128,(anonymous_0)
FN:134,(anonymous_1)
FN:160,(anonymous_2)
FNF:3
FNH:3
FNDA:214,(anonymous_0)
FNDA:21,(anonymous_1)
FNDA:21,(anonymous_2)
DA:37,1
DA:55,1
DA:127,1
DA:129,214
DA:134,21
DA:152,1
DA:160,1
DA:172,21
LF:8
LH:8
BRDA:142,0,0,21
BRDA:142,0,1,4
BRDA:161,1,0,15
BRDA:162,2,0,18
BRDA:163,3,0,17
BRDA:177,4,0,21
BRDA:177,4,1,19
BRDA:178,5,0,17
BRDA:178,5,1,4
BRDA:179,6,0,17
BRDA:179,6,1,4
BRDA:186,7,0,21
BRDA:186,7,1,4
BRF:13
BRH:13
end_of_record
TN:
SF:src/components/common/Card.tsx
FN:122,(anonymous_0)
FN:129,(anonymous_1)
FN:180,(anonymous_2)
FN:181,(anonymous_3)
FN:194,(anonymous_4)
FN:266,(anonymous_5)
FN:300,(anonymous_6)
FN:353,(anonymous_7)
FN:354,(anonymous_8)
FN:383,(anonymous_9)
FNF:10
FNH:9
FNDA:239,(anonymous_0)
FNDA:22,(anonymous_1)
FNDA:45,(anonymous_2)
FNDA:22,(anonymous_3)
FNDA:22,(anonymous_4)
FNDA:0,(anonymous_5)
FNDA:2,(anonymous_6)
FNDA:7,(anonymous_7)
FNDA:3,(anonymous_8)
FNDA:7,(anonymous_9)
DA:59,1
DA:66,1
DA:121,1
DA:123,239
DA:129,22
DA:161,1
DA:163,1
DA:179,1
DA:180,45
DA:181,22
DA:188,1
DA:194,1
DA:211,22
DA:212,22
DA:215,22
DA:217,22
DA:218,1
DA:241,21
DA:255,21
DA:256,0
DA:267,0
DA:268,0
DA:269,0
DA:290,21
DA:301,2
DA:302,2
DA:303,2
DA:329,1
DA:335,1
DA:339,1
DA:345,1
DA:352,1
DA:353,7
DA:354,3
DA:370,1
DA:383,1
DA:390,7
LF:37
LH:33
BRDA:133,0,0,22
BRDA:133,0,1,5
BRDA:136,1,0,0
BRDA:136,1,1,5
BRDA:136,2,0,5
BRDA:136,2,1,5
BRDA:139,3,0,0
BRDA:139,3,1,5
BRDA:139,4,0,5
BRDA:139,4,1,5
BRDA:140,5,0,0
BRDA:140,5,1,0
BRDA:149,6,0,22
BRDA:149,6,1,0
BRDA:200,7,0,18
BRDA:201,8,0,17
BRDA:203,9,0,21
BRDA:204,10,0,18
BRDA:207,11,0,22
BRDA:209,12,0,22
BRDA:212,13,0,22
BRDA:212,13,1,22
BRDA:215,14,0,0
BRDA:215,14,1,22
BRDA:217,15,0,1
BRDA:217,15,1,21
BRDA:227,16,0,1
BRDA:227,16,1,0
BRDA:227,16,2,1
BRDA:230,17,0,1
BRDA:230,17,1,1
BRDA:242,18,0,21
BRDA:242,18,1,18
BRDA:242,18,2,18
BRDA:242,18,3,3
BRDA:250,19,0,21
BRDA:250,19,1,1
BRDA:255,20,0,0
BRDA:255,20,1,21
BRDA:262,21,0,0
BRDA:262,21,1,0
BRDA:263,22,0,0
BRDA:263,22,1,0
BRDA:265,23,0,0
BRDA:265,23,1,0
BRDA:267,24,0,0
BRDA:267,24,1,0
BRDA:267,25,0,0
BRDA:267,25,1,0
BRDA:274,26,0,0
BRDA:274,26,1,0
BRDA:280,27,0,0
BRDA:280,27,1,0
BRDA:281,28,0,0
BRDA:281,28,1,0
BRDA:296,29,0,5
BRDA:296,29,1,16
BRDA:297,30,0,5
BRDA:297,30,1,16
BRDA:299,31,0,5
BRDA:299,31,1,16
BRDA:301,32,0,2
BRDA:301,32,1,0
BRDA:301,33,0,2
BRDA:301,33,1,1
BRDA:308,34,0,5
BRDA:308,34,1,16
BRDA:358,35,0,1
BRDA:358,35,1,2
BRDA:360,36,0,1
BRDA:360,36,1,1
BRDA:363,37,0,1
BRDA:363,37,1,2
BRDA:365,38,0,1
BRDA:365,38,1,1
BRDA:392,39,0,7
BRDA:392,39,1,1
BRDA:396,40,0,7
BRDA:396,40,1,4
BRDA:396,40,2,3
BRDA:398,41,0,1
BRDA:398,41,1,2
BRDA:398,42,0,1
BRDA:398,42,1,1
BRF:84
BRH:59
end_of_record
TN:
SF:src/components/common/FormField.tsx
FN:88,(anonymous_0)
FN:210,(anonymous_1)
FN:236,(anonymous_2)
FN:255,(anonymous_3)
FN:314,(anonymous_4)
FN:329,(anonymous_5)
FN:406,(anonymous_6)
FN:421,(anonymous_7)
FN:465,(anonymous_8)
FNF:9
FNH:9
FNDA:10,(anonymous_0)
FNDA:7,(anonymous_1)
FNDA:1,(anonymous_2)
FNDA:21,(anonymous_3)
FNDA:8,(anonymous_4)
FNDA:1,(anonymous_5)
FNDA:11,(anonymous_6)
FNDA:1,(anonymous_7)
FNDA:7,(anonymous_8)
DA:44,1
DA:88,1
DA:97,10
DA:155,1
DA:194,1
DA:210,1
DA:223,7
DA:225,7
DA:236,1
DA:256,21
DA:291,1
DA:304,1
DA:314,1
DA:323,8
DA:329,1
DA:373,1
DA:396,1
DA:406,1
DA:415,11
DA:421,1
DA:465,1
DA:475,7
LF:22
LH:22
BRDA:105,0,0,1
BRDA:105,0,1,9
BRDA:108,1,0,1
BRDA:108,1,1,9
BRDA:220,2,0,7
BRDA:250,3,0,7
BRDA:250,3,1,1
BRDA:265,4,0,7
BRDA:265,4,1,2
BRDA:337,5,0,8
BRDA:337,5,1,1
BRDA:411,6,0,7
BRDA:429,7,0,11
BRDA:429,7,1,1
BRDA:433,8,0,1
BRDA:433,8,1,0
BRDA:468,9,0,7
BRDA:469,10,0,7
BRDA:484,11,0,6
BRDA:484,11,1,1
BRDA:485,12,0,6
BRDA:485,12,1,1
BRF:22
BRH:21
end_of_record
TN:
SF:src/components/common/Loading.tsx
FN:45,(anonymous_0)
FN:105,(anonymous_1)
FN:106,(anonymous_2)
FN:115,(anonymous_3)
FN:172,(anonymous_4)
FN:173,(anonymous_5)
FN:197,(anonymous_6)
FN:273,(anonymous_7)
FN:320,(anonymous_8)
FN:334,(anonymous_9)
FN:387,(anonymous_10)
FN:395,(anonymous_11)
FN:404,(anonymous_12)
FN:406,(anonymous_13)
FNF:14
FNH:14
FNDA:20,(anonymous_0)
FNDA:137,(anonymous_1)
FNDA:17,(anonymous_2)
FNDA:17,(anonymous_3)
FNDA:13,(anonymous_4)
FNDA:4,(anonymous_5)
FNDA:6,(anonymous_6)
FNDA:7,(anonymous_7)
FNDA:6,(anonymous_8)
FNDA:20,(anonymous_9)
FNDA:5,(anonymous_10)
FNDA:22,(anonymous_11)
FNDA:30,(anonymous_12)
FNDA:130,(anonymous_13)
DA:35,1
DA:41,1
DA:45,1
DA:51,20
DA:82,1
DA:86,1
DA:93,1
DA:98,1
DA:104,1
DA:105,137
DA:106,17
DA:115,1
DA:124,17
DA:165,1
DA:171,1
DA:172,13
DA:173,4
DA:191,1
DA:197,1
DA:204,6
DA:230,1
DA:239,1
DA:253,1
DA:258,1
DA:267,1
DA:273,1
DA:278,7
DA:306,1
DA:313,1
DA:320,1
DA:326,6
DA:335,20
DA:362,1
DA:369,1
DA:377,1
DA:387,1
DA:392,5
DA:396,22
DA:405,30
DA:407,130
LF:40
LH:40
BRDA:46,0,0,6
BRDA:47,1,0,17
BRDA:48,2,0,19
BRDA:117,3,0,15
BRDA:118,4,0,12
BRDA:119,5,0,11
BRDA:121,6,0,17
BRDA:126,7,0,17
BRDA:126,7,1,11
BRDA:126,7,2,7
BRDA:128,8,0,7
BRDA:128,8,1,5
BRDA:129,9,0,7
BRDA:129,9,1,6
BRDA:129,9,2,6
BRDA:135,10,0,2
BRDA:135,10,1,15
BRDA:139,11,0,17
BRDA:139,11,1,15
BRDA:183,12,0,3
BRDA:183,12,1,1
BRDA:186,13,0,3
BRDA:186,13,1,1
BRDA:200,14,0,5
BRDA:207,15,0,6
BRDA:207,15,1,4
BRDA:210,16,0,4
BRDA:210,16,1,1
BRDA:274,17,0,6
BRDA:275,18,0,6
BRDA:280,19,0,7
BRDA:280,19,1,6
BRDA:321,20,0,5
BRDA:322,21,0,5
BRDA:323,22,0,5
BRDA:328,23,0,6
BRDA:328,23,1,5
BRDA:338,24,0,6
BRDA:338,24,1,14
BRDA:343,25,0,6
BRDA:343,25,1,1
BRDA:388,26,0,4
BRDA:389,27,0,4
BRF:43
BRH:43
end_of_record
TN:
SF:src/components/common/Modal.tsx
FN:59,Transition
FN:66,(anonymous_1)
FN:132,(anonymous_2)
FN:146,(anonymous_3)
FN:159,(anonymous_4)
FN:162,(anonymous_5)
FN:169,(anonymous_6)
FN:232,(anonymous_7)
FN:234,(anonymous_8)
FN:275,(anonymous_9)
FNF:10
FNH:9
FNDA:27,Transition
FNDA:28,(anonymous_1)
FNDA:28,(anonymous_2)
FNDA:2,(anonymous_3)
FNDA:28,(anonymous_4)
FNDA:0,(anonymous_5)
FNDA:2,(anonymous_6)
FNDA:67,(anonymous_7)
FNDA:11,(anonymous_8)
FNDA:11,(anonymous_9)
DA:51,1
DA:59,1
DA:63,27
DA:66,28
DA:80,1
DA:88,1
DA:92,1
DA:99,1
DA:104,1
DA:115,1
DA:123,1
DA:132,1
DA:145,28
DA:147,2
DA:148,1
DA:150,1
DA:151,0
DA:153,1
DA:159,28
DA:160,28
DA:162,2
DA:163,0
DA:164,0
DA:168,2
DA:169,2
DA:172,28
DA:225,1
DA:231,1
DA:232,67
DA:234,11
DA:255,1
DA:275,1
DA:287,11
LF:33
LH:30
BRDA:139,0,0,12
BRDA:140,1,0,27
BRDA:141,2,0,16
BRDA:142,3,0,17
BRDA:147,4,0,1
BRDA:147,4,1,1
BRDA:147,5,0,2
BRDA:147,5,1,2
BRDA:150,6,0,0
BRDA:150,6,1,1
BRDA:150,7,0,1
BRDA:150,7,1,0
BRDA:160,8,0,26
BRDA:160,8,1,2
BRDA:160,9,0,28
BRDA:160,9,1,27
BRDA:163,10,0,0
BRDA:163,10,1,0
BRDA:179,11,0,16
BRDA:179,11,1,12
BRDA:180,12,0,2
BRDA:180,12,1,26
BRDA:183,13,0,28
BRDA:183,13,1,12
BRDA:183,13,2,28
BRDA:186,14,0,28
BRDA:186,14,1,16
BRDA:187,15,0,28
BRDA:187,15,1,2
BRDA:189,16,0,28
BRDA:189,16,1,27
BRDA:193,17,0,13
BRDA:193,17,1,14
BRDA:203,18,0,28
BRDA:203,18,1,12
BRDA:232,19,0,67
BRDA:232,19,1,56
BRDA:239,20,0,1
BRDA:239,20,1,10
BRDA:242,21,0,2
BRDA:242,21,1,9
BRDA:243,22,0,2
BRDA:243,22,1,9
BRDA:281,23,0,10
BRDA:282,24,0,10
BRDA:283,25,0,8
BRDA:284,26,0,9
BRDA:301,27,0,5
BRDA:301,27,1,6
BRDA:310,28,0,5
BRDA:310,28,1,6
BRDA:312,29,0,2
BRDA:312,29,1,9
BRF:53
BRH:49
end_of_record
TN:
SF:src/components/common/StatusIndicator.tsx
FN:92,(anonymous_0)
FN:98,(anonymous_1)
FN:110,(anonymous_2)
FN:113,(anonymous_3)
FN:120,(anonymous_4)
FN:125,(anonymous_5)
FN:137,(anonymous_6)
FN:206,(anonymous_7)
FN:273,(anonymous_8)
FNF:9
FNH:9
FNDA:73,(anonymous_0)
FNDA:18,(anonymous_1)
FNDA:5,(anonymous_2)
FNDA:2,(anonymous_3)
FNDA:253,(anonymous_4)
FNDA:42,(anonymous_5)
FNDA:60,(anonymous_6)
FNDA:12,(anonymous_7)
FNDA:29,(anonymous_8)
DA:31,1
DA:46,1
DA:79,1
DA:85,1
DA:91,1
DA:93,73
DA:98,18
DA:109,1
DA:110,5
DA:113,2
DA:119,1
DA:121,253
DA:125,42
DA:137,1
DA:146,60
DA:148,60
DA:149,42
DA:161,18
DA:192,1
DA:199,1
DA:206,1
DA:213,12
DA:214,12
DA:218,12
DA:241,1
DA:256,1
DA:273,1
DA:274,29
DA:275,29
DA:276,29
DA:286,29
LF:31
LH:31
BRDA:104,0,0,18
BRDA:104,0,1,1
BRDA:140,1,0,16
BRDA:141,2,0,30
BRDA:142,3,0,17
BRDA:146,4,0,60
BRDA:146,4,1,18
BRDA:146,5,0,18
BRDA:146,5,1,15
BRDA:148,6,0,42
BRDA:148,6,1,18
BRDA:148,7,0,60
BRDA:148,7,1,43
BRDA:173,8,0,18
BRDA:173,8,1,2
BRDA:209,9,0,10
BRDA:210,10,0,12
BRDA:214,11,0,3
BRDA:214,11,1,9
BRDA:214,12,0,12
BRDA:214,12,1,11
BRDA:273,13,0,29
BRDA:274,14,0,29
BRDA:274,14,1,1
BRDA:275,15,0,29
BRDA:275,15,1,1
BRDA:289,16,0,4
BRDA:289,16,1,25
BRDA:294,17,0,4
BRDA:294,17,1,25
BRF:30
BRH:30
end_of_record
TN:
SF:src/components/common/Toast.tsx
FN:46,(anonymous_0)
FN:47,(anonymous_1)
FN:92,SlideTransition
FN:102,(anonymous_3)
FN:127,(anonymous_4)
FN:135,(anonymous_5)
FN:137,(anonymous_6)
FN:138,(anonymous_7)
FN:138,(anonymous_8)
FN:142,(anonymous_9)
FN:150,(anonymous_10)
FN:161,(anonymous_11)
FN:170,(anonymous_12)
FN:177,(anonymous_13)
FN:184,(anonymous_14)
FN:191,(anonymous_15)
FN:216,(anonymous_16)
FN:230,(anonymous_17)
FN:266,(anonymous_18)
FNF:19
FNH:19
FNDA:305,(anonymous_0)
FNDA:38,(anonymous_1)
FNDA:38,SlideTransition
FNDA:23,(anonymous_3)
FNDA:19,(anonymous_4)
FNDA:11,(anonymous_5)
FNDA:2,(anonymous_6)
FNDA:2,(anonymous_7)
FNDA:2,(anonymous_8)
FNDA:11,(anonymous_9)
FNDA:11,(anonymous_10)
FNDA:1,(anonymous_11)
FNDA:7,(anonymous_12)
FNDA:1,(anonymous_13)
FNDA:1,(anonymous_14)
FNDA:1,(anonymous_15)
FNDA:10,(anonymous_16)
FNDA:1,(anonymous_17)
FNDA:10,(anonymous_18)
DA:45,1
DA:46,305
DA:48,38
DA:55,38
DA:57,38
DA:93,38
DA:100,1
DA:102,1
DA:103,23
DA:104,23
DA:105,4
DA:107,19
DA:127,1
DA:133,19
DA:135,19
DA:137,19
DA:138,2
DA:141,19
DA:143,11
DA:144,11
DA:150,11
DA:151,11
DA:153,11
DA:154,1
DA:156,10
DA:160,11
DA:161,11
DA:162,1
DA:169,19
DA:171,7
DA:176,19
DA:178,1
DA:183,19
DA:185,1
DA:190,19
DA:192,1
DA:197,19
DA:206,19
DA:213,19
DA:217,10
DA:230,1
DA:266,1
DA:276,10
DA:283,10
LF:44
LH:44
BRDA:104,0,0,4
BRDA:104,0,1,19
BRDA:129,1,0,17
BRDA:130,2,0,16
BRDA:131,3,0,17
BRDA:147,4,0,11
BRDA:147,4,1,9
BRDA:153,5,0,1
BRDA:153,5,1,10
BRDA:160,6,0,11
BRDA:160,6,1,0
BRDA:160,7,0,11
BRDA:160,7,1,11
BRDA:234,8,0,10
BRDA:234,8,1,6
BRDA:272,9,0,10
BRDA:286,10,0,10
BRDA:286,10,1,0
BRDA:299,11,0,10
BRDA:299,11,1,1
BRF:20
BRH:18
end_of_record
TN:
SF:src/components/common/index.ts
FNF:0
FNH:0
LF:0
LH:0
BRF:0
BRH:0
end_of_record
TN:
SF:src/components/dashboard/AnomalyPanel.tsx
FN:144,(anonymous_0)
FN:150,(anonymous_1)
FN:159,(anonymous_2)
FN:178,(anonymous_3)
FN:186,(anonymous_4)
FN:193,(anonymous_5)
FN:203,(anonymous_6)
FN:222,(anonymous_7)
FN:241,(anonymous_8)
FN:255,(anonymous_9)
FN:267,(anonymous_10)
FN:268,(anonymous_11)
FN:280,(anonymous_12)
FN:281,(anonymous_13)
FN:380,(anonymous_14)
FN:387,(anonymous_15)
FN:424,(anonymous_16)
FN:440,(anonymous_17)
FN:501,(anonymous_18)
FN:541,(anonymous_19)
FNF:20
FNH:0
FNDA:0,(anonymous_0)
FNDA:0,(anonymous_1)
FNDA:0,(anonymous_2)
FNDA:0,(anonymous_3)
FNDA:0,(anonymous_4)
FNDA:0,(anonymous_5)
FNDA:0,(anonymous_6)
FNDA:0,(anonymous_7)
FNDA:0,(anonymous_8)
FNDA:0,(anonymous_9)
FNDA:0,(anonymous_10)
FNDA:0,(anonymous_11)
FNDA:0,(anonymous_12)
FNDA:0,(anonymous_13)
FNDA:0,(anonymous_14)
FNDA:0,(anonymous_15)
FNDA:0,(anonymous_16)
FNDA:0,(anonymous_17)
FNDA:0,(anonymous_18)
FNDA:0,(anonymous_19)
DA:90,0
DA:133,0
DA:144,0
DA:150,0
DA:159,0
DA:178,0
DA:186,0
DA:193,0
DA:203,0
DA:222,0
DA:241,0
DA:251,0
DA:252,0
DA:255,0
DA:256,0
DA:257,0
DA:258,0
DA:261,0
DA:265,0
DA:267,0
DA:268,0
DA:269,0
DA:270,0
DA:271,0
DA:273,0
DA:275,0
DA:280,0
DA:281,0
DA:283,0
DA:381,0
DA:387,0
DA:425,0
DA:426,0
DA:441,0
DA:442,0
DA:502,0
DA:541,0
LF:37
LH:0
BRDA:189,0,0,0
BRDA:189,0,1,0
BRDA:190,1,0,0
BRDA:190,1,1,0
BRDA:208,2,0,0
BRDA:208,2,1,0
BRDA:209,3,0,0
BRDA:209,3,1,0
BRDA:210,4,0,0
BRDA:210,4,1,0
BRDA:211,5,0,0
BRDA:211,5,1,0
BRDA:243,6,0,0
BRDA:244,7,0,0
BRDA:245,8,0,0
BRDA:246,9,0,0
BRDA:256,10,0,0
BRDA:256,10,1,0
BRDA:257,11,0,0
BRDA:257,11,1,0
BRDA:261,12,0,0
BRDA:261,12,1,0
BRDA:270,13,0,0
BRDA:270,13,1,0
BRDA:309,14,0,0
BRDA:309,14,1,0
BRDA:314,15,0,0
BRDA:314,15,1,0
BRDA:319,16,0,0
BRDA:319,16,1,0
BRDA:335,17,0,0
BRDA:335,17,1,0
BRDA:355,18,0,0
BRDA:355,18,1,0
BRDA:365,19,0,0
BRDA:365,19,1,0
BRDA:365,19,2,0
BRDA:367,20,0,0
BRDA:367,20,1,0
BRDA:429,21,0,0
BRDA:429,21,1,0
BRDA:499,22,0,0
BRDA:499,22,1,0
BRDA:517,23,0,0
BRDA:517,23,1,0
BRDA:537,24,0,0
BRDA:537,24,1,0
BRDA:540,25,0,0
BRDA:540,25,1,0
BRDA:542,26,0,0
BRDA:542,26,1,0
BRF:51
BRH:0
end_of_record
TN:
SF:src/components/dashboard/ExecutiveSummary.tsx
FN:134,(anonymous_0)
FN:141,(anonymous_1)
FN:166,(anonymous_2)
FN:177,(anonymous_3)
FN:188,(anonymous_4)
FN:196,(anonymous_5)
FN:207,(anonymous_6)
FN:443,(anonymous_7)
FN:504,(anonymous_8)
FNF:9
FNH:0
FNDA:0,(anonymous_0)
FNDA:0,(anonymous_1)
FNDA:0,(anonymous_2)
FNDA:0,(anonymous_3)
FNDA:0,(anonymous_4)
FNDA:0,(anonymous_5)
FNDA:0,(anonymous_6)
FNDA:0,(anonymous_7)
FNDA:0,(anonymous_8)
DA:88,0
DA:116,0
DA:123,0
DA:134,0
DA:141,0
DA:166,0
DA:177,0
DA:188,0
DA:196,0
DA:207,0
DA:221,0
DA:223,0
DA:444,0
DA:505,0
LF:14
LH:0
BRDA:184,0,0,0
BRDA:184,0,1,0
BRDA:185,1,0,0
BRDA:185,1,1,0
BRDA:267,2,0,0
BRDA:267,2,1,0
BRDA:269,3,0,0
BRDA:269,3,1,0
BRDA:273,4,0,0
BRDA:273,4,1,0
BRDA:275,5,0,0
BRDA:275,5,1,0
BRDA:294,6,0,0
BRDA:294,6,1,0
BRDA:296,7,0,0
BRDA:296,7,1,0
BRDA:308,8,0,0
BRDA:308,8,1,0
BRDA:310,9,0,0
BRDA:310,9,1,0
BRDA:316,10,0,0
BRDA:316,10,1,0
BRDA:318,11,0,0
BRDA:318,11,1,0
BRDA:326,12,0,0
BRDA:326,12,1,0
BRDA:344,13,0,0
BRDA:344,13,1,0
BRDA:360,14,0,0
BRDA:360,14,1,0
BRDA:376,15,0,0
BRDA:376,15,1,0
BRDA:466,16,0,0
BRDA:466,16,1,0
BRDA:531,17,0,0
BRDA:531,17,1,0
BRDA:532,18,0,0
BRDA:532,18,1,0
BRF:38
BRH:0
end_of_record
TN:
SF:src/components/dashboard/MITREDashboard.tsx
FN:121,(anonymous_0)
FN:127,(anonymous_1)
FN:136,(anonymous_2)
FN:142,(anonymous_3)
FN:165,(anonymous_4)
FN:179,(anonymous_5)
FN:188,(anonymous_6)
FN:196,(anonymous_7)
FN:210,(anonymous_8)
FN:221,(anonymous_9)
FN:236,(anonymous_10)
FN:237,(anonymous_11)
FN:245,(anonymous_12)
FN:251,(anonymous_13)
FN:252,(anonymous_14)
FN:271,(anonymous_15)
FN:272,(anonymous_16)
FN:276,(anonymous_17)
FN:281,(anonymous_18)
FN:282,(anonymous_19)
FN:393,(anonymous_20)
FN:398,(anonymous_21)
FN:425,(anonymous_22)
FN:447,(anonymous_23)
FN:452,(anonymous_24)
FN:509,(anonymous_25)
FN:562,(anonymous_26)
FN:586,(anonymous_27)
FN:620,(anonymous_28)
FN:686,(anonymous_29)
FN:711,(anonymous_30)
FN:752,(anonymous_31)
FNF:32
FNH:0
FNDA:0,(anonymous_0)
FNDA:0,(anonymous_1)
FNDA:0,(anonymous_2)
FNDA:0,(anonymous_3)
FNDA:0,(anonymous_4)
FNDA:0,(anonymous_5)
FNDA:0,(anonymous_6)
FNDA:0,(anonymous_7)
FNDA:0,(anonymous_8)
FNDA:0,(anonymous_9)
FNDA:0,(anonymous_10)
FNDA:0,(anonymous_11)
FNDA:0,(anonymous_12)
FNDA:0,(anonymous_13)
FNDA:0,(anonymous_14)
FNDA:0,(anonymous_15)
FNDA:0,(anonymous_16)
FNDA:0,(anonymous_17)
FNDA:0,(anonymous_18)
FNDA:0,(anonymous_19)
FNDA:0,(anonymous_20)
FNDA:0,(anonymous_21)
FNDA:0,(anonymous_22)
FNDA:0,(anonymous_23)
FNDA:0,(anonymous_24)
FNDA:0,(anonymous_25)
FNDA:0,(anonymous_26)
FNDA:0,(anonymous_27)
FNDA:0,(anonymous_28)
FNDA:0,(anonymous_29)
FNDA:0,(anonymous_30)
FNDA:0,(anonymous_31)
DA:93,0
DA:110,0
DA:121,0
DA:127,0
DA:136,0
DA:142,0
DA:164,0
DA:165,0
DA:179,0
DA:188,0
DA:196,0
DA:210,0
DA:221,0
DA:229,0
DA:233,0
DA:236,0
DA:237,0
DA:238,0
DA:239,0
DA:240,0
DA:245,0
DA:246,0
DA:247,0
DA:248,0
DA:249,0
DA:251,0
DA:252,0
DA:253,0
DA:254,0
DA:255,0
DA:256,0
DA:257,0
DA:262,0
DA:271,0
DA:272,0
DA:273,0
DA:276,0
DA:277,0
DA:278,0
DA:281,0
DA:282,0
DA:283,0
DA:284,0
DA:285,0
DA:287,0
DA:289,0
DA:293,0
DA:294,0
DA:319,0
DA:394,0
DA:395,0
DA:396,0
DA:398,0
DA:399,0
DA:401,0
DA:425,0
DA:448,0
DA:452,0
DA:509,0
DA:563,0
DA:586,0
DA:620,0
DA:687,0
DA:712,0
DA:752,0
LF:65
LH:0
BRDA:146,0,0,0
BRDA:146,0,1,0
BRDA:147,1,0,0
BRDA:147,1,1,0
BRDA:171,2,0,0
BRDA:171,2,1,0
BRDA:172,3,0,0
BRDA:172,3,1,0
BRDA:173,4,0,0
BRDA:173,4,1,0
BRDA:174,5,0,0
BRDA:174,5,1,0
BRDA:200,6,0,0
BRDA:200,6,1,0
BRDA:201,7,0,0
BRDA:201,7,1,0
BRDA:204,8,0,0
BRDA:204,8,1,0
BRDA:205,9,0,0
BRDA:205,9,1,0
BRDA:223,10,0,0
BRDA:224,11,0,0
BRDA:225,12,0,0
BRDA:238,13,0,0
BRDA:238,13,1,0
BRDA:239,14,0,0
BRDA:239,14,1,0
BRDA:254,15,0,0
BRDA:254,15,1,0
BRDA:256,16,0,0
BRDA:256,16,1,0
BRDA:257,17,0,0
BRDA:257,17,1,0
BRDA:265,18,0,0
BRDA:265,18,1,0
BRDA:273,19,0,0
BRDA:273,19,1,0
BRDA:284,20,0,0
BRDA:284,20,1,0
BRDA:293,21,0,0
BRDA:293,21,1,0
BRDA:346,22,0,0
BRDA:346,22,1,0
BRDA:347,23,0,0
BRDA:347,23,1,0
BRDA:351,24,0,0
BRDA:351,24,1,0
BRDA:352,25,0,0
BRDA:352,25,1,0
BRDA:356,26,0,0
BRDA:356,26,1,0
BRDA:365,27,0,0
BRDA:365,27,1,0
BRDA:396,28,0,0
BRDA:396,28,1,0
BRDA:420,29,0,0
BRDA:420,29,1,0
BRDA:465,30,0,0
BRDA:465,30,1,0
BRDA:487,31,0,0
BRDA:487,31,1,0
BRDA:487,31,2,0
BRDA:505,32,0,0
BRDA:505,32,1,0
BRDA:512,33,0,0
BRDA:512,33,1,0
BRDA:518,34,0,0
BRDA:518,34,1,0
BRDA:532,35,0,0
BRDA:532,35,1,0
BRDA:532,35,2,0
BRDA:596,36,0,0
BRDA:596,36,1,0
BRDA:629,37,0,0
BRDA:629,37,1,0
BRDA:635,38,0,0
BRDA:635,38,1,0
BRDA:637,39,0,0
BRDA:637,39,1,0
BRDA:640,40,0,0
BRDA:640,40,1,0
BRDA:662,41,0,0
BRDA:662,41,1,0
BRDA:677,42,0,0
BRDA:677,42,1,0
BRDA:677,42,2,0
BRDA:702,43,0,0
BRDA:702,43,1,0
BRDA:702,43,2,0
BRDA:730,44,0,0
BRDA:730,44,1,0
BRDA:730,44,2,0
BRDA:732,45,0,0
BRDA:732,45,1,0
BRDA:740,46,0,0
BRDA:740,46,1,0
BRF:96
BRH:0
end_of_record
TN:
SF:src/components/dashboard/RiskCommandCenter.tsx
FN:160,(anonymous_0)
FN:166,(anonymous_1)
FN:174,(anonymous_2)
FN:182,(anonymous_3)
FN:190,(anonymous_4)
FN:197,(anonymous_5)
FN:204,(anonymous_6)
FN:212,(anonymous_7)
FN:225,(anonymous_8)
FN:240,(anonymous_9)
FN:248,(anonymous_10)
FN:309,(anonymous_11)
FN:399,(anonymous_12)
FN:407,(anonymous_13)
FN:424,(anonymous_14)
FN:437,(anonymous_15)
FN:440,(anonymous_16)
FN:445,(anonymous_17)
FN:448,(anonymous_18)
FN:517,(anonymous_19)
FN:585,(anonymous_20)
FN:588,(anonymous_21)
FN:653,(anonymous_22)
FN:657,(anonymous_23)
FNF:24
FNH:0
FNDA:0,(anonymous_0)
FNDA:0,(anonymous_1)
FNDA:0,(anonymous_2)
FNDA:0,(anonymous_3)
FNDA:0,(anonymous_4)
FNDA:0,(anonymous_5)
FNDA:0,(anonymous_6)
FNDA:0,(anonymous_7)
FNDA:0,(anonymous_8)
FNDA:0,(anonymous_9)
FNDA:0,(anonymous_10)
FNDA:0,(anonymous_11)
FNDA:0,(anonymous_12)
FNDA:0,(anonymous_13)
FNDA:0,(anonymous_14)
FNDA:0,(anonymous_15)
FNDA:0,(anonymous_16)
FNDA:0,(anonymous_17)
FNDA:0,(anonymous_18)
FNDA:0,(anonymous_19)
FNDA:0,(anonymous_20)
FNDA:0,(anonymous_21)
FNDA:0,(anonymous_22)
FNDA:0,(anonymous_23)
DA:109,0
DA:142,0
DA:149,0
DA:160,0
DA:166,0
DA:174,0
DA:182,0
DA:190,0
DA:197,0
DA:204,0
DA:212,0
DA:225,0
DA:229,0
DA:230,0
DA:231,0
DA:232,0
DA:235,0
DA:236,0
DA:237,0
DA:238,0
DA:240,0
DA:241,0
DA:242,0
DA:248,0
DA:249,0
DA:250,0
DA:251,0
DA:252,0
DA:257,0
DA:263,0
DA:267,0
DA:310,0
DA:311,0
DA:312,0
DA:313,0
DA:399,0
DA:404,0
DA:405,0
DA:408,0
DA:424,0
DA:437,0
DA:438,0
DA:439,0
DA:440,0
DA:445,0
DA:446,0
DA:447,0
DA:448,0
DA:452,0
DA:453,0
DA:470,0
DA:518,0
DA:519,0
DA:586,0
DA:588,0
DA:654,0
DA:657,0
LF:57
LH:0
BRDA:218,0,0,0
BRDA:218,0,1,0
BRDA:251,1,0,0
BRDA:251,1,1,0
BRDA:257,2,0,0
BRDA:257,2,1,0
BRDA:258,3,0,0
BRDA:258,3,1,0
BRDA:259,4,0,0
BRDA:259,4,1,0
BRDA:263,5,0,0
BRDA:263,5,1,0
BRDA:264,6,0,0
BRDA:264,6,1,0
BRDA:265,7,0,0
BRDA:265,7,1,0
BRDA:385,8,0,0
BRDA:385,8,1,0
BRDA:386,9,0,0
BRDA:386,9,1,0
BRDA:387,10,0,0
BRDA:387,10,1,0
BRDA:402,11,0,0
BRDA:430,12,0,0
BRDA:431,13,0,0
BRDA:452,14,0,0
BRDA:452,14,1,0
BRDA:548,15,0,0
BRDA:548,15,1,0
BRDA:551,16,0,0
BRDA:551,16,1,0
BRDA:554,17,0,0
BRDA:554,17,1,0
BRF:33
BRH:0
end_of_record
TN:
SF:src/components/dashboard/index.ts
FNF:0
FNH:0
LF:0
LH:0
BRF:0
BRH:0
end_of_record
TN:
SF:src/components/layout/Header.tsx
FN:162,(anonymous_0)
FN:176,(anonymous_1)
FN:180,(anonymous_2)
FN:184,(anonymous_3)
FN:191,(anonymous_4)
FN:200,(anonymous_5)
FN:203,(anonymous_6)
FN:230,(anonymous_7)
FN:300,(anonymous_8)
FN:312,(anonymous_9)
FN:324,(anonymous_10)
FNF:11
FNH:9
FNDA:34,(anonymous_0)
FNDA:5,(anonymous_1)
FNDA:3,(anonymous_2)
FNDA:0,(anonymous_3)
FNDA:3,(anonymous_4)
FNDA:34,(anonymous_5)
FNDA:41,(anonymous_6)
FNDA:2,(anonymous_7)
FNDA:1,(anonymous_8)
FNDA:0,(anonymous_9)
FNDA:2,(anonymous_10)
DA:55,1
DA:62,1
DA:73,1
DA:89,1
DA:102,1
DA:110,1
DA:121,1
DA:131,1
DA:135,1
DA:141,1
DA:147,1
DA:162,1
DA:173,34
DA:174,34
DA:176,34
DA:177,5
DA:180,34
DA:181,3
DA:184,34
DA:185,0
DA:186,0
DA:187,0
DA:191,34
DA:192,3
DA:193,3
DA:194,3
DA:195,2
DA:200,34
DA:201,34
DA:203,41
DA:209,34
DA:230,2
DA:301,1
DA:302,1
DA:313,0
DA:314,0
DA:325,2
DA:326,2
LF:38
LH:33
BRDA:164,0,0,27
BRDA:165,1,0,31
BRDA:166,2,0,21
BRDA:186,3,0,0
BRDA:186,3,1,0
BRDA:186,4,0,0
BRDA:186,4,1,0
BRDA:192,5,0,3
BRDA:192,5,1,0
BRDA:194,6,0,2
BRDA:194,6,1,1
BRDA:194,7,0,3
BRDA:194,7,1,3
BRDA:212,8,0,34
BRDA:212,8,1,13
BRDA:217,9,0,13
BRDA:217,9,1,0
BRDA:234,10,0,32
BRDA:234,10,1,2
BRDA:251,11,0,32
BRDA:251,11,1,2
BRDA:263,12,0,32
BRDA:263,12,1,2
BRDA:274,13,0,32
BRDA:274,13,1,2
BRDA:304,14,0,32
BRDA:304,14,1,2
BRDA:328,15,0,32
BRDA:328,15,1,2
BRF:29
BRH:23
end_of_record
TN:
SF:src/components/layout/Layout.tsx
FN:54,(anonymous_0)
FN:61,(anonymous_1)
FN:81,(anonymous_2)
FN:98,(anonymous_3)
FN:173,(anonymous_4)
FN:174,(anonymous_5)
FN:213,(anonymous_6)
FNF:7
FNH:6
FNDA:64,(anonymous_0)
FNDA:9,(anonymous_1)
FNDA:9,(anonymous_2)
FNDA:0,(anonymous_3)
FNDA:16,(anonymous_4)
FNDA:5,(anonymous_5)
FNDA:5,(anonymous_6)
DA:43,1
DA:44,1
DA:45,1
DA:47,1
DA:53,1
DA:55,64
DA:61,9
DA:71,1
DA:77,1
DA:81,1
DA:95,9
DA:96,9
DA:98,9
DA:99,0
DA:100,0
DA:101,0
DA:102,0
DA:103,0
DA:105,0
DA:106,0
DA:110,9
DA:112,9
DA:172,1
DA:173,16
DA:174,5
DA:180,1
DA:189,1
DA:193,1
DA:201,1
DA:207,1
DA:213,1
DA:221,5
LF:32
LH:25
BRDA:65,0,0,1
BRDA:65,0,1,8
BRDA:66,1,0,1
BRDA:66,1,1,8
BRDA:66,2,0,8
BRDA:66,2,1,0
BRDA:68,3,0,1
BRDA:68,3,1,8
BRDA:85,4,0,9
BRDA:86,5,0,8
BRDA:87,6,0,8
BRDA:89,7,0,9
BRDA:99,8,0,0
BRDA:99,8,1,0
BRDA:99,9,0,0
BRDA:99,9,1,0
BRDA:101,10,0,0
BRDA:101,10,1,0
BRDA:101,11,0,0
BRDA:101,11,1,0
BRDA:110,12,0,0
BRDA:110,12,1,9
BRDA:114,13,0,9
BRDA:114,13,1,8
BRDA:122,14,0,8
BRDA:122,14,1,0
BRDA:127,15,0,9
BRDA:127,15,1,8
BRDA:134,16,0,8
BRDA:134,16,1,0
BRDA:145,17,0,9
BRDA:145,17,1,0
BRDA:176,18,0,5
BRDA:176,18,1,5
BRDA:223,19,0,5
BRDA:223,19,1,2
BRDA:223,19,2,3
BRDA:225,20,0,3
BRDA:225,20,1,3
BRDA:228,21,0,3
BRDA:228,21,1,1
BRDA:231,22,0,3
BRDA:231,22,1,1
BRF:43
BRH:30
end_of_record
TN:
SF:src/components/layout/Sidebar.tsx
FN:119,(anonymous_0)
FN:120,(anonymous_1)
FN:150,(anonymous_2)
FN:151,(anonymous_3)
FN:187,(anonymous_4)
FN:200,(anonymous_5)
FN:201,(anonymous_6)
FN:207,(anonymous_7)
FN:213,(anonymous_8)
FN:218,(anonymous_9)
FN:227,(anonymous_10)
FN:261,(anonymous_11)
FN:281,(anonymous_12)
FN:290,(anonymous_13)
FNF:14
FNH:12
FNDA:113,(anonymous_0)
FNDA:16,(anonymous_1)
FNDA:1066,(anonymous_2)
FNDA:181,(anonymous_3)
FNDA:16,(anonymous_4)
FNDA:0,(anonymous_5)
FNDA:0,(anonymous_6)
FNDA:3,(anonymous_7)
FNDA:173,(anonymous_8)
FNDA:173,(anonymous_9)
FNDA:3,(anonymous_10)
FNDA:45,(anonymous_11)
FNDA:80,(anonymous_12)
FNDA:48,(anonymous_13)
DA:63,1
DA:118,1
DA:119,113
DA:120,16
DA:136,1
DA:140,1
DA:149,1
DA:150,1066
DA:151,181
DA:176,1
DA:187,1
DA:196,16
DA:200,16
DA:201,0
DA:207,16
DA:208,3
DA:209,3
DA:213,16
DA:214,173
DA:215,157
DA:218,16
DA:219,173
DA:220,173
DA:221,173
DA:224,173
DA:228,3
DA:229,0
DA:230,3
DA:231,3
DA:249,173
DA:261,45
DA:269,16
DA:281,80
DA:290,48
LF:34
LH:32
BRDA:121,0,0,1
BRDA:121,0,1,15
BRDA:125,1,0,1
BRDA:125,1,1,15
BRDA:150,2,0,1066
BRDA:150,2,1,885
BRDA:153,3,0,45
BRDA:153,3,1,136
BRDA:154,4,0,45
BRDA:154,4,1,136
BRDA:156,5,0,17
BRDA:156,5,1,164
BRDA:157,6,0,17
BRDA:157,6,1,164
BRDA:159,7,0,17
BRDA:159,7,1,164
BRDA:164,8,0,17
BRDA:164,8,1,164
BRDA:168,9,0,17
BRDA:168,9,1,164
BRDA:169,10,0,17
BRDA:169,10,1,164
BRDA:190,11,0,15
BRDA:191,12,0,8
BRDA:192,13,0,8
BRDA:193,14,0,7
BRDA:208,15,0,3
BRDA:208,15,1,0
BRDA:214,16,0,16
BRDA:214,16,1,157
BRDA:215,17,0,157
BRDA:215,17,1,141
BRDA:218,18,0,128
BRDA:219,19,0,173
BRDA:219,19,1,16
BRDA:228,20,0,0
BRDA:228,20,1,3
BRDA:230,21,0,3
BRDA:230,21,1,0
BRDA:234,22,0,162
BRDA:234,22,1,11
BRDA:237,23,0,173
BRDA:237,23,1,165
BRDA:240,24,0,165
BRDA:240,24,1,0
BRDA:240,24,2,0
BRDA:241,25,0,0
BRDA:241,25,1,0
BRDA:243,26,0,165
BRDA:243,26,1,15
BRDA:243,27,0,15
BRDA:243,27,1,0
BRDA:251,28,0,8
BRDA:251,28,1,165
BRDA:258,29,0,173
BRDA:258,29,1,16
BRDA:258,29,2,15
BRDA:279,30,0,16
BRDA:279,30,1,15
BRDA:288,31,0,16
BRDA:288,31,1,15
BRF:61
BRH:53
end_of_record
TN:
SF:src/components/layout/index.ts
FNF:0
FNH:0
LF:0
LH:0
BRF:0
BRH:0
end_of_record
TN:
SF:src/components/visualizations/AreaChart.tsx
FN:68,(anonymous_0)
FN:85,(anonymous_1)
FN:86,(anonymous_2)
FN:96,(anonymous_3)
FN:113,(anonymous_4)
FN:139,(anonymous_5)
FN:200,(anonymous_6)
FN:207,(anonymous_7)
FNF:8
FNH:5
FNDA:3,(anonymous_0)
FNDA:3,(anonymous_1)
FNDA:4,(anonymous_2)
FNDA:0,(anonymous_3)
FNDA:0,(anonymous_4)
FNDA:4,(anonymous_5)
FNDA:0,(anonymous_6)
FNDA:4,(anonymous_7)
DA:60,1
DA:68,1
DA:82,3
DA:84,3
DA:86,4
DA:96,3
DA:97,0
DA:99,0
DA:114,0
DA:125,3
DA:140,4
DA:201,0
DA:208,4
LF:13
LH:9
BRDA:73,0,0,3
BRDA:74,1,0,3
BRDA:75,2,0,3
BRDA:76,3,0,2
BRDA:88,4,0,4
BRDA:88,4,1,4
BRDA:89,5,0,4
BRDA:89,5,1,4
BRDA:90,6,0,4
BRDA:90,6,1,2
BRDA:91,7,0,4
BRDA:91,7,1,4
BRDA:97,8,0,0
BRDA:97,8,1,0
BRDA:97,9,0,0
BRDA:97,9,1,0
BRDA:116,10,0,0
BRDA:116,10,1,0
BRDA:127,11,0,3
BRDA:127,11,1,0
BRDA:137,12,0,3
BRDA:137,12,1,3
BRDA:162,13,0,3
BRDA:162,13,1,3
BRDA:173,14,0,0
BRDA:173,14,1,3
BRDA:187,15,0,0
BRDA:187,15,1,3
BRDA:198,16,0,3
BRDA:198,16,1,3
BRDA:214,17,0,4
BRDA:214,17,1,0
BRDA:215,18,0,4
BRDA:215,18,1,0
BRF:34
BRH:23
end_of_record
TN:
SF:src/components/visualizations/BarChart.tsx
FN:76,(anonymous_0)
FN:81,(anonymous_1)
FN:101,(anonymous_2)
FN:121,(anonymous_3)
FN:122,(anonymous_4)
FN:130,(anonymous_5)
FN:134,(anonymous_6)
FN:139,(anonymous_7)
FN:146,(anonymous_8)
FN:163,(anonymous_9)
FN:209,(anonymous_10)
FN:214,(anonymous_11)
FN:224,(anonymous_12)
FN:278,(anonymous_13)
FN:283,(anonymous_14)
FN:293,(anonymous_15)
FNF:16
FNH:11
FNDA:3,(anonymous_0)
FNDA:9,(anonymous_1)
FNDA:4,(anonymous_2)
FNDA:4,(anonymous_3)
FNDA:5,(anonymous_4)
FNDA:4,(anonymous_5)
FNDA:3,(anonymous_6)
FNDA:3,(anonymous_7)
FNDA:0,(anonymous_8)
FNDA:0,(anonymous_9)
FNDA:0,(anonymous_10)
FNDA:1,(anonymous_11)
FNDA:0,(anonymous_12)
FNDA:0,(anonymous_13)
FNDA:4,(anonymous_14)
FNDA:3,(anonymous_15)
DA:67,1
DA:76,1
DA:81,3
DA:82,9
DA:83,9
DA:86,3
DA:87,3
DA:88,3
DA:90,3
DA:91,3
DA:92,3
DA:94,3
DA:95,3
DA:96,3
DA:98,3
DA:101,1
DA:118,4
DA:120,4
DA:122,5
DA:130,4
DA:131,4
DA:133,1
DA:134,3
DA:135,1
DA:136,1
DA:137,1
DA:139,1
DA:140,3
DA:141,3
DA:142,3
DA:146,4
DA:147,0
DA:149,0
DA:164,0
DA:175,4
DA:210,0
DA:215,1
DA:225,0
DA:279,0
DA:284,4
DA:294,3
DA:309,4
LF:42
LH:36
BRDA:83,0,0,0
BRDA:83,0,1,9
BRDA:106,1,0,4
BRDA:107,2,0,4
BRDA:108,3,0,4
BRDA:109,4,0,3
BRDA:110,5,0,3
BRDA:111,6,0,4
BRDA:112,7,0,4
BRDA:124,8,0,5
BRDA:124,8,1,5
BRDA:125,9,0,5
BRDA:125,9,1,0
BRDA:131,10,0,3
BRDA:131,10,1,1
BRDA:131,11,0,4
BRDA:131,11,1,1
BRDA:137,12,0,1
BRDA:137,12,1,0
BRDA:147,13,0,0
BRDA:147,13,1,0
BRDA:147,14,0,0
BRDA:147,14,1,0
BRDA:166,15,0,0
BRDA:166,15,1,0
BRDA:175,16,0,1
BRDA:175,16,1,3
BRDA:181,17,0,1
BRDA:181,17,1,1
BRDA:189,18,0,0
BRDA:189,18,1,1
BRDA:207,19,0,1
BRDA:207,19,1,1
BRDA:207,19,2,0
BRDA:223,20,0,1
BRDA:223,20,1,0
BRDA:227,21,0,1
BRDA:227,21,1,0
BRDA:243,22,0,3
BRDA:243,22,1,3
BRDA:251,23,0,0
BRDA:251,23,1,3
BRDA:265,24,0,0
BRDA:265,24,1,3
BRDA:276,25,0,3
BRDA:276,25,1,3
BRDA:276,25,2,1
BRDA:292,26,0,4
BRDA:292,26,1,1
BRDA:296,27,0,4
BRDA:296,27,1,0
BRDA:311,28,0,4
BRDA:311,28,1,0
BRF:53
BRH:36
end_of_record
TN:
SF:src/components/visualizations/CommunityMap.tsx
FN:106,(anonymous_0)
FN:114,(anonymous_1)
FN:120,(anonymous_2)
FN:128,(anonymous_3)
FN:141,(anonymous_4)
FN:145,(anonymous_5)
FN:153,(anonymous_6)
FN:161,(anonymous_7)
FN:172,(anonymous_8)
FN:190,(anonymous_9)
FN:195,(anonymous_10)
FN:211,(anonymous_11)
FN:213,(anonymous_12)
FN:217,(anonymous_13)
FN:224,(anonymous_14)
FN:225,(anonymous_15)
FN:236,(anonymous_16)
FN:236,(anonymous_17)
FN:237,(anonymous_18)
FN:237,(anonymous_19)
FN:238,(anonymous_20)
FN:341,(anonymous_21)
FN:342,(anonymous_22)
FN:343,(anonymous_23)
FN:365,(anonymous_24)
FN:370,(anonymous_25)
FN:565,(anonymous_26)
FN:570,(anonymous_27)
FN:632,(anonymous_28)
FN:637,(anonymous_29)
FNF:30
FNH:0
FNDA:0,(anonymous_0)
FNDA:0,(anonymous_1)
FNDA:0,(anonymous_2)
FNDA:0,(anonymous_3)
FNDA:0,(anonymous_4)
FNDA:0,(anonymous_5)
FNDA:0,(anonymous_6)
FNDA:0,(anonymous_7)
FNDA:0,(anonymous_8)
FNDA:0,(anonymous_9)
FNDA:0,(anonymous_10)
FNDA:0,(anonymous_11)
FNDA:0,(anonymous_12)
FNDA:0,(anonymous_13)
FNDA:0,(anonymous_14)
FNDA:0,(anonymous_15)
FNDA:0,(anonymous_16)
FNDA:0,(anonymous_17)
FNDA:0,(anonymous_18)
FNDA:0,(anonymous_19)
FNDA:0,(anonymous_20)
FNDA:0,(anonymous_21)
FNDA:0,(anonymous_22)
FNDA:0,(anonymous_23)
FNDA:0,(anonymous_24)
FNDA:0,(anonymous_25)
FNDA:0,(anonymous_26)
FNDA:0,(anonymous_27)
FNDA:0,(anonymous_28)
FNDA:0,(anonymous_29)
DA:91,1
DA:106,1
DA:107,0
DA:114,1
DA:120,1
DA:128,1
DA:141,1
DA:145,1
DA:153,1
DA:161,1
DA:172,1
DA:183,0
DA:184,0
DA:185,0
DA:186,0
DA:187,0
DA:190,0
DA:191,0
DA:192,0
DA:193,0
DA:195,0
DA:196,0
DA:197,0
DA:198,0
DA:200,0
DA:211,0
DA:212,0
DA:213,0
DA:216,0
DA:218,0
DA:219,0
DA:224,0
DA:225,0
DA:226,0
DA:227,0
DA:228,0
DA:230,0
DA:232,0
DA:236,0
DA:237,0
DA:238,0
DA:239,0
DA:240,0
DA:243,0
DA:244,0
DA:271,0
DA:342,0
DA:343,0
DA:344,0
DA:346,0
DA:347,0
DA:366,0
DA:367,0
DA:370,0
DA:566,0
DA:570,0
DA:633,0
DA:637,0
LF:58
LH:10
BRDA:175,0,0,0
BRDA:176,1,0,0
BRDA:177,2,0,0
BRDA:178,3,0,0
BRDA:212,4,0,0
BRDA:212,4,1,0
BRDA:218,5,0,0
BRDA:218,5,1,0
BRDA:227,6,0,0
BRDA:227,6,1,0
BRDA:243,7,0,0
BRDA:243,7,1,0
BRDA:344,8,0,0
BRDA:344,8,1,0
BRDA:344,9,0,0
BRDA:344,9,1,0
BRDA:376,10,0,0
BRDA:376,10,1,0
BRDA:433,11,0,0
BRDA:433,11,1,0
BRDA:441,12,0,0
BRDA:441,12,1,0
BRDA:450,13,0,0
BRDA:450,13,1,0
BRDA:461,14,0,0
BRDA:461,14,1,0
BRDA:485,15,0,0
BRDA:485,15,1,0
BRDA:582,16,0,0
BRDA:582,16,1,0
BRDA:596,17,0,0
BRDA:596,17,1,0
BRDA:596,17,2,0
BRDA:612,18,0,0
BRDA:612,18,1,0
BRDA:635,19,0,0
BRDA:635,19,1,0
BRDA:650,20,0,0
BRDA:650,20,1,0
BRF:39
BRH:0
end_of_record
TN:
SF:src/components/visualizations/CorrelationMatrix.tsx
FN:72,(anonymous_0)
FN:93,(anonymous_1)
FN:99,(anonymous_2)
FN:107,(anonymous_3)
FN:113,(anonymous_4)
FN:130,(anonymous_5)
FN:139,(anonymous_6)
FN:147,(anonymous_7)
FN:159,(anonymous_8)
FN:172,(anonymous_9)
FN:182,(anonymous_10)
FN:186,(anonymous_11)
FN:201,(anonymous_12)
FN:203,(anonymous_13)
FN:211,(anonymous_14)
FN:216,(anonymous_15)
FN:220,(anonymous_16)
FN:223,(anonymous_17)
FN:227,(anonymous_18)
FN:229,(anonymous_19)
FN:236,(anonymous_20)
FN:238,(anonymous_21)
FN:265,(anonymous_22)
FN:295,(anonymous_23)
FN:313,(anonymous_24)
FN:328,(anonymous_25)
FN:346,(anonymous_26)
FN:387,(anonymous_27)
FN:431,(anonymous_28)
FN:434,(anonymous_29)
FNF:30
FNH:0
FNDA:0,(anonymous_0)
FNDA:0,(anonymous_1)
FNDA:0,(anonymous_2)
FNDA:0,(anonymous_3)
FNDA:0,(anonymous_4)
FNDA:0,(anonymous_5)
FNDA:0,(anonymous_6)
FNDA:0,(anonymous_7)
FNDA:0,(anonymous_8)
FNDA:0,(anonymous_9)
FNDA:0,(anonymous_10)
FNDA:0,(anonymous_11)
FNDA:0,(anonymous_12)
FNDA:0,(anonymous_13)
FNDA:0,(anonymous_14)
FNDA:0,(anonymous_15)
FNDA:0,(anonymous_16)
FNDA:0,(anonymous_17)
FNDA:0,(anonymous_18)
FNDA:0,(anonymous_19)
FNDA:0,(anonymous_20)
FNDA:0,(anonymous_21)
FNDA:0,(anonymous_22)
FNDA:0,(anonymous_23)
FNDA:0,(anonymous_24)
FNDA:0,(anonymous_25)
FNDA:0,(anonymous_26)
FNDA:0,(anonymous_27)
FNDA:0,(anonymous_28)
FNDA:0,(anonymous_29)
DA:72,1
DA:73,0
DA:74,0
DA:75,0
DA:76,0
DA:77,0
DA:80,1
DA:93,1
DA:99,1
DA:107,1
DA:113,1
DA:130,1
DA:139,1
DA:147,1
DA:159,1
DA:169,0
DA:172,0
DA:173,0
DA:175,0
DA:176,0
DA:177,0
DA:178,0
DA:179,0
DA:181,0
DA:182,0
DA:185,0
DA:186,0
DA:189,0
DA:197,0
DA:201,0
DA:202,0
DA:203,0
DA:204,0
DA:205,0
DA:207,0
DA:211,0
DA:212,0
DA:216,0
DA:217,0
DA:218,0
DA:221,0
DA:223,0
DA:227,0
DA:228,0
DA:229,0
DA:230,0
DA:232,0
DA:236,0
DA:237,0
DA:238,0
DA:242,0
DA:266,0
DA:296,0
DA:314,0
DA:329,0
DA:330,0
DA:332,0
DA:333,0
DA:335,0
DA:347,0
DA:388,0
DA:432,0
DA:434,0
LF:63
LH:10
BRDA:73,0,0,0
BRDA:73,0,1,0
BRDA:74,1,0,0
BRDA:74,1,1,0
BRDA:75,2,0,0
BRDA:75,2,1,0
BRDA:76,3,0,0
BRDA:76,3,1,0
BRDA:163,4,0,0
BRDA:164,5,0,0
BRDA:165,6,0,0
BRDA:173,7,0,0
BRDA:173,7,1,0
BRDA:182,8,0,0
BRDA:182,8,1,0
BRDA:186,9,0,0
BRDA:186,9,1,0
BRDA:193,10,0,0
BRDA:193,10,1,0
BRDA:217,11,0,0
BRDA:217,11,1,0
BRDA:221,12,0,0
BRDA:221,12,1,0
BRDA:230,13,0,0
BRDA:230,13,1,0
BRDA:273,14,0,0
BRDA:273,14,1,0
BRDA:274,15,0,0
BRDA:274,15,1,0
BRDA:330,16,0,0
BRDA:330,16,1,0
BRDA:332,17,0,0
BRDA:332,17,1,0
BRDA:339,18,0,0
BRDA:339,18,1,0
BRDA:341,19,0,0
BRDA:341,19,1,0
BRDA:345,20,0,0
BRDA:345,20,1,0
BRDA:347,21,0,0
BRDA:347,21,1,0
BRDA:349,22,0,0
BRDA:349,22,1,0
BRDA:356,23,0,0
BRDA:356,23,1,0
BRDA:359,24,0,0
BRDA:359,24,1,0
BRDA:369,25,0,0
BRDA:369,25,1,0
BRDA:372,26,0,0
BRDA:372,26,1,0
BRDA:372,27,0,0
BRDA:372,27,1,0
BRDA:406,28,0,0
BRDA:406,28,1,0
BRDA:426,29,0,0
BRDA:426,29,1,0
BRDA:431,30,0,0
BRDA:431,30,1,0
BRDA:499,31,0,0
BRDA:499,31,1,0
BRDA:499,32,0,0
BRDA:499,32,1,0
BRF:63
BRH:0
end_of_record
TN:
SF:src/components/visualizations/DataTable.tsx
FN:108,CustomToolbar
FN:136,(anonymous_1)
FN:159,DataTable
FN:197,(anonymous_3)
FN:198,(anonymous_4)
FN:217,(anonymous_5)
FN:221,(anonymous_6)
FN:222,(anonymous_7)
FN:229,(anonymous_8)
FN:238,(anonymous_9)
FN:281,(anonymous_10)
FNF:11
FNH:6
FNDA:40,CustomToolbar
FNDA:0,(anonymous_1)
FNDA:11,DataTable
FNDA:11,(anonymous_3)
FNDA:33,(anonymous_4)
FNDA:11,(anonymous_5)
FNDA:0,(anonymous_6)
FNDA:0,(anonymous_7)
FNDA:0,(anonymous_8)
FNDA:0,(anonymous_9)
FNDA:4,(anonymous_10)
DA:123,40
DA:136,0
DA:185,11
DA:186,11
DA:187,11
DA:191,11
DA:192,11
DA:193,11
DA:196,11
DA:198,33
DA:217,11
DA:218,11
DA:220,0
DA:221,0
DA:222,0
DA:223,0
DA:228,11
DA:230,0
DA:231,0
DA:237,11
DA:239,0
DA:240,0
DA:245,11
DA:282,4
LF:24
LH:15
BRDA:125,0,0,40
BRDA:125,0,1,4
BRDA:131,1,0,40
BRDA:131,1,1,40
BRDA:163,2,0,9
BRDA:164,3,0,11
BRDA:165,4,0,11
BRDA:168,5,0,10
BRDA:169,6,0,11
BRDA:170,7,0,10
BRDA:171,8,0,10
BRDA:172,9,0,11
BRDA:173,10,0,11
BRDA:174,11,0,11
BRDA:175,12,0,11
BRDA:176,13,0,10
BRDA:177,14,0,11
BRDA:178,15,0,11
BRDA:179,16,0,11
BRDA:180,17,0,10
BRDA:182,18,0,10
BRDA:202,19,0,33
BRDA:202,19,1,33
BRDA:204,20,0,0
BRDA:204,20,1,33
BRDA:218,21,0,11
BRDA:218,21,1,0
BRDA:230,22,0,0
BRDA:230,22,1,0
BRDA:250,23,0,0
BRDA:250,23,1,11
BRDA:259,24,0,0
BRDA:259,24,1,11
BRDA:272,25,0,11
BRDA:272,25,1,2
BRDA:280,26,0,10
BRDA:280,26,1,1
BRDA:311,27,0,0
BRDA:311,27,1,11
BRDA:338,28,0,11
BRDA:338,28,1,11
BRF:41
BRH:34
end_of_record
TN:
SF:src/components/visualizations/Heatmap.tsx
FN:48,(anonymous_0)
FN:53,(anonymous_1)
FN:73,(anonymous_2)
FN:81,(anonymous_3)
FN:94,(anonymous_4)
FN:100,(anonymous_5)
FN:102,(anonymous_6)
FN:106,(anonymous_7)
FN:108,(anonymous_8)
FN:113,(anonymous_9)
FN:115,(anonymous_10)
FN:122,(anonymous_11)
FN:123,(anonymous_12)
FN:132,(anonymous_13)
FN:159,(anonymous_14)
FN:190,(anonymous_15)
FN:212,(anonymous_16)
FN:234,(anonymous_17)
FNF:18
FNH:17
FNDA:20,(anonymous_0)
FNDA:60,(anonymous_1)
FNDA:20,(anonymous_2)
FNDA:6,(anonymous_3)
FNDA:46,(anonymous_4)
FNDA:6,(anonymous_5)
FNDA:20,(anonymous_6)
FNDA:6,(anonymous_7)
FNDA:20,(anonymous_8)
FNDA:6,(anonymous_9)
FNDA:20,(anonymous_10)
FNDA:6,(anonymous_11)
FNDA:20,(anonymous_12)
FNDA:20,(anonymous_13)
FNDA:10,(anonymous_14)
FNDA:10,(anonymous_15)
FNDA:20,(anonymous_16)
FNDA:0,(anonymous_17)
DA:48,1
DA:53,20
DA:54,60
DA:55,60
DA:58,20
DA:59,20
DA:60,20
DA:62,20
DA:63,20
DA:64,20
DA:66,20
DA:67,20
DA:68,20
DA:70,20
DA:73,1
DA:74,20
DA:75,20
DA:76,20
DA:77,20
DA:78,20
DA:81,1
DA:94,46
DA:97,6
DA:100,6
DA:101,6
DA:102,20
DA:103,6
DA:106,6
DA:107,6
DA:108,20
DA:109,6
DA:113,6
DA:114,6
DA:115,6
DA:116,20
DA:118,6
DA:122,6
DA:123,20
DA:124,6
DA:130,6
DA:132,6
DA:133,20
DA:134,20
DA:137,6
DA:138,6
DA:140,6
DA:141,1
DA:148,5
DA:160,10
DA:191,10
DA:213,20
DA:214,20
DA:215,20
DA:216,20
DA:218,20
DA:234,0
LF:56
LH:55
BRDA:55,0,0,0
BRDA:55,0,1,60
BRDA:78,1,0,15
BRDA:78,1,1,5
BRDA:86,2,0,6
BRDA:89,3,0,6
BRDA:90,4,0,6
BRDA:91,5,0,4
BRDA:92,6,0,5
BRDA:94,7,0,6
BRDA:101,8,0,0
BRDA:101,8,1,6
BRDA:107,9,0,0
BRDA:107,9,1,6
BRDA:125,10,0,6
BRDA:125,10,1,6
BRDA:126,11,0,6
BRDA:126,11,1,6
BRDA:130,12,0,6
BRDA:130,12,1,0
BRDA:138,13,0,6
BRDA:138,13,1,0
BRDA:140,14,0,1
BRDA:140,14,1,5
BRDA:150,15,0,5
BRDA:150,15,1,1
BRDA:214,16,0,20
BRDA:214,16,1,0
BRDA:227,17,0,20
BRDA:227,17,1,20
BRDA:234,18,0,0
BRDA:234,18,1,0
BRDA:244,19,0,0
BRDA:244,19,1,20
BRDA:246,20,0,0
BRDA:246,20,1,20
BRDA:255,21,0,20
BRDA:255,21,1,16
BRDA:261,22,0,0
BRDA:261,22,1,16
BRDA:276,23,0,5
BRDA:276,23,1,5
BRF:42
BRH:31
end_of_record
TN:
SF:src/components/visualizations/InvestigationGraph.tsx
FN:164,(anonymous_0)
FN:171,(anonymous_1)
FN:184,(anonymous_2)
FN:196,(anonymous_3)
FN:210,(anonymous_4)
FN:222,(anonymous_5)
FN:223,(anonymous_6)
FN:250,(anonymous_7)
FN:280,(anonymous_8)
FN:286,(anonymous_9)
FN:304,(anonymous_10)
FN:341,(anonymous_11)
FN:354,(anonymous_12)
FN:361,(anonymous_13)
FN:374,(anonymous_14)
FN:402,(anonymous_15)
FN:423,(anonymous_16)
FN:429,(anonymous_17)
FN:443,(anonymous_18)
FN:443,(anonymous_19)
FN:444,(anonymous_20)
FN:444,(anonymous_21)
FN:445,(anonymous_22)
FN:451,(anonymous_23)
FN:471,(anonymous_24)
FN:481,(anonymous_25)
FN:487,(anonymous_26)
FN:487,(anonymous_27)
FN:493,(anonymous_28)
FN:493,(anonymous_29)
FN:557,(anonymous_30)
FN:566,(anonymous_31)
FN:575,(anonymous_32)
FN:584,(anonymous_33)
FN:612,(anonymous_34)
FN:661,(anonymous_35)
FN:709,(anonymous_36)
FN:722,(anonymous_37)
FN:723,(anonymous_38)
FN:830,(anonymous_39)
FN:952,(anonymous_40)
FN:972,(anonymous_41)
FNF:42
FNH:1
FNDA:0,(anonymous_0)
FNDA:0,(anonymous_1)
FNDA:0,(anonymous_2)
FNDA:0,(anonymous_3)
FNDA:0,(anonymous_4)
FNDA:1,(anonymous_5)
FNDA:0,(anonymous_6)
FNDA:0,(anonymous_7)
FNDA:0,(anonymous_8)
FNDA:0,(anonymous_9)
FNDA:0,(anonymous_10)
FNDA:0,(anonymous_11)
FNDA:0,(anonymous_12)
FNDA:0,(anonymous_13)
FNDA:0,(anonymous_14)
FNDA:0,(anonymous_15)
FNDA:0,(anonymous_16)
FNDA:0,(anonymous_17)
FNDA:0,(anonymous_18)
FNDA:0,(anonymous_19)
FNDA:0,(anonymous_20)
FNDA:0,(anonymous_21)
FNDA:0,(anonymous_22)
FNDA:0,(anonymous_23)
FNDA:0,(anonymous_24)
FNDA:0,(anonymous_25)
FNDA:0,(anonymous_26)
FNDA:0,(anonymous_27)
FNDA:0,(anonymous_28)
FNDA:0,(anonymous_29)
FNDA:0,(anonymous_30)
FNDA:0,(anonymous_31)
FNDA:0,(anonymous_32)
FNDA:0,(anonymous_33)
FNDA:0,(anonymous_34)
FNDA:0,(anonymous_35)
FNDA:0,(anonymous_36)
FNDA:0,(anonymous_37)
FNDA:0,(anonymous_38)
FNDA:0,(anonymous_39)
FNDA:0,(anonymous_40)
FNDA:0,(anonymous_41)
DA:144,1
DA:164,1
DA:171,1
DA:184,1
DA:196,1
DA:210,1
DA:221,1
DA:222,1
DA:223,0
DA:250,1
DA:267,0
DA:268,0
DA:269,0
DA:270,0
DA:271,0
DA:272,0
DA:273,0
DA:274,0
DA:275,0
DA:276,0
DA:277,0
DA:280,0
DA:281,0
DA:285,0
DA:287,0
DA:288,0
DA:289,0
DA:291,0
DA:292,0
DA:293,0
DA:294,0
DA:297,0
DA:303,0
DA:305,0
DA:306,0
DA:308,0
DA:309,0
DA:317,0
DA:319,0
DA:320,0
DA:321,0
DA:323,0
DA:324,0
DA:326,0
DA:327,0
DA:328,0
DA:331,0
DA:332,0
DA:334,0
DA:340,0
DA:342,0
DA:343,0
DA:345,0
DA:346,0
DA:348,0
DA:354,0
DA:355,0
DA:357,0
DA:358,0
DA:361,0
DA:362,0
DA:363,0
DA:364,0
DA:374,0
DA:377,0
DA:379,0
DA:380,0
DA:381,0
DA:382,0
DA:383,0
DA:384,0
DA:385,0
DA:386,0
DA:388,0
DA:389,0
DA:390,0
DA:391,0
DA:393,0
DA:394,0
DA:395,0
DA:396,0
DA:402,0
DA:403,0
DA:404,0
DA:405,0
DA:407,0
DA:408,0
DA:409,0
DA:410,0
DA:411,0
DA:413,0
DA:414,0
DA:416,0
DA:417,0
DA:418,0
DA:419,0
DA:423,0
DA:424,0
DA:425,0
DA:429,0
DA:430,0
DA:431,0
DA:432,0
DA:434,0
DA:435,0
DA:439,0
DA:443,0
DA:444,0
DA:445,0
DA:446,0
DA:447,0
DA:450,0
DA:452,0
DA:454,0
DA:456,0
DA:457,0
DA:459,0
DA:460,0
DA:461,0
DA:463,0
DA:464,0
DA:470,0
DA:472,0
DA:473,0
DA:475,0
DA:481,0
DA:482,0
DA:483,0
DA:486,0
DA:487,0
DA:492,0
DA:493,0
DA:497,0
DA:498,0
DA:517,0
DA:518,0
DA:534,0
DA:557,0
DA:566,0
DA:575,0
DA:584,0
DA:612,0
DA:662,0
DA:663,0
DA:664,0
DA:666,0
DA:667,0
DA:668,0
DA:672,0
DA:710,0
DA:711,0
DA:712,0
DA:713,0
DA:715,0
DA:722,0
DA:723,0
DA:831,0
DA:832,0
DA:953,0
DA:972,0
LF:160
LH:9
BRDA:224,0,0,0
BRDA:224,0,1,0
BRDA:225,1,0,0
BRDA:225,1,1,0
BRDA:226,2,0,0
BRDA:226,2,1,0
BRDA:254,3,0,0
BRDA:255,4,0,0
BRDA:259,5,0,0
BRDA:260,6,0,0
BRDA:288,7,0,0
BRDA:288,7,1,0
BRDA:288,8,0,0
BRDA:288,8,1,0
BRDA:291,9,0,0
BRDA:291,9,1,0
BRDA:291,10,0,0
BRDA:291,10,1,0
BRDA:293,11,0,0
BRDA:293,11,1,0
BRDA:305,12,0,0
BRDA:305,12,1,0
BRDA:305,13,0,0
BRDA:305,13,1,0
BRDA:308,14,0,0
BRDA:308,14,1,0
BRDA:308,15,0,0
BRDA:308,15,1,0
BRDA:319,16,0,0
BRDA:319,16,1,0
BRDA:319,17,0,0
BRDA:319,17,1,0
BRDA:320,18,0,0
BRDA:320,18,1,0
BRDA:324,19,0,0
BRDA:324,19,1,0
BRDA:326,20,0,0
BRDA:326,20,1,0
BRDA:327,21,0,0
BRDA:327,21,1,0
BRDA:331,22,0,0
BRDA:331,22,1,0
BRDA:334,23,0,0
BRDA:334,23,1,0
BRDA:342,24,0,0
BRDA:342,24,1,0
BRDA:345,25,0,0
BRDA:345,25,1,0
BRDA:345,26,0,0
BRDA:345,26,1,0
BRDA:355,27,0,0
BRDA:355,27,1,0
BRDA:385,28,0,0
BRDA:385,28,1,0
BRDA:388,29,0,0
BRDA:388,29,1,0
BRDA:405,30,0,0
BRDA:405,30,1,0
BRDA:405,31,0,0
BRDA:405,31,1,0
BRDA:409,32,0,0
BRDA:409,32,1,0
BRDA:411,33,0,0
BRDA:411,33,1,0
BRDA:430,34,0,0
BRDA:430,34,1,0
BRDA:454,35,0,0
BRDA:454,35,1,0
BRDA:454,36,0,0
BRDA:454,36,1,0
BRDA:456,37,0,0
BRDA:456,37,1,0
BRDA:460,38,0,0
BRDA:460,38,1,0
BRDA:463,39,0,0
BRDA:463,39,1,0
BRDA:472,40,0,0
BRDA:472,40,1,0
BRDA:497,41,0,0
BRDA:497,41,1,0
BRDA:517,42,0,0
BRDA:517,42,1,0
BRDA:536,43,0,0
BRDA:536,43,1,0
BRDA:613,44,0,0
BRDA:613,44,1,0
BRDA:625,45,0,0
BRDA:625,45,1,0
BRDA:664,46,0,0
BRDA:664,46,1,0
BRDA:664,47,0,0
BRDA:664,47,1,0
BRDA:667,48,0,0
BRDA:667,48,1,0
BRDA:667,49,0,0
BRDA:667,49,1,0
BRDA:668,50,0,0
BRDA:668,50,1,0
BRDA:681,51,0,0
BRDA:681,51,1,0
BRDA:682,52,0,0
BRDA:682,52,1,0
BRDA:692,53,0,0
BRDA:692,53,1,0
BRDA:692,53,2,0
BRDA:694,54,0,0
BRDA:694,54,1,0
BRDA:695,55,0,0
BRDA:695,55,1,0
BRDA:713,56,0,0
BRDA:713,56,1,0
BRDA:726,57,0,0
BRDA:726,57,1,0
BRDA:726,57,2,0
BRDA:732,58,0,0
BRDA:732,58,1,0
BRDA:778,59,0,0
BRDA:778,59,1,0
BRDA:788,60,0,0
BRDA:788,60,1,0
BRDA:795,61,0,0
BRDA:795,61,1,0
BRDA:806,62,0,0
BRDA:806,62,1,0
BRDA:812,63,0,0
BRDA:812,63,1,0
BRDA:814,64,0,0
BRDA:814,64,1,0
BRDA:816,65,0,0
BRDA:816,65,1,0
BRDA:831,66,0,0
BRDA:831,66,1,0
BRDA:855,67,0,0
BRDA:855,67,1,0
BRDA:866,68,0,0
BRDA:866,68,1,0
BRDA:875,69,0,0
BRDA:875,69,1,0
BRDA:894,70,0,0
BRDA:894,70,1,0
BRDA:920,71,0,0
BRDA:920,71,1,0
BRDA:926,72,0,0
BRDA:926,72,1,0
BRDA:928,73,0,0
BRDA:928,73,1,0
BRDA:930,74,0,0
BRDA:930,74,1,0
BRDA:940,75,0,0
BRDA:940,75,1,0
BRDA:948,76,0,0
BRDA:948,76,1,0
BRF:152
BRH:0
end_of_record
TN:
SF:src/components/visualizations/InvestigationTimeline.tsx
FN:152,(anonymous_0)
FN:158,(anonymous_1)
FN:166,(anonymous_2)
FN:185,(anonymous_3)
FN:206,(anonymous_4)
FN:213,(anonymous_5)
FN:218,(anonymous_6)
FN:230,(anonymous_7)
FN:243,(anonymous_8)
FN:263,(anonymous_9)
FN:265,(anonymous_10)
FN:268,(anonymous_11)
FN:271,(anonymous_12)
FN:272,(anonymous_13)
FN:283,(anonymous_14)
FN:284,(anonymous_15)
FN:295,(anonymous_16)
FN:296,(anonymous_17)
FN:307,(anonymous_18)
FN:312,(anonymous_19)
FN:318,(anonymous_20)
FN:322,(anonymous_21)
FN:361,(anonymous_22)
FN:376,(anonymous_23)
FN:385,(anonymous_24)
FN:401,(anonymous_25)
FN:409,(anonymous_26)
FN:440,(anonymous_27)
FN:467,(anonymous_28)
FN:477,(anonymous_29)
FN:576,(anonymous_30)
FN:605,(anonymous_31)
FNF:32
FNH:0
FNDA:0,(anonymous_0)
FNDA:0,(anonymous_1)
FNDA:0,(anonymous_2)
FNDA:0,(anonymous_3)
FNDA:0,(anonymous_4)
FNDA:0,(anonymous_5)
FNDA:0,(anonymous_6)
FNDA:0,(anonymous_7)
FNDA:0,(anonymous_8)
FNDA:0,(anonymous_9)
FNDA:0,(anonymous_10)
FNDA:0,(anonymous_11)
FNDA:0,(anonymous_12)
FNDA:0,(anonymous_13)
FNDA:0,(anonymous_14)
FNDA:0,(anonymous_15)
FNDA:0,(anonymous_16)
FNDA:0,(anonymous_17)
FNDA:0,(anonymous_18)
FNDA:0,(anonymous_19)
FNDA:0,(anonymous_20)
FNDA:0,(anonymous_21)
FNDA:0,(anonymous_22)
FNDA:0,(anonymous_23)
FNDA:0,(anonymous_24)
FNDA:0,(anonymous_25)
FNDA:0,(anonymous_26)
FNDA:0,(anonymous_27)
FNDA:0,(anonymous_28)
FNDA:0,(anonymous_29)
FNDA:0,(anonymous_30)
FNDA:0,(anonymous_31)
DA:97,1
DA:140,1
DA:152,1
DA:158,1
DA:166,1
DA:185,1
DA:206,1
DA:213,1
DA:218,1
DA:230,1
DA:243,1
DA:253,0
DA:254,0
DA:257,0
DA:260,0
DA:263,0
DA:264,0
DA:266,0
DA:268,0
DA:271,0
DA:272,0
DA:273,0
DA:274,0
DA:275,0
DA:277,0
DA:279,0
DA:283,0
DA:284,0
DA:285,0
DA:286,0
DA:287,0
DA:289,0
DA:291,0
DA:295,0
DA:296,0
DA:297,0
DA:298,0
DA:299,0
DA:301,0
DA:303,0
DA:307,0
DA:308,0
DA:309,0
DA:312,0
DA:313,0
DA:314,0
DA:318,0
DA:319,0
DA:320,0
DA:322,0
DA:323,0
DA:324,0
DA:325,0
DA:326,0
DA:328,0
DA:332,0
DA:335,0
DA:361,0
DA:377,0
DA:378,0
DA:379,0
DA:385,0
DA:402,0
DA:403,0
DA:404,0
DA:409,0
DA:441,0
DA:468,0
DA:469,0
DA:470,0
DA:472,0
DA:478,0
DA:479,0
DA:577,0
DA:606,0
LF:75
LH:11
BRDA:245,0,0,0
BRDA:246,1,0,0
BRDA:247,2,0,0
BRDA:255,3,0,0
BRDA:255,3,1,0
BRDA:258,4,0,0
BRDA:258,4,1,0
BRDA:266,5,0,0
BRDA:266,5,1,0
BRDA:274,6,0,0
BRDA:274,6,1,0
BRDA:286,7,0,0
BRDA:286,7,1,0
BRDA:287,8,0,0
BRDA:287,8,1,0
BRDA:298,9,0,0
BRDA:298,9,1,0
BRDA:299,10,0,0
BRDA:299,10,1,0
BRDA:324,11,0,0
BRDA:324,11,1,0
BRDA:362,12,0,0
BRDA:362,12,1,0
BRDA:389,13,0,0
BRDA:389,13,1,0
BRDA:390,14,0,0
BRDA:390,14,1,0
BRDA:391,15,0,0
BRDA:391,15,1,0
BRDA:413,16,0,0
BRDA:413,16,1,0
BRDA:414,17,0,0
BRDA:414,17,1,0
BRDA:415,18,0,0
BRDA:415,18,1,0
BRDA:426,19,0,0
BRDA:426,19,1,0
BRDA:430,20,0,0
BRDA:430,20,1,0
BRDA:523,21,0,0
BRDA:523,21,1,0
BRDA:542,22,0,0
BRDA:542,22,1,0
BRDA:567,23,0,0
BRDA:567,23,1,0
BRDA:567,23,2,0
BRDA:588,24,0,0
BRDA:588,24,1,0
BRDA:603,25,0,0
BRDA:603,25,1,0
BRF:50
BRH:0
end_of_record
TN:
SF:src/components/visualizations/LineChart.tsx
FN:70,(anonymous_0)
FN:87,(anonymous_1)
FN:88,(anonymous_2)
FN:98,(anonymous_3)
FN:115,(anonymous_4)
FN:182,(anonymous_5)
FN:197,(anonymous_6)
FNF:7
FNH:4
FNDA:5,(anonymous_0)
FNDA:5,(anonymous_1)
FNDA:9,(anonymous_2)
FNDA:0,(anonymous_3)
FNDA:0,(anonymous_4)
FNDA:0,(anonymous_5)
FNDA:9,(anonymous_6)
DA:61,1
DA:70,1
DA:84,5
DA:86,5
DA:88,9
DA:98,5
DA:99,0
DA:101,0
DA:116,0
DA:131,5
DA:183,0
DA:198,9
LF:12
LH:8
BRDA:75,0,0,4
BRDA:76,1,0,5
BRDA:77,2,0,5
BRDA:90,3,0,9
BRDA:90,3,1,8
BRDA:91,4,0,9
BRDA:91,4,1,9
BRDA:93,5,0,9
BRDA:93,5,1,0
BRDA:99,6,0,0
BRDA:99,6,1,0
BRDA:99,7,0,0
BRDA:99,7,1,0
BRDA:122,8,0,0
BRDA:122,8,1,0
BRDA:133,9,0,5
BRDA:133,9,1,1
BRDA:143,10,0,5
BRDA:143,10,1,5
BRDA:154,11,0,0
BRDA:154,11,1,5
BRDA:168,12,0,0
BRDA:168,12,1,5
BRDA:179,13,0,5
BRDA:179,13,1,5
BRDA:189,14,0,5
BRDA:189,14,1,1
BRDA:192,15,0,1
BRDA:192,15,1,1
BRF:29
BRH:20
end_of_record
TN:
SF:src/components/visualizations/NetworkGraph.tsx
FN:77,(anonymous_0)
FN:100,(anonymous_1)
FN:107,(anonymous_2)
FN:116,(anonymous_3)
FN:117,(anonymous_4)
FN:142,(anonymous_5)
FN:162,(anonymous_6)
FN:168,(anonymous_7)
FN:185,(anonymous_8)
FN:192,(anonymous_9)
FN:197,(anonymous_10)
FN:204,(anonymous_11)
FN:204,(anonymous_12)
FN:205,(anonymous_13)
FN:205,(anonymous_14)
FN:206,(anonymous_15)
FN:212,(anonymous_16)
FN:212,(anonymous_17)
FN:216,(anonymous_18)
FN:294,(anonymous_19)
FN:335,(anonymous_20)
FN:344,(anonymous_21)
FN:413,(anonymous_22)
FN:413,(anonymous_23)
FN:448,(anonymous_24)
FNF:25
FNH:17
FNDA:9,(anonymous_0)
FNDA:5,(anonymous_1)
FNDA:12,(anonymous_2)
FNDA:4,(anonymous_3)
FNDA:12,(anonymous_4)
FNDA:800,(anonymous_5)
FNDA:1200,(anonymous_6)
FNDA:1200,(anonymous_7)
FNDA:12,(anonymous_8)
FNDA:12,(anonymous_9)
FNDA:0,(anonymous_10)
FNDA:0,(anonymous_11)
FNDA:0,(anonymous_12)
FNDA:0,(anonymous_13)
FNDA:0,(anonymous_14)
FNDA:0,(anonymous_15)
FNDA:9,(anonymous_16)
FNDA:12,(anonymous_17)
FNDA:8,(anonymous_18)
FNDA:16,(anonymous_19)
FNDA:12,(anonymous_20)
FNDA:0,(anonymous_21)
FNDA:24,(anonymous_22)
FNDA:24,(anonymous_23)
FNDA:0,(anonymous_24)
DA:58,1
DA:77,1
DA:91,9
DA:92,9
DA:93,9
DA:94,9
DA:95,9
DA:96,9
DA:97,9
DA:100,9
DA:101,5
DA:103,4
DA:104,4
DA:107,12
DA:116,4
DA:117,12
DA:120,4
DA:122,400
DA:123,1200
DA:124,1200
DA:125,1200
DA:126,1200
DA:127,1200
DA:128,1200
DA:129,1200
DA:131,1200
DA:132,1200
DA:134,1200
DA:135,1200
DA:136,1200
DA:137,1200
DA:142,400
DA:143,800
DA:144,800
DA:145,800
DA:147,800
DA:148,800
DA:149,800
DA:150,800
DA:152,800
DA:153,800
DA:155,800
DA:156,800
DA:157,800
DA:158,800
DA:162,400
DA:163,1200
DA:164,1200
DA:168,400
DA:169,1200
DA:170,1200
DA:171,1200
DA:173,1200
DA:174,1200
DA:178,4
DA:181,4
DA:184,9
DA:186,12
DA:187,12
DA:192,9
DA:193,12
DA:196,9
DA:198,0
DA:199,0
DA:204,9
DA:205,9
DA:206,9
DA:207,0
DA:208,0
DA:211,9
DA:212,12
DA:216,9
DA:217,8
DA:219,0
DA:221,0
DA:223,8
DA:227,9
DA:228,1
DA:235,8
DA:295,16
DA:296,16
DA:297,16
DA:299,8
DA:300,8
DA:302,8
DA:336,12
DA:337,12
DA:339,12
DA:344,0
DA:413,24
DA:414,24
DA:449,0
LF:92
LH:84
BRDA:81,0,0,9
BRDA:82,1,0,9
BRDA:83,2,0,9
BRDA:84,3,0,9
BRDA:85,4,0,7
BRDA:86,5,0,9
BRDA:88,6,0,9
BRDA:101,7,0,1
BRDA:101,7,1,4
BRDA:128,8,0,1200
BRDA:128,8,1,0
BRDA:145,9,0,0
BRDA:145,9,1,800
BRDA:145,10,0,800
BRDA:145,10,1,800
BRDA:149,11,0,800
BRDA:149,11,1,0
BRDA:169,12,0,1200
BRDA:169,12,1,0
BRDA:186,13,0,0
BRDA:186,13,1,12
BRDA:187,14,0,12
BRDA:187,14,1,0
BRDA:193,15,0,12
BRDA:193,15,1,12
BRDA:198,16,0,0
BRDA:198,16,1,0
BRDA:217,17,0,0
BRDA:217,17,1,0
BRDA:217,17,2,8
BRDA:227,18,0,1
BRDA:227,18,1,8
BRDA:237,19,0,8
BRDA:237,19,1,2
BRDA:247,20,0,0
BRDA:247,20,1,8
BRDA:250,21,0,8
BRDA:250,21,1,8
BRDA:287,22,0,8
BRDA:287,22,1,0
BRDA:297,23,0,8
BRDA:297,23,1,8
BRDA:297,24,0,16
BRDA:297,24,1,8
BRDA:309,25,0,8
BRDA:309,25,1,8
BRDA:310,26,0,8
BRDA:310,26,1,8
BRDA:314,27,0,8
BRDA:314,27,1,0
BRDA:314,27,2,0
BRDA:347,28,0,12
BRDA:347,28,1,0
BRDA:363,29,0,12
BRDA:363,29,1,12
BRDA:372,30,0,0
BRDA:372,30,1,12
BRDA:375,31,0,0
BRDA:375,31,1,12
BRDA:419,32,0,24
BRDA:419,32,1,0
BRDA:429,33,0,8
BRDA:429,33,1,0
BRDA:446,34,0,0
BRDA:446,34,1,0
BRF:65
BRH:44
end_of_record
TN:
SF:src/components/visualizations/PieChart.tsx
FN:65,(anonymous_0)
FN:116,(anonymous_1)
FN:135,(anonymous_2)
FN:135,(anonymous_3)
FN:140,(anonymous_4)
FN:141,(anonymous_5)
FN:148,(anonymous_6)
FN:154,(anonymous_7)
FN:158,(anonymous_8)
FN:190,(anonymous_9)
FN:248,(anonymous_10)
FN:263,(anonymous_11)
FNF:12
FNH:6
FNDA:0,(anonymous_0)
FNDA:5,(anonymous_1)
FNDA:5,(anonymous_2)
FNDA:15,(anonymous_3)
FNDA:5,(anonymous_4)
FNDA:15,(anonymous_5)
FNDA:0,(anonymous_6)
FNDA:0,(anonymous_7)
FNDA:0,(anonymous_8)
FNDA:0,(anonymous_9)
FNDA:15,(anonymous_10)
FNDA:0,(anonymous_11)
DA:54,1
DA:65,1
DA:77,0
DA:79,0
DA:116,1
DA:131,5
DA:132,5
DA:134,5
DA:135,15
DA:139,5
DA:141,15
DA:148,5
DA:149,0
DA:150,0
DA:154,5
DA:155,0
DA:158,5
DA:159,0
DA:161,0
DA:162,0
DA:164,0
DA:190,5
DA:199,0
DA:200,0
DA:201,0
DA:202,0
DA:204,0
DA:206,0
DA:221,5
DA:222,5
DA:224,5
DA:249,15
DA:264,0
LF:33
LH:17
BRDA:119,0,0,5
BRDA:120,1,0,3
BRDA:121,2,0,5
BRDA:122,3,0,4
BRDA:123,4,0,5
BRDA:124,5,0,5
BRDA:125,6,0,5
BRDA:128,7,0,4
BRDA:143,8,0,15
BRDA:143,8,1,15
BRDA:149,9,0,0
BRDA:149,9,1,0
BRDA:159,10,0,0
BRDA:159,10,1,0
BRDA:159,11,0,0
BRDA:159,11,1,0
BRDA:181,12,0,0
BRDA:181,12,1,0
BRDA:204,13,0,0
BRDA:204,13,1,0
BRDA:216,14,0,0
BRDA:216,14,1,0
BRDA:222,15,0,2
BRDA:222,15,1,3
BRDA:226,16,0,5
BRDA:226,16,1,0
BRDA:244,17,0,5
BRDA:244,17,1,0
BRDA:245,18,0,0
BRDA:245,18,1,5
BRDA:245,19,0,5
BRDA:245,19,1,0
BRDA:258,20,0,5
BRDA:258,20,1,4
BRDA:270,21,0,5
BRDA:270,21,1,2
BRDA:270,21,2,1
BRDA:270,21,3,1
BRDA:277,22,0,1
BRDA:277,22,1,1
BRDA:288,23,0,1
BRDA:288,23,1,1
BRDA:291,24,0,1
BRDA:291,24,1,0
BRF:44
BRH:27
end_of_record
TN:
SF:src/components/visualizations/RiskGauge.tsx
FN:61,(anonymous_0)
FN:71,(anonymous_1)
FN:81,(anonymous_2)
FN:98,(anonymous_3)
FN:103,(anonymous_4)
FN:108,(anonymous_5)
FN:124,(anonymous_6)
FN:137,(anonymous_7)
FN:223,(anonymous_8)
FNF:9
FNH:9
FNDA:9,(anonymous_0)
FNDA:9,(anonymous_1)
FNDA:9,(anonymous_2)
FNDA:9,(anonymous_3)
FNDA:9,(anonymous_4)
FNDA:9,(anonymous_5)
FNDA:126,(anonymous_6)
FNDA:18,(anonymous_7)
FNDA:45,(anonymous_8)
DA:47,1
DA:53,1
DA:61,1
DA:65,9
DA:66,7
DA:67,2
DA:68,1
DA:71,1
DA:72,9
DA:78,9
DA:81,1
DA:95,9
DA:97,9
DA:98,9
DA:102,9
DA:103,9
DA:107,9
DA:108,9
DA:112,9
DA:115,9
DA:116,9
DA:117,9
DA:118,9
DA:119,9
DA:120,9
DA:121,9
DA:124,9
DA:130,126
DA:131,126
DA:137,9
DA:144,18
DA:145,18
DA:146,18
DA:148,18
DA:163,9
DA:164,9
DA:172,9
DA:224,45
DA:225,45
DA:226,45
DA:227,45
LF:41
LH:41
BRDA:65,0,0,2
BRDA:65,0,1,7
BRDA:66,1,0,5
BRDA:66,1,1,2
BRDA:67,2,0,1
BRDA:67,2,1,1
BRDA:83,3,0,8
BRDA:85,4,0,9
BRDA:86,5,0,9
BRDA:87,6,0,9
BRDA:88,7,0,8
BRDA:89,8,0,8
BRDA:90,9,0,9
BRDA:91,10,0,9
BRDA:92,11,0,4
BRDA:146,12,0,7
BRDA:146,12,1,11
BRDA:182,13,0,9
BRDA:182,13,1,1
BRDA:215,14,0,9
BRDA:215,14,1,0
BRDA:250,15,0,9
BRDA:250,15,1,9
BRDA:257,16,0,9
BRDA:257,16,1,1
BRDA:268,17,0,9
BRDA:268,17,1,9
BRF:27
BRH:26
end_of_record
TN:
SF:src/components/visualizations/StatCard.tsx
FN:62,(anonymous_0)
FN:84,(anonymous_1)
FN:104,(anonymous_2)
FN:110,(anonymous_3)
FN:122,(anonymous_4)
FN:124,(anonymous_5)
FN:127,(anonymous_6)
FNF:7
FNH:6
FNDA:9,(anonymous_0)
FNDA:9,(anonymous_1)
FNDA:9,(anonymous_2)
FNDA:9,(anonymous_3)
FNDA:9,(anonymous_4)
FNDA:0,(anonymous_5)
FNDA:9,(anonymous_6)
DA:62,1
DA:81,9
DA:84,9
DA:85,9
DA:86,2
DA:89,7
DA:90,1
DA:91,1
DA:95,1
DA:101,6
DA:104,9
DA:105,9
DA:106,3
DA:107,3
DA:110,9
DA:111,9
DA:112,3
DA:114,3
DA:116,0
DA:118,0
DA:122,9
DA:123,9
DA:124,0
DA:127,9
DA:128,9
DA:141,9
DA:143,1
DA:149,1
DA:155,7
DA:159,9
DA:160,9
DA:162,9
DA:163,1
DA:175,8
LF:34
LH:31
BRDA:68,0,0,9
BRDA:75,1,0,8
BRDA:76,2,0,7
BRDA:77,3,0,9
BRDA:85,4,0,2
BRDA:85,4,1,7
BRDA:89,5,0,1
BRDA:89,5,1,6
BRDA:89,6,0,7
BRDA:89,6,1,1
BRDA:91,7,0,1
BRDA:91,7,1,0
BRDA:96,8,0,1
BRDA:96,8,1,0
BRDA:96,9,0,0
BRDA:96,9,1,0
BRDA:97,10,0,1
BRDA:97,10,1,1
BRDA:105,11,0,6
BRDA:105,11,1,3
BRDA:105,12,0,9
BRDA:105,12,1,3
BRDA:106,13,0,3
BRDA:106,13,1,3
BRDA:106,13,2,0
BRDA:106,13,3,0
BRDA:107,14,0,3
BRDA:107,14,1,0
BRDA:111,15,0,6
BRDA:111,15,1,3
BRDA:112,16,0,3
BRDA:112,16,1,0
BRDA:112,16,2,0
BRDA:123,17,0,9
BRDA:123,17,1,0
BRDA:131,18,0,1
BRDA:131,18,1,8
BRDA:133,19,0,1
BRDA:133,19,1,8
BRDA:141,20,0,1
BRDA:141,20,1,1
BRDA:141,20,2,7
BRDA:159,21,0,1
BRDA:159,21,1,8
BRDA:160,22,0,1
BRDA:160,22,1,8
BRDA:162,23,0,1
BRDA:162,23,1,8
BRDA:164,24,0,0
BRDA:164,24,1,1
BRDA:167,25,0,1
BRDA:167,25,1,0
BRDA:178,26,0,1
BRDA:178,26,1,7
BRDA:201,27,0,8
BRDA:201,27,1,1
BRDA:209,28,0,8
BRDA:209,28,1,0
BRDA:218,29,0,0
BRDA:218,29,1,0
BRDA:220,30,0,0
BRDA:220,30,1,0
BRDA:221,31,0,0
BRDA:221,31,1,0
BRDA:230,32,0,8
BRDA:230,32,1,5
BRDA:230,32,2,3
BRDA:232,33,0,3
BRDA:232,33,1,3
BRDA:236,34,0,0
BRDA:236,34,1,3
BRDA:240,35,0,3
BRDA:240,35,1,3
BRDA:244,36,0,0
BRDA:244,36,1,3
BRDA:248,37,0,3
BRDA:248,37,1,0
BRDA:252,38,0,3
BRDA:252,38,1,1
BRDA:265,39,0,8
BRDA:265,39,1,0
BRDA:273,40,0,0
BRDA:273,40,1,0
BRDA:273,41,0,0
BRDA:273,41,1,0
BRDA:278,42,0,0
BRDA:278,42,1,0
BRDA:278,43,0,0
BRDA:278,43,1,0
BRDA:286,44,0,0
BRDA:286,44,1,0
BRDA:286,45,0,0
BRDA:286,45,1,0
BRF:93
BRH:58
end_of_record
TN:
SF:src/components/visualizations/ThreatMatrix.tsx
FN:64,(anonymous_0)
FN:77,(anonymous_1)
FN:81,(anonymous_2)
FN:83,(anonymous_3)
FN:85,(anonymous_4)
FN:88,(anonymous_5)
FN:89,(anonymous_6)
FN:100,(anonymous_7)
FN:102,(anonymous_8)
FN:103,(anonymous_9)
FN:108,(anonymous_10)
FN:109,(anonymous_11)
FN:144,(anonymous_12)
FN:146,(anonymous_13)
FN:201,(anonymous_14)
FN:216,(anonymous_15)
FN:239,(anonymous_16)
FN:267,(anonymous_17)
FN:288,(anonymous_18)
FN:369,(anonymous_19)
FNF:20
FNH:15
FNDA:7,(anonymous_0)
FNDA:7,(anonymous_1)
FNDA:2,(anonymous_2)
FNDA:3,(anonymous_3)
FNDA:2,(anonymous_4)
FNDA:0,(anonymous_5)
FNDA:0,(anonymous_6)
FNDA:7,(anonymous_7)
FNDA:12,(anonymous_8)
FNDA:18,(anonymous_9)
FNDA:7,(anonymous_10)
FNDA:12,(anonymous_11)
FNDA:12,(anonymous_12)
FNDA:17,(anonymous_13)
FNDA:17,(anonymous_14)
FNDA:0,(anonymous_15)
FNDA:24,(anonymous_16)
FNDA:17,(anonymous_17)
FNDA:0,(anonymous_18)
FNDA:0,(anonymous_19)
DA:57,1
DA:64,1
DA:74,7
DA:75,7
DA:77,7
DA:78,7
DA:80,1
DA:81,2
DA:83,3
DA:85,2
DA:88,7
DA:89,0
DA:90,0
DA:91,0
DA:92,0
DA:94,0
DA:96,0
DA:100,7
DA:101,7
DA:103,18
DA:108,7
DA:109,12
DA:112,7
DA:113,1
DA:120,6
DA:145,12
DA:146,17
DA:147,12
DA:150,12
DA:152,12
DA:202,17
DA:216,0
DA:240,24
DA:267,1
DA:274,17
DA:275,17
DA:277,17
DA:281,17
DA:283,17
DA:289,0
DA:290,0
DA:292,0
DA:370,0
LF:43
LH:32
BRDA:67,0,0,6
BRDA:68,1,0,6
BRDA:70,2,0,7
BRDA:71,3,0,7
BRDA:78,4,0,6
BRDA:78,4,1,1
BRDA:91,5,0,0
BRDA:91,5,1,0
BRDA:112,6,0,1
BRDA:112,6,1,6
BRDA:122,7,0,6
BRDA:122,7,1,2
BRDA:147,8,0,0
BRDA:147,8,1,12
BRDA:157,9,0,0
BRDA:157,9,1,12
BRDA:158,10,0,0
BRDA:158,10,1,12
BRDA:165,11,0,12
BRDA:165,11,1,12
BRDA:178,12,0,0
BRDA:178,12,1,12
BRDA:182,13,0,12
BRDA:182,13,1,12
BRDA:198,14,0,0
BRDA:198,14,1,12
BRDA:212,15,0,12
BRDA:212,15,1,0
BRDA:219,16,0,0
BRDA:219,16,1,0
BRDA:221,17,0,0
BRDA:221,17,1,0
BRDA:277,18,0,12
BRDA:277,18,1,5
BRDA:281,19,0,17
BRDA:281,19,1,0
BRDA:285,20,0,17
BRDA:285,20,1,17
BRDA:289,21,0,0
BRDA:289,21,1,0
BRDA:300,22,0,12
BRDA:300,22,1,5
BRDA:301,23,0,0
BRDA:301,23,1,12
BRDA:306,24,0,12
BRDA:306,24,1,5
BRDA:312,25,0,12
BRDA:312,25,1,5
BRDA:321,26,0,12
BRDA:321,26,1,5
BRDA:322,27,0,0
BRDA:322,27,1,17
BRDA:333,28,0,0
BRDA:333,28,1,17
BRDA:340,29,0,17
BRDA:340,29,1,17
BRDA:340,29,2,0
BRDA:340,29,3,0
BRDA:353,30,0,17
BRDA:353,30,1,0
BRDA:355,31,0,0
BRDA:355,31,1,0
BRDA:366,32,0,17
BRDA:366,32,1,0
BRF:64
BRH:40
end_of_record
TN:
SF:src/components/visualizations/TimelineChart.tsx
FN:62,(anonymous_0)
FN:70,(anonymous_1)
FN:94,(anonymous_2)
FN:106,(anonymous_3)
FN:160,(anonymous_4)
FN:176,(anonymous_5)
FN:234,(anonymous_6)
FN:246,(anonymous_7)
FN:247,(anonymous_8)
FN:255,(anonymous_9)
FN:259,(anonymous_10)
FN:292,(anonymous_11)
FN:307,(anonymous_12)
FN:323,(anonymous_13)
FNF:14
FNH:10
FNDA:10,(anonymous_0)
FNDA:10,(anonymous_1)
FNDA:10,(anonymous_2)
FNDA:10,(anonymous_3)
FNDA:0,(anonymous_4)
FNDA:2,(anonymous_5)
FNDA:7,(anonymous_6)
FNDA:7,(anonymous_7)
FNDA:4,(anonymous_8)
FNDA:7,(anonymous_9)
FNDA:0,(anonymous_10)
FNDA:0,(anonymous_11)
FNDA:0,(anonymous_12)
FNDA:10,(anonymous_13)
DA:62,1
DA:63,10
DA:70,1
DA:71,10
DA:77,1
DA:94,1
DA:102,10
DA:103,10
DA:105,10
DA:106,10
DA:110,10
DA:112,10
DA:114,10
DA:160,0
DA:177,2
DA:234,1
DA:245,7
DA:247,7
DA:248,4
DA:249,4
DA:250,4
DA:255,7
DA:256,7
DA:258,0
DA:259,0
DA:260,0
DA:261,0
DA:262,0
DA:263,0
DA:265,0
DA:267,0
DA:270,7
DA:271,1
DA:278,6
DA:293,0
DA:308,0
DA:324,10
LF:37
LH:26
BRDA:106,0,0,10
BRDA:106,0,1,0
BRDA:110,1,0,10
BRDA:110,1,1,0
BRDA:112,2,0,10
BRDA:112,2,1,0
BRDA:116,3,0,10
BRDA:116,3,1,10
BRDA:130,4,0,0
BRDA:130,4,1,10
BRDA:133,5,0,10
BRDA:133,5,1,4
BRDA:140,6,0,0
BRDA:140,6,1,10
BRDA:142,7,0,0
BRDA:142,7,1,10
BRDA:151,8,0,10
BRDA:151,8,1,0
BRDA:157,9,0,10
BRDA:157,9,1,10
BRDA:157,9,2,0
BRDA:161,10,0,0
BRDA:161,10,1,0
BRDA:163,11,0,0
BRDA:163,11,1,0
BRDA:168,12,0,10
BRDA:168,12,1,10
BRDA:174,13,0,10
BRDA:174,13,1,1
BRDA:174,13,2,1
BRDA:188,14,0,10
BRDA:188,14,1,1
BRDA:199,15,0,10
BRDA:199,15,1,0
BRDA:237,16,0,7
BRDA:238,17,0,7
BRDA:239,18,0,7
BRDA:240,19,0,7
BRDA:242,20,0,7
BRDA:248,21,0,4
BRDA:248,21,1,0
BRDA:249,22,0,4
BRDA:249,22,1,0
BRDA:256,23,0,7
BRDA:256,23,1,0
BRDA:260,24,0,0
BRDA:260,24,1,0
BRDA:262,25,0,0
BRDA:262,25,1,0
BRDA:270,26,0,1
BRDA:270,26,1,6
BRDA:280,27,0,6
BRDA:280,27,1,1
BRDA:288,28,0,0
BRDA:288,28,1,6
BRDA:291,29,0,0
BRDA:291,29,1,6
BRDA:291,30,0,6
BRDA:291,30,1,0
BRDA:306,31,0,0
BRDA:306,31,1,0
BRDA:322,32,0,6
BRDA:322,32,1,0
BRF:63
BRH:37
end_of_record
TN:
SF:src/components/visualizations/index.ts
FNF:0
FNH:0
LF:0
LH:0
BRF:0
BRH:0
end_of_record
TN:
SF:src/hooks/index.ts
FNF:0
FNH:0
LF:0
LH:0
BRF:0
BRH:0
end_of_record
TN:
SF:src/hooks/useAdvancedAnalysis.ts
FN:168,(anonymous_0)
FN:176,(anonymous_1)
FN:187,(anonymous_2)
FN:193,(anonymous_3)
FN:199,(anonymous_4)
FN:207,(anonymous_5)
FN:215,(anonymous_6)
FN:232,useAdvancedAnalysis
FN:238,(anonymous_8)
FN:246,(anonymous_9)
FN:253,(anonymous_10)
FN:261,(anonymous_11)
FN:269,(anonymous_12)
FN:276,(anonymous_13)
FN:280,(anonymous_14)
FN:284,(anonymous_15)
FN:288,(anonymous_16)
FN:292,(anonymous_17)
FN:296,(anonymous_18)
FN:300,(anonymous_19)
FN:304,(anonymous_20)
FNF:21
FNH:0
FNDA:0,(anonymous_0)
FNDA:0,(anonymous_1)
FNDA:0,(anonymous_2)
FNDA:0,(anonymous_3)
FNDA:0,(anonymous_4)
FNDA:0,(anonymous_5)
FNDA:0,(anonymous_6)
FNDA:0,useAdvancedAnalysis
FNDA:0,(anonymous_8)
FNDA:0,(anonymous_9)
FNDA:0,(anonymous_10)
FNDA:0,(anonymous_11)
FNDA:0,(anonymous_12)
FNDA:0,(anonymous_13)
FNDA:0,(anonymous_14)
FNDA:0,(anonymous_15)
FNDA:0,(anonymous_16)
FNDA:0,(anonymous_17)
FNDA:0,(anonymous_18)
FNDA:0,(anonymous_19)
FNDA:0,(anonymous_20)
DA:164,0
DA:166,0
DA:169,0
DA:172,0
DA:180,0
DA:183,0
DA:188,0
DA:189,0
DA:194,0
DA:195,0
DA:200,0
DA:203,0
DA:208,0
DA:211,0
DA:216,0
DA:219,0
DA:233,0
DA:236,0
DA:238,0
DA:244,0
DA:246,0
DA:251,0
DA:253,0
DA:259,0
DA:261,0
DA:267,0
DA:269,0
DA:275,0
DA:276,0
DA:280,0
DA:281,0
DA:284,0
DA:285,0
DA:288,0
DA:289,0
DA:292,0
DA:293,0
DA:296,0
DA:297,0
DA:300,0
DA:301,0
DA:304,0
DA:305,0
DA:313,0
LF:44
LH:0
BRDA:232,0,0,0
BRDA:239,1,0,0
BRDA:239,1,1,0
BRDA:254,2,0,0
BRDA:254,2,1,0
BRDA:262,3,0,0
BRDA:262,3,1,0
BRDA:270,4,0,0
BRDA:270,4,1,0
BRDA:316,5,0,0
BRDA:316,5,1,0
BRDA:324,6,0,0
BRDA:324,6,1,0
BRDA:324,6,2,0
BRDA:335,7,0,0
BRDA:335,7,1,0
BRDA:335,7,2,0
BRDA:335,7,3,0
BRF:18
BRH:0
end_of_record
TN:
SF:src/hooks/useFocusTrap.ts
FN:50,useFocusTrap
FN:62,(anonymous_1)
FN:66,(anonymous_2)
FN:70,(anonymous_3)
FN:75,(anonymous_4)
FN:80,(anonymous_5)
FN:84,(anonymous_6)
FN:114,(anonymous_7)
FN:153,(anonymous_8)
FN:167,(anonymous_9)
FN:179,(anonymous_10)
FN:186,(anonymous_11)
FN:191,(anonymous_12)
FN:211,(anonymous_13)
FN:218,(anonymous_14)
FN:223,(anonymous_15)
FN:230,(anonymous_16)
FNF:17
FNH:0
FNDA:0,useFocusTrap
FNDA:0,(anonymous_1)
FNDA:0,(anonymous_2)
FNDA:0,(anonymous_3)
FNDA:0,(anonymous_4)
FNDA:0,(anonymous_5)
FNDA:0,(anonymous_6)
FNDA:0,(anonymous_7)
FNDA:0,(anonymous_8)
FNDA:0,(anonymous_9)
FNDA:0,(anonymous_10)
FNDA:0,(anonymous_11)
FNDA:0,(anonymous_12)
FNDA:0,(anonymous_13)
FNDA:0,(anonymous_14)
FNDA:0,(anonymous_15)
FNDA:0,(anonymous_16)
DA:10,0
DA:58,0
DA:59,0
DA:60,0
DA:62,0
DA:63,0
DA:64,0
DA:65,0
DA:66,0
DA:70,0
DA:71,0
DA:72,0
DA:75,0
DA:76,0
DA:77,0
DA:80,0
DA:81,0
DA:84,0
DA:85,0
DA:87,0
DA:89,0
DA:90,0
DA:91,0
DA:92,0
DA:95,0
DA:97,0
DA:100,0
DA:101,0
DA:104,0
DA:106,0
DA:107,0
DA:110,0
DA:113,0
DA:115,0
DA:117,0
DA:118,0
DA:119,0
DA:120,0
DA:123,0
DA:125,0
DA:126,0
DA:127,0
DA:128,0
DA:131,0
DA:132,0
DA:133,0
DA:136,0
DA:137,0
DA:138,0
DA:139,0
DA:143,0
DA:144,0
DA:145,0
DA:152,0
DA:154,0
DA:156,0
DA:157,0
DA:158,0
DA:159,0
DA:160,0
DA:166,0
DA:168,0
DA:170,0
DA:171,0
DA:172,0
DA:173,0
DA:179,0
DA:180,0
DA:182,0
DA:183,0
DA:186,0
DA:187,0
DA:191,0
DA:192,0
DA:194,0
DA:196,0
DA:197,0
DA:199,0
DA:200,0
DA:201,0
DA:202,0
DA:204,0
DA:207,0
DA:211,0
DA:212,0
DA:213,0
DA:215,0
DA:218,0
DA:219,0
DA:223,0
DA:224,0
DA:226,0
DA:227,0
DA:228,0
DA:230,0
DA:231,0
DA:232,0
DA:233,0
DA:237,0
LF:99
LH:0
BRDA:50,0,0,0
BRDA:51,1,0,0
BRDA:52,2,0,0
BRDA:55,3,0,0
BRDA:63,4,0,0
BRDA:63,4,1,0
BRDA:66,5,0,0
BRDA:66,5,1,0
BRDA:72,6,0,0
BRDA:72,6,1,0
BRDA:77,7,0,0
BRDA:77,7,1,0
BRDA:81,8,0,0
BRDA:81,8,1,0
BRDA:85,9,0,0
BRDA:85,9,1,0
BRDA:89,10,0,0
BRDA:89,10,1,0
BRDA:91,11,0,0
BRDA:91,11,1,0
BRDA:95,12,0,0
BRDA:95,12,1,0
BRDA:100,13,0,0
BRDA:100,13,1,0
BRDA:104,14,0,0
BRDA:104,14,1,0
BRDA:115,15,0,0
BRDA:115,15,1,0
BRDA:115,16,0,0
BRDA:115,16,1,0
BRDA:117,17,0,0
BRDA:117,17,1,0
BRDA:123,18,0,0
BRDA:123,18,1,0
BRDA:126,19,0,0
BRDA:126,19,1,0
BRDA:136,20,0,0
BRDA:136,20,1,0
BRDA:137,21,0,0
BRDA:137,21,1,0
BRDA:137,22,0,0
BRDA:137,22,1,0
BRDA:143,23,0,0
BRDA:143,23,1,0
BRDA:143,24,0,0
BRDA:143,24,1,0
BRDA:154,25,0,0
BRDA:154,25,1,0
BRDA:154,26,0,0
BRDA:154,26,1,0
BRDA:154,26,2,0
BRDA:157,27,0,0
BRDA:157,27,1,0
BRDA:168,28,0,0
BRDA:168,28,1,0
BRDA:168,29,0,0
BRDA:168,29,1,0
BRDA:168,29,2,0
BRDA:171,30,0,0
BRDA:171,30,1,0
BRDA:180,31,0,0
BRDA:180,31,1,0
BRDA:192,32,0,0
BRDA:192,32,1,0
BRDA:196,33,0,0
BRDA:196,33,1,0
BRDA:199,34,0,0
BRDA:199,34,1,0
BRDA:201,35,0,0
BRDA:201,35,1,0
BRDA:212,36,0,0
BRDA:212,36,1,0
BRDA:224,37,0,0
BRDA:224,37,1,0
BRF:74
BRH:0
end_of_record
TN:
SF:src/hooks/useGraphIntelligence.ts
FN:100,(anonymous_0)
FN:108,(anonymous_1)
FN:116,(anonymous_2)
FN:124,(anonymous_3)
FN:140,(anonymous_4)
FN:148,(anonymous_5)
FN:156,(anonymous_6)
FN:172,(anonymous_7)
FN:187,useGraphIntelligence
FN:202,(anonymous_9)
FN:210,(anonymous_10)
FN:218,(anonymous_11)
FN:225,(anonymous_12)
FN:232,(anonymous_13)
FN:238,(anonymous_14)
FN:239,(anonymous_15)
FN:246,(anonymous_16)
FN:248,(anonymous_17)
FN:255,(anonymous_18)
FN:257,(anonymous_19)
FN:263,(anonymous_20)
FN:267,(anonymous_21)
FN:270,(anonymous_22)
FN:274,(anonymous_23)
FN:278,(anonymous_24)
FN:282,(anonymous_25)
FN:287,(anonymous_26)
FN:294,(anonymous_27)
FN:300,(anonymous_28)
FN:304,(anonymous_29)
FNF:30
FNH:0
FNDA:0,(anonymous_0)
FNDA:0,(anonymous_1)
FNDA:0,(anonymous_2)
FNDA:0,(anonymous_3)
FNDA:0,(anonymous_4)
FNDA:0,(anonymous_5)
FNDA:0,(anonymous_6)
FNDA:0,(anonymous_7)
FNDA:0,useGraphIntelligence
FNDA:0,(anonymous_9)
FNDA:0,(anonymous_10)
FNDA:0,(anonymous_11)
FNDA:0,(anonymous_12)
FNDA:0,(anonymous_13)
FNDA:0,(anonymous_14)
FNDA:0,(anonymous_15)
FNDA:0,(anonymous_16)
FNDA:0,(anonymous_17)
FNDA:0,(anonymous_18)
FNDA:0,(anonymous_19)
FNDA:0,(anonymous_20)
FNDA:0,(anonymous_21)
FNDA:0,(anonymous_22)
FNDA:0,(anonymous_23)
FNDA:0,(anonymous_24)
FNDA:0,(anonymous_25)
FNDA:0,(anonymous_26)
FNDA:0,(anonymous_27)
FNDA:0,(anonymous_28)
FNDA:0,(anonymous_29)
DA:96,0
DA:98,0
DA:101,0
DA:104,0
DA:109,0
DA:112,0
DA:117,0
DA:120,0
DA:129,0
DA:136,0
DA:141,0
DA:144,0
DA:149,0
DA:152,0
DA:161,0
DA:168,0
DA:173,0
DA:174,0
DA:188,0
DA:189,0
DA:190,0
DA:193,0
DA:200,0
DA:202,0
DA:208,0
DA:210,0
DA:216,0
DA:218,0
DA:223,0
DA:225,0
DA:230,0
DA:232,0
DA:237,0
DA:238,0
DA:240,0
DA:245,0
DA:247,0
DA:249,0
DA:254,0
DA:256,0
DA:258,0
DA:263,0
DA:264,0
DA:267,0
DA:268,0
DA:270,0
DA:274,0
DA:275,0
DA:278,0
DA:279,0
DA:282,0
DA:283,0
DA:286,0
DA:288,0
DA:293,0
DA:295,0
DA:300,0
DA:301,0
DA:304,0
DA:305,0
DA:308,0
LF:61
LH:0
BRDA:165,0,0,0
BRDA:165,0,1,0
BRDA:187,1,0,0
BRDA:203,2,0,0
BRDA:203,2,1,0
BRDA:211,3,0,0
BRDA:211,3,1,0
BRDA:310,4,0,0
BRDA:310,4,1,0
BRDA:311,5,0,0
BRDA:311,5,1,0
BRDA:323,6,0,0
BRDA:323,6,1,0
BRDA:330,7,0,0
BRDA:330,7,1,0
BRF:15
BRH:0
end_of_record
TN:
SF:src/hooks/useKeyboardNavigation.ts
FN:46,useKeyboardNavigation
FN:61,(anonymous_1)
FN:62,(anonymous_2)
FN:111,(anonymous_3)
FN:116,(anonymous_4)
FN:127,(anonymous_5)
FN:174,(anonymous_6)
FN:177,(anonymous_7)
FN:178,(anonymous_8)
FN:186,(anonymous_9)
FN:213,useRovingTabIndex
FN:221,(anonymous_11)
FN:227,(anonymous_12)
FN:238,(anonymous_13)
FNF:14
FNH:7
FNDA:35,useKeyboardNavigation
FNDA:12,(anonymous_1)
FNDA:12,(anonymous_2)
FNDA:35,(anonymous_3)
FNDA:15,(anonymous_4)
FNDA:0,(anonymous_5)
FNDA:2,(anonymous_6)
FNDA:0,(anonymous_7)
FNDA:0,(anonymous_8)
FNDA:1,(anonymous_9)
FNDA:0,useRovingTabIndex
FNDA:0,(anonymous_11)
FNDA:0,(anonymous_12)
FNDA:0,(anonymous_13)
DA:56,35
DA:57,35
DA:58,35
DA:60,35
DA:62,12
DA:63,12
DA:65,12
DA:67,4
DA:68,1
DA:69,3
DA:70,3
DA:72,4
DA:74,4
DA:75,1
DA:76,3
DA:77,3
DA:79,4
DA:81,1
DA:82,1
DA:84,1
DA:86,1
DA:87,1
DA:89,1
DA:91,1
DA:92,1
DA:94,1
DA:95,1
DA:99,12
DA:100,2
DA:101,10
DA:102,1
DA:105,12
DA:111,35
DA:112,35
DA:115,35
DA:117,15
DA:120,15
DA:121,0
DA:122,0
DA:124,0
DA:125,0
DA:127,0
DA:128,0
DA:131,0
DA:134,15
DA:136,4
DA:137,4
DA:138,4
DA:140,4
DA:141,4
DA:142,4
DA:144,1
DA:145,1
DA:146,1
DA:148,1
DA:149,1
DA:150,1
DA:152,1
DA:153,1
DA:154,1
DA:156,1
DA:157,1
DA:158,1
DA:161,2
DA:162,2
DA:163,2
DA:165,1
DA:166,1
DA:167,1
DA:173,35
DA:174,2
DA:177,0
DA:179,0
DA:180,0
DA:186,35
DA:187,1
DA:190,35
DA:219,0
DA:221,0
DA:222,0
DA:223,0
DA:226,0
DA:228,0
DA:229,0
DA:230,0
DA:231,0
DA:237,0
DA:239,0
DA:240,0
DA:242,0
DA:244,0
DA:245,0
DA:247,0
DA:249,0
DA:251,0
DA:252,0
DA:253,0
DA:254,0
DA:256,0
DA:257,0
DA:258,0
DA:259,0
DA:261,0
DA:262,0
DA:263,0
DA:265,0
DA:266,0
DA:267,0
DA:269,0
DA:272,0
DA:277,0
LF:111
LH:67
BRDA:48,0,0,18
BRDA:49,1,0,31
BRDA:50,2,0,30
BRDA:53,3,0,14
BRDA:54,4,0,35
BRDA:65,5,0,4
BRDA:65,5,1,4
BRDA:65,5,2,1
BRDA:65,5,3,1
BRDA:65,5,4,1
BRDA:65,5,5,1
BRDA:67,6,0,1
BRDA:67,6,1,3
BRDA:69,7,0,3
BRDA:69,7,1,0
BRDA:74,8,0,1
BRDA:74,8,1,3
BRDA:76,9,0,3
BRDA:76,9,1,0
BRDA:81,10,0,1
BRDA:81,10,1,0
BRDA:81,11,0,1
BRDA:81,11,1,1
BRDA:86,12,0,1
BRDA:86,12,1,0
BRDA:86,13,0,1
BRDA:86,13,1,1
BRDA:99,14,0,2
BRDA:99,14,1,10
BRDA:100,15,0,1
BRDA:100,15,1,1
BRDA:101,16,0,1
BRDA:101,16,1,9
BRDA:102,17,0,1
BRDA:102,17,1,0
BRDA:120,18,0,0
BRDA:120,18,1,15
BRDA:120,19,0,15
BRDA:120,19,1,0
BRDA:120,19,2,0
BRDA:120,19,3,0
BRDA:124,20,0,0
BRDA:124,20,1,0
BRDA:134,21,0,4
BRDA:134,21,1,4
BRDA:134,21,2,1
BRDA:134,21,3,1
BRDA:134,21,4,1
BRDA:134,21,5,1
BRDA:134,21,6,1
BRDA:134,21,7,2
BRDA:134,21,8,1
BRDA:175,22,0,1
BRDA:175,22,1,1
BRDA:215,23,0,0
BRDA:216,24,0,0
BRDA:217,25,0,0
BRDA:222,26,0,0
BRDA:222,26,1,0
BRDA:229,27,0,0
BRDA:229,27,1,0
BRDA:242,28,0,0
BRDA:242,28,1,0
BRDA:244,29,0,0
BRDA:244,29,1,0
BRDA:245,30,0,0
BRDA:245,30,1,0
BRDA:249,31,0,0
BRDA:249,31,1,0
BRDA:249,31,2,0
BRDA:249,31,3,0
BRDA:249,31,4,0
BRDA:253,32,0,0
BRDA:253,32,1,0
BRDA:253,33,0,0
BRDA:253,33,1,0
BRDA:258,34,0,0
BRDA:258,34,1,0
BRDA:258,35,0,0
BRDA:258,35,1,0
BRF:80
BRH:43
end_of_record
TN:
SF:src/hooks/useMediaQuery.ts
FN:14,useMediaQuery
FN:15,(anonymous_1)
FN:22,(anonymous_2)
FN:28,(anonymous_3)
FN:35,(anonymous_4)
FN:39,(anonymous_5)
FN:49,useBreakpoint
FN:75,usePrefersReducedMotion
FN:82,usePrefersDarkMode
FN:89,usePrefersHighContrast
FN:98,useCurrentBreakpoint
FN:111,useResponsiveValue
FN:114,(anonymous_12)
FN:140,useWindowSize
FN:141,(anonymous_14)
FN:151,(anonymous_15)
FN:156,(anonymous_16)
FN:159,(anonymous_17)
FN:168,(anonymous_18)
FN:180,useIsTouchDevice
FN:183,(anonymous_20)
FN:184,(anonymous_21)
FN:203,useOrientation
FNF:23
FNH:0
FNDA:0,useMediaQuery
FNDA:0,(anonymous_1)
FNDA:0,(anonymous_2)
FNDA:0,(anonymous_3)
FNDA:0,(anonymous_4)
FNDA:0,(anonymous_5)
FNDA:0,useBreakpoint
FNDA:0,usePrefersReducedMotion
FNDA:0,usePrefersDarkMode
FNDA:0,usePrefersHighContrast
FNDA:0,useCurrentBreakpoint
FNDA:0,useResponsiveValue
FNDA:0,(anonymous_12)
FNDA:0,useWindowSize
FNDA:0,(anonymous_14)
FNDA:0,(anonymous_15)
FNDA:0,(anonymous_16)
FNDA:0,(anonymous_17)
FNDA:0,(anonymous_18)
FNDA:0,useIsTouchDevice
FNDA:0,(anonymous_20)
FNDA:0,(anonymous_21)
FNDA:0,useOrientation
DA:15,0
DA:16,0
DA:17,0
DA:19,0
DA:22,0
DA:23,0
DA:25,0
DA:26,0
DA:28,0
DA:29,0
DA:33,0
DA:34,0
DA:35,0
DA:38,0
DA:39,0
DA:43,0
DA:50,0
DA:51,0
DA:54,0
DA:55,0
DA:56,0
DA:58,0
DA:76,0
DA:83,0
DA:90,0
DA:99,0
DA:101,0
DA:102,0
DA:103,0
DA:104,0
DA:105,0
DA:112,0
DA:114,0
DA:116,0
DA:117,0
DA:119,0
DA:120,0
DA:121,0
DA:122,0
DA:126,0
DA:129,0
DA:141,0
DA:142,0
DA:143,0
DA:148,0
DA:151,0
DA:152,0
DA:156,0
DA:158,0
DA:159,0
DA:160,0
DA:167,0
DA:168,0
DA:169,0
DA:170,0
DA:174,0
DA:181,0
DA:183,0
DA:184,0
DA:185,0
DA:192,0
DA:195,0
DA:204,0
DA:205,0
LF:64
LH:0
BRDA:16,0,0,0
BRDA:16,0,1,0
BRDA:23,1,0,0
BRDA:23,1,1,0
BRDA:33,2,0,0
BRDA:33,2,1,0
BRDA:66,3,0,0
BRDA:66,3,1,0
BRDA:66,3,2,0
BRDA:67,4,0,0
BRDA:67,4,1,0
BRDA:101,5,0,0
BRDA:101,5,1,0
BRDA:102,6,0,0
BRDA:102,6,1,0
BRDA:103,7,0,0
BRDA:103,7,1,0
BRDA:104,8,0,0
BRDA:104,8,1,0
BRDA:121,9,0,0
BRDA:121,9,1,0
BRDA:142,10,0,0
BRDA:142,10,1,0
BRDA:152,11,0,0
BRDA:152,11,1,0
BRDA:186,12,0,0
BRDA:186,12,1,0
BRDA:186,12,2,0
BRDA:205,13,0,0
BRDA:205,13,1,0
BRF:30
BRH:0
end_of_record
TN:
SF:src/pages/GraphIntelligence.tsx
FN:50,(anonymous_0)
FN:55,(anonymous_1)
FN:62,(anonymous_2)
FN:66,(anonymous_3)
FN:83,CustomTabPanel
FN:99,(anonymous_5)
FN:132,(anonymous_6)
FN:140,(anonymous_7)
FN:145,(anonymous_8)
FN:175,(anonymous_9)
FN:196,(anonymous_10)
FN:206,(anonymous_11)
FN:219,(anonymous_12)
FN:365,(anonymous_13)
FN:367,(anonymous_14)
FN:368,(anonymous_15)
FN:369,(anonymous_16)
FN:371,(anonymous_17)
FN:414,(anonymous_18)
FN:440,(anonymous_19)
FN:467,(anonymous_20)
FN:524,(anonymous_21)
FNF:22
FNH:0
FNDA:0,(anonymous_0)
FNDA:0,(anonymous_1)
FNDA:0,(anonymous_2)
FNDA:0,(anonymous_3)
FNDA:0,CustomTabPanel
FNDA:0,(anonymous_5)
FNDA:0,(anonymous_6)
FNDA:0,(anonymous_7)
FNDA:0,(anonymous_8)
FNDA:0,(anonymous_9)
FNDA:0,(anonymous_10)
FNDA:0,(anonymous_11)
FNDA:0,(anonymous_12)
FNDA:0,(anonymous_13)
FNDA:0,(anonymous_14)
FNDA:0,(anonymous_15)
FNDA:0,(anonymous_16)
FNDA:0,(anonymous_17)
FNDA:0,(anonymous_18)
FNDA:0,(anonymous_19)
FNDA:0,(anonymous_20)
FNDA:0,(anonymous_21)
DA:50,0
DA:55,0
DA:62,0
DA:66,0
DA:84,0
DA:86,0
DA:99,0
DA:100,0
DA:101,0
DA:102,0
DA:103,0
DA:104,0
DA:126,0
DA:132,0
DA:133,0
DA:135,0
DA:136,0
DA:140,0
DA:141,0
DA:145,0
DA:146,0
DA:150,0
DA:157,0
DA:158,0
DA:165,0
DA:175,0
DA:196,0
DA:206,0
DA:219,0
DA:365,0
DA:367,0
DA:369,0
DA:371,0
DA:414,0
DA:440,0
DA:468,0
DA:525,0
LF:37
LH:0
BRDA:94,0,0,0
BRDA:94,0,1,0
BRDA:127,1,0,0
BRDA:127,1,1,0
BRDA:136,2,0,0
BRDA:136,2,1,0
BRDA:151,3,0,0
BRDA:151,3,1,0
BRDA:152,4,0,0
BRDA:152,4,1,0
BRDA:153,5,0,0
BRDA:153,5,1,0
BRDA:154,6,0,0
BRDA:154,6,1,0
BRDA:157,7,0,0
BRDA:157,7,1,0
BRDA:200,8,0,0
BRDA:200,8,1,0
BRDA:208,9,0,0
BRDA:208,9,1,0
BRDA:297,10,0,0
BRDA:297,10,1,0
BRDA:306,11,0,0
BRDA:306,11,1,0
BRDA:349,12,0,0
BRDA:349,12,1,0
BRDA:363,13,0,0
BRDA:363,13,1,0
BRDA:374,14,0,0
BRDA:374,14,1,0
BRDA:401,15,0,0
BRDA:401,15,1,0
BRDA:405,16,0,0
BRDA:405,16,1,0
BRDA:414,17,0,0
BRDA:414,17,1,0
BRDA:418,18,0,0
BRDA:418,18,1,0
BRDA:420,19,0,0
BRDA:420,19,1,0
BRDA:421,20,0,0
BRDA:421,20,1,0
BRDA:422,21,0,0
BRDA:422,21,1,0
BRDA:431,22,0,0
BRDA:431,22,1,0
BRDA:440,23,0,0
BRDA:440,23,1,0
BRDA:442,24,0,0
BRDA:442,24,1,0
BRDA:444,25,0,0
BRDA:444,25,1,0
BRDA:445,26,0,0
BRDA:445,26,1,0
BRDA:455,27,0,0
BRDA:455,27,1,0
BRDA:455,27,2,0
BRDA:477,28,0,0
BRDA:477,28,1,0
BRDA:477,29,0,0
BRDA:477,29,1,0
BRDA:495,30,0,0
BRDA:495,30,1,0
BRDA:495,30,2,0
BRDA:503,31,0,0
BRDA:503,31,1,0
BRDA:508,32,0,0
BRDA:508,32,1,0
BRDA:512,33,0,0
BRDA:512,33,1,0
BRDA:516,34,0,0
BRDA:516,34,1,0
BRF:72
BRH:0
end_of_record
TN:
SF:src/pages/ThreatAnalysis.tsx
FN:50,(anonymous_0)
FN:55,(anonymous_1)
FN:62,(anonymous_2)
FN:76,(anonymous_3)
FN:103,(anonymous_4)
FN:125,(anonymous_5)
FN:146,(anonymous_6)
FN:184,(anonymous_7)
FN:187,(anonymous_8)
FNF:9
FNH:0
FNDA:0,(anonymous_0)
FNDA:0,(anonymous_1)
FNDA:0,(anonymous_2)
FNDA:0,(anonymous_3)
FNDA:0,(anonymous_4)
FNDA:0,(anonymous_5)
FNDA:0,(anonymous_6)
FNDA:0,(anonymous_7)
FNDA:0,(anonymous_8)
DA:50,0
DA:55,0
DA:62,0
DA:76,0
DA:77,0
DA:78,0
DA:79,0
DA:97,0
DA:103,0
DA:104,0
DA:107,0
DA:108,0
DA:115,0
DA:125,0
DA:146,0
DA:185,0
DA:187,0
LF:17
LH:0
BRDA:98,0,0,0
BRDA:98,0,1,0
BRDA:107,1,0,0
BRDA:107,1,1,0
BRDA:150,2,0,0
BRDA:150,2,1,0
BRDA:193,3,0,0
BRDA:193,3,1,0
BRDA:194,4,0,0
BRDA:194,4,1,0
BRDA:195,5,0,0
BRDA:195,5,1,0
BRDA:207,6,0,0
BRDA:207,6,1,0
BRDA:214,7,0,0
BRDA:214,7,1,0
BRDA:222,8,0,0
BRDA:222,8,1,0
BRDA:226,9,0,0
BRDA:226,9,1,0
BRDA:228,10,0,0
BRDA:228,10,1,0
BRDA:228,10,2,0
BRDA:229,11,0,0
BRDA:229,11,1,0
BRDA:230,12,0,0
BRDA:230,12,1,0
BRDA:231,13,0,0
BRDA:231,13,1,0
BRDA:232,14,0,0
BRDA:232,14,1,0
BRDA:233,15,0,0
BRDA:233,15,1,0
BRDA:234,16,0,0
BRDA:234,16,1,0
BRDA:261,17,0,0
BRDA:261,17,1,0
BRDA:277,18,0,0
BRDA:277,18,1,0
BRDA:293,19,0,0
BRDA:293,19,1,0
BRDA:309,20,0,0
BRDA:309,20,1,0
BRDA:323,21,0,0
BRDA:323,21,1,0
BRDA:329,22,0,0
BRDA:329,22,1,0
BRDA:333,23,0,0
BRDA:333,23,1,0
BRDA:349,24,0,0
BRDA:349,24,1,0
BRDA:355,25,0,0
BRDA:355,25,1,0
BRDA:374,26,0,0
BRDA:374,26,1,0
BRDA:380,27,0,0
BRDA:380,27,1,0
BRDA:384,28,0,0
BRDA:384,28,1,0
BRF:59
BRH:0
end_of_record
TN:
SF:src/types/index.ts
FNF:0
FNH:0
LF:0
LH:0
BRF:0
BRH:0
end_of_record
TN:
SF:src/utils/a11y.ts
FN:18,getLuminance
FN:22,(anonymous_1)
FN:36,getContrastRatio
FN:48,meetsWCAG_AA
FN:61,meetsWCAG_AAA
FN:73,hexToRgb
FN:87,getAccessibleTextColor
FN:111,getFocusableElements
FN:118,getFirstFocusable
FN:126,getLastFocusable
FN:134,moveFocus
FN:161,createFocusManager
FN:165,(anonymous_12)
FN:168,(anonymous_13)
FN:172,(anonymous_14)
FN:186,generateId
FN:193,linkAriaDescribedBy
FN:204,(anonymous_17)
FN:209,(anonymous_18)
FN:223,getAccessibleName
FN:233,(anonymous_20)
FN:255,prefersReducedMotion
FN:263,getAnimationDuration
FN:270,getTransition
FN:281,verifyThemeContrast
FNF:25
FNH:10
FNDA:34,getLuminance
FNDA:102,(anonymous_1)
FNDA:13,getContrastRatio
FNDA:6,meetsWCAG_AA
FNDA:2,meetsWCAG_AAA
FNDA:40,hexToRgb
FNDA:5,getAccessibleTextColor
FNDA:0,getFocusableElements
FNDA:0,getFirstFocusable
FNDA:0,getLastFocusable
FNDA:0,moveFocus
FNDA:0,createFocusManager
FNDA:0,(anonymous_12)
FNDA:0,(anonymous_13)
FNDA:0,(anonymous_14)
FNDA:4,generateId
FNDA:0,linkAriaDescribedBy
FNDA:0,(anonymous_17)
FNDA:0,(anonymous_18)
FNDA:0,getAccessibleName
FNDA:0,(anonymous_20)
FNDA:3,prefersReducedMotion
FNDA:2,getAnimationDuration
FNDA:0,getTransition
FNDA:0,verifyThemeContrast
DA:19,34
DA:20,34
DA:22,34
DA:23,102
DA:24,102
DA:29,34
DA:37,13
DA:38,13
DA:39,13
DA:40,13
DA:41,13
DA:53,6
DA:54,6
DA:66,2
DA:67,2
DA:74,40
DA:75,40
DA:88,5
DA:89,5
DA:96,1
DA:112,0
DA:119,0
DA:120,0
DA:127,0
DA:128,0
DA:139,0
DA:140,0
DA:143,0
DA:144,0
DA:145,0
DA:146,0
DA:149,0
DA:150,0
DA:151,0
DA:155,0
DA:162,0
DA:164,0
DA:166,0
DA:169,0
DA:170,0
DA:173,0
DA:185,1
DA:187,4
DA:197,0
DA:198,0
DA:200,0
DA:201,0
DA:202,0
DA:204,0
DA:205,0
DA:206,0
DA:207,0
DA:209,0
DA:211,0
DA:212,0
DA:214,0
DA:225,0
DA:226,0
DA:229,0
DA:230,0
DA:231,0
DA:233,0
DA:235,0
DA:239,0
DA:240,0
DA:241,0
DA:245,0
DA:256,3
DA:257,3
DA:264,2
DA:271,0
DA:282,0
DA:283,0
DA:286,0
DA:291,0
DA:297,0
DA:298,0
DA:299,0
DA:300,0
DA:306,0
LF:80
LH:25
BRDA:20,0,0,0
BRDA:20,0,1,34
BRDA:24,1,0,23
BRDA:24,1,1,79
BRDA:51,2,0,4
BRDA:54,3,0,1
BRDA:54,3,1,5
BRDA:64,4,0,2
BRDA:67,5,0,0
BRDA:67,5,1,2
BRDA:75,6,0,38
BRDA:75,6,1,2
BRDA:89,7,0,3
BRDA:89,7,1,2
BRDA:120,8,0,0
BRDA:120,8,1,0
BRDA:128,9,0,0
BRDA:128,9,1,0
BRDA:137,10,0,0
BRDA:143,11,0,0
BRDA:143,11,1,0
BRDA:145,12,0,0
BRDA:145,12,1,0
BRDA:146,13,0,0
BRDA:146,13,1,0
BRDA:150,14,0,0
BRDA:150,14,1,0
BRDA:151,15,0,0
BRDA:151,15,1,0
BRDA:186,16,0,3
BRDA:197,17,0,0
BRDA:197,17,1,0
BRDA:201,18,0,0
BRDA:201,18,1,0
BRDA:206,19,0,0
BRDA:206,19,1,0
BRDA:211,20,0,0
BRDA:211,20,1,0
BRDA:226,21,0,0
BRDA:226,21,1,0
BRDA:230,22,0,0
BRDA:230,22,1,0
BRDA:235,23,0,0
BRDA:235,23,1,0
BRDA:239,24,0,0
BRDA:239,24,1,0
BRDA:241,25,0,0
BRDA:241,25,1,0
BRDA:241,26,0,0
BRDA:241,26,1,0
BRDA:245,27,0,0
BRDA:245,27,1,0
BRDA:256,28,0,0
BRDA:256,28,1,3
BRDA:264,29,0,1
BRDA:264,29,1,1
BRDA:271,30,0,0
BRDA:271,30,1,0
BRF:58
BRH:16
end_of_record
TN:
SF:src/utils/animations.ts
FN:362,(anonymous_0)
FN:610,(anonymous_1)
FN:617,(anonymous_2)
FN:631,(anonymous_3)
FN:643,(anonymous_4)
FN:651,(anonymous_5)
FNF:6
FNH:0
FNDA:0,(anonymous_0)
FNDA:0,(anonymous_1)
FNDA:0,(anonymous_2)
FNDA:0,(anonymous_3)
FNDA:0,(anonymous_4)
FNDA:0,(anonymous_5)
DA:14,2
DA:62,2
DA:87,2
DA:99,2
DA:113,2
DA:127,2
DA:145,2
DA:161,2
DA:177,2
DA:195,2
DA:223,2
DA:252,2
DA:264,2
DA:281,2
DA:299,2
DA:311,2
DA:327,2
DA:339,2
DA:351,2
DA:360,2
DA:362,0
DA:377,2
DA:406,2
DA:432,2
DA:451,2
DA:463,2
DA:487,2
DA:507,2
DA:521,2
DA:533,2
DA:549,2
DA:563,2
DA:579,2
DA:610,2
DA:611,0
DA:617,2
DA:621,0
DA:631,2
DA:634,0
DA:643,2
DA:651,2
LF:41
LH:37
BRDA:610,0,0,0
BRDA:618,1,0,0
BRDA:619,2,0,0
BRDA:620,3,0,0
BRDA:632,4,0,0
BRDA:633,5,0,0
BRDA:643,6,0,0
BRDA:651,7,0,0
BRDA:651,8,0,0
BRF:9
BRH:0
end_of_record
TN:
SF:src/utils/theme.ts
FN:275,(anonymous_0)
FN:793,(anonymous_1)
FN:840,(anonymous_2)
FN:847,(anonymous_3)
FNF:4
FNH:0
FNDA:0,(anonymous_0)
FNDA:0,(anonymous_1)
FNDA:0,(anonymous_2)
FNDA:0,(anonymous_3)
DA:14,11
DA:59,11
DA:231,11
DA:273,11
DA:275,0
DA:350,11
DA:787,11
DA:793,11
DA:840,11
DA:841,0
DA:847,11
DA:848,0
DA:853,0
LF:13
LH:9
BRDA:275,0,0,0
BRDA:847,1,0,0
BRF:2
BRH:0
end_of_record
TN:
SF:src/utils/validation.ts
FN:22,(anonymous_0)
FN:23,(anonymous_1)
FN:32,(anonymous_2)
FN:33,(anonymous_3)
FN:45,(anonymous_4)
FN:46,(anonymous_5)
FN:58,(anonymous_6)
FN:59,(anonymous_7)
FN:71,(anonymous_8)
FN:79,(anonymous_9)
FN:80,(anonymous_10)
FN:93,(anonymous_11)
FN:94,(anonymous_12)
FN:106,(anonymous_13)
FN:107,(anonymous_14)
FN:119,(anonymous_15)
FN:120,(anonymous_16)
FN:133,(anonymous_17)
FN:134,(anonymous_18)
FN:147,(anonymous_19)
FN:151,(anonymous_20)
FN:164,(anonymous_21)
FN:172,(anonymous_22)
FN:181,(anonymous_23)
FN:190,(anonymous_24)
FN:209,(anonymous_25)
FN:210,(anonymous_26)
FN:224,(anonymous_27)
FN:225,(anonymous_28)
FN:250,validateForm
FN:272,formatErrorForScreenReader
FN:279,getAriaDescribedBy
FNF:32
FNH:29
FNDA:9,(anonymous_0)
FNDA:15,(anonymous_1)
FNDA:4,(anonymous_2)
FNDA:9,(anonymous_3)
FNDA:2,(anonymous_4)
FNDA:5,(anonymous_5)
FNDA:11,(anonymous_6)
FNDA:24,(anonymous_7)
FNDA:5,(anonymous_8)
FNDA:1,(anonymous_9)
FNDA:4,(anonymous_10)
FNDA:1,(anonymous_11)
FNDA:5,(anonymous_12)
FNDA:1,(anonymous_13)
FNDA:2,(anonymous_14)
FNDA:1,(anonymous_15)
FNDA:3,(anonymous_16)
FNDA:1,(anonymous_17)
FNDA:3,(anonymous_18)
FNDA:1,(anonymous_19)
FNDA:2,(anonymous_20)
FNDA:1,(anonymous_21)
FNDA:1,(anonymous_22)
FNDA:0,(anonymous_23)
FNDA:3,(anonymous_24)
FNDA:7,(anonymous_25)
FNDA:11,(anonymous_26)
FNDA:2,(anonymous_27)
FNDA:4,(anonymous_28)
FNDA:3,validateForm
FNDA:0,formatErrorForScreenReader
FNDA:0,getAriaDescribedBy
DA:22,1
DA:23,15
DA:32,1
DA:33,4
DA:34,9
DA:35,9
DA:45,1
DA:46,2
DA:47,5
DA:48,5
DA:58,1
DA:59,11
DA:60,24
DA:61,24
DA:71,1
DA:72,5
DA:73,5
DA:79,1
DA:80,1
DA:81,4
DA:82,4
DA:83,3
DA:85,1
DA:93,1
DA:94,1
DA:95,5
DA:96,5
DA:106,1
DA:107,1
DA:108,2
DA:109,2
DA:119,1
DA:120,1
DA:121,3
DA:122,3
DA:123,3
DA:133,1
DA:134,1
DA:135,3
DA:136,3
DA:137,3
DA:147,1
DA:151,2
DA:164,1
DA:165,1
DA:166,1
DA:172,1
DA:174,1
DA:175,1
DA:181,1
DA:183,0
DA:184,0
DA:190,1
DA:191,3
DA:197,3
DA:198,3
DA:199,3
DA:209,1
DA:210,7
DA:211,11
DA:212,20
DA:213,20
DA:214,8
DA:217,3
DA:224,1
DA:225,2
DA:226,4
DA:227,2
DA:229,2
DA:253,3
DA:254,3
DA:256,3
DA:257,5
DA:258,5
DA:260,5
DA:261,3
DA:262,3
DA:266,3
DA:273,0
DA:284,0
DA:286,0
DA:287,0
DA:289,0
DA:290,0
DA:293,0
LF:85
LH:76
BRDA:22,0,0,7
BRDA:24,1,0,15
BRDA:24,1,1,15
BRDA:24,1,2,15
BRDA:25,2,0,9
BRDA:25,2,1,6
BRDA:37,3,0,4
BRDA:37,3,1,5
BRDA:37,4,0,5
BRDA:37,4,1,4
BRDA:50,5,0,3
BRDA:50,5,1,2
BRDA:50,6,0,2
BRDA:50,6,1,2
BRDA:63,7,0,14
BRDA:63,7,1,10
BRDA:71,8,0,5
BRDA:79,9,0,1
BRDA:93,10,0,1
BRDA:95,11,0,5
BRDA:95,11,1,4
BRDA:98,12,0,3
BRDA:98,12,1,2
BRDA:106,13,0,1
BRDA:108,14,0,2
BRDA:108,14,1,1
BRDA:111,15,0,1
BRDA:111,15,1,1
BRDA:122,16,0,3
BRDA:122,16,1,3
BRDA:125,17,0,2
BRDA:125,17,1,1
BRDA:125,18,0,1
BRDA:125,18,1,1
BRDA:136,19,0,3
BRDA:136,19,1,3
BRDA:139,20,0,2
BRDA:139,20,1,1
BRDA:139,21,0,1
BRDA:139,21,1,1
BRDA:153,22,0,1
BRDA:153,22,1,1
BRDA:164,23,0,1
BRDA:172,24,0,1
BRDA:181,25,0,0
BRDA:199,26,0,3
BRDA:199,26,1,3
BRDA:213,27,0,8
BRDA:213,27,1,12
BRDA:226,28,0,2
BRDA:226,28,1,2
BRDA:226,29,0,4
BRDA:226,29,1,4
BRDA:226,29,2,4
BRDA:260,30,0,3
BRDA:260,30,1,2
BRDA:260,31,0,5
BRDA:260,31,1,3
BRDA:286,32,0,0
BRDA:286,32,1,0
BRDA:289,33,0,0
BRDA:289,33,1,0
BRDA:293,34,0,0
BRDA:293,34,1,0
BRF:64
BRH:57
end_of_record
